Warning message:
package 'tidyr' was built under R version 4.0.5 

Attaching package: 'dplyr'

The following objects are masked from 'package:stats':

    filter, lag

The following objects are masked from 'package:base':

    intersect, setdiff, setequal, union

Warning message:
package 'dplyr' was built under R version 4.0.5 
Loading required package: httr
[1] "KICK-OFF :  2022-04-12 08:45:02"
Your original .Renviron will be backed up and stored in your R HOME directory if needed.
Your API key has been stored in your .Renviron file and can be accessed by `Sys.getenv('FMP_API_KEY')`
To use now, restart R or run `readRenviron('~/.Renviron')`
[1] "ce687b3fe0554890e65d6a5e48f601f9"
There were 13 warnings (use warnings() to see them)
[1] "AAPL"
[1] "MSFT"
[1] "MSF.BR"
[1] "GOOG"
[1] "GOOGL"
[1] "AMZN"
[1] "TSLA"
[1] "VTSAX"
[1] "BRK-A"
[1] "BRK-B"
[1] "FB"
[1] "NVDA"
[1] "TSM"
[1] "UNH"
[1] "JNJ"
[1] "V"
[1] "PETR4.SA"
[1] "PETR3.SA"
[1] "VALE3.SA"
[1] "WMT"
[1] "JPM"
[1] "PG"
[1] "XOM"
[1] "MA"
[1] "JPM-PC"
[1] "CHTEX.BR"
[1] "JPM-PD"
[1] "CVX"
[1] "BAC"
[1] "HD"
[1] "MC.PA"
[1] "PFE"
[1] "ABBV"
[1] "LLY"
[1] "GJS"
[1] "BABA"
[1] "KO"
[1] "NVO"
[1] "BHP"
[1] "BML-PG"
[1] "BML-PH"
[1] "COST"
[1] "BML-PL"
[1] "BAC-PB"
[1] "BAC-PE"
[1] "BAC-PK"
[1] "BAC-PL"
[1] "ASML"
[1] "ITUB4.SA"
[1] "ABEV3.SA"
[1] "PEP"
[1] "DIS"
[1] "AVGO"
[1] "BML-PJ"
[1] "TM"
[1] "TMO"
[1] "VZ"
[1] "CSCO"
[1] "MRK"
[1] "AZN"
[1] "CMCSA"
[1] "CIS.BR"
[1] "SHEL"
[1] "ORCL"
[1] "ABT"
[1] "NVS"
[1] "DHR"
[1] "BBDC3.SA"
[1] "BBDC4.SA"
[1] "ACN"
[1] "ADBE"
[1] "WFC-PY"
[1] "MRK.PA"
[1] "WFC-PL"
[1] "WFC-PQ"
[1] "NKE"
[1] "RDS-B"
[1] "RDS-A"
[1] "RY.TO"
[1] "INCO.BR"
[1] "CRM"
[1] "OR.PA"
[1] "RY-PZ.TO"
[1] "WFC-PR"
[1] "INTC"
[1] "WFC"
[1] "MCD"
[1] "DHR-PA"
[1] "TD.TO"
[1] "RDSB.AS"
[1] "RDSA.AS"
[1] "NEE"
[1] "UPS"
[1] "TD-PFK.TO"
[1] "TMUS"
[1] "BMY"
[1] "BBL"
[1] "LIN"
[1] "TXN"
[1] "TD-PFI.TO"
[1] "AMD"
[1] "PM"
[1] "RY"
[1] "SANB11.SA"
[1] "SCHW"
[1] "NFLX"
[1] "QCOM"
[1] "UNP"
[1] "TBB"
[1] "RTX"
[1] "MDT"
[1] "MS"
[1] "C-PJ"
[1] "PTR"
[1] "SNY"
[1] "SPGI"
[1] "TD-PFL.TO"
[1] "T"
[1] "HSBC"
[1] "TD"
[1] "CVS"
[1] "BX"
[1] "WEGE3.SA"
[1] "LOW"
[1] "AXP"
[1] "AMGN"
[1] "INTU"
[1] "RMS.PA"
[1] "TTE"
[1] "RIO"
[1] "HON"
[1] "SAN.PA"
[1] "DE"
[1] "PYPL"
[1] "SAP"
[1] "COP"
[1] "LMT"
[1] "ANTM"
[1] "PLD"
[1] "SMMCX"
[1] "WFC-PC"
[1] "AMT"
[1] "DEO"
[1] "EQNR"
[1] "TTE.PA"
[1] "KLBN11.SA"
[1] "QUAYX"
[1] "BUD"
[1] "UL"
[1] "GSK"
[1] "ENB.TO"
[1] "CAT"
[1] "SONY"
[1] "HDB"
[1] "CSXCX"
[1] "BOEI.BR"
[1] "IBM"
[1] "BLK"
[1] "CNR.TO"
[1] "DGE.PA"
[1] "GS"
[1] "ABI.BR"
[1] "BAM-A.TO"
[1] "CHTR"
[1] "CATR.PA"
[1] "CDI.PA"
[1] "TGT"
[1] "BNS.TO"
[1] "ISRG"
[1] "BA"
[1] "RY-PT"
[1] "ABNB"
[1] "AMAT"
[1] "NOW"
[1] "PBR"
[1] "JD"
[1] "RRTVX"
[1] "FIRVX"
[1] "MSGTX"
[1] "BBAS3.SA"
[1] "C"
[1] "SYK"
[1] "VALE"
[1] "GE"
[1] "MO"
[1] "LFC"
[1] "SHOP.TO"
[1] "BTI"
[1] "INFY"
[1] "BMO.TO"
[1] "BP"
[1] "ADP"
[1] "VWAP.BR"
[1] "EL"
[1] "ENB"
[1] "SIA.BR"
[1] "VWA.BR"
[1] "SBUX"
[1] "CNQ.TO"
[1] "CB"
[1] "ZTS"
[1] "ITSA4.SA"
[1] "ITSA3.SA"
[1] "B3SA3.SA"
[1] "VIVT3.SA"
[1] "GNE.PA"
[1] "RDOR3.SA"
[1] "BKNG"
[1] "DUK"
[1] "CP.TO"
[1] "MDLZ"
[1] "CFWIX"
[1] "CNI"
[1] "MMC"
[1] "CME"
[1] "BAM"
[1] "JTSCX"
[1] "D05.SI"
[1] "JBSS3.SA"
[1] "MMM"
[1] "DODGX"
[1] "BPAC11.SA"
[1] "CCI"
[1] "KMDVX"
[1] "DTEL.BR"
[1] "GIBIX"
[1] "USB-PH"
[1] "BNS"
[1] "AIR.PA"
[1] "GNL-PB"
[1] "NGT.TO"
[1] "ADI"
[1] "CI"
[1] "PBR-A"
[1] "MU"
[1] "SO"
[1] "USB-PP"
[1] "REGN"
[1] "HAPV3.SA"
[1] "SU.PA"
[1] "HCA"
[1] "GILD"
[1] "SHOP"
[1] "BMO"
[1] "PNC"
[1] "SNP"
[1] "CTA-PB"
[1] "EW"
[1] "TCMIX"
[1] "BDX"
[1] "USB"
[1] "AI.PA"
[1] "MUFG"
[1] "FDCGX"
[1] "GS-PA"
[1] "USB-PM"
[1] "MS-PA"
[1] "BLTSU"
[1] "POGRX"
[1] "NTR.TO"
[1] "CSX"
[1] "TBCIX"
[1] "RBRCX"
[1] "TRBCX"
[1] "SUZB3.SA"
[1] "CNQ"
[1] "TJX"
[1] "GS-PD"
[1] "NOC"
[1] "FMX"
[1] "VRTX"
[1] "ICE"
[1] "PABGX"
[1] "SQ"
[1] "AON"
[1] "TFC"
[1] "TRP.TO"
[1] "EOG"
[1] "EL.PA"
[1] "D"
[1] "AMX"
[1] "BCE-PY.TO"
[1] "PSA"
[1] "AMOV"
[1] "BCE-PA.TO"
[1] "CP"
[1] "EQIX"
[1] "FCX"
[1] "PGR"
[1] "GS-PJ"
[1] "MS-PI"
[1] "TEAM"
[1] "IBN"
[1] "MS-PK"
[1] "WM"
[1] "GRNVU"
[1] "RRBGX"
[1] "SHW"
[1] "GD"
[1] "CL"
[1] "MS-PF"
[1] "PRUFX"
[1] "NSC"
[1] "PRGFX"
[1] "GS-PK"
[1] "BCE.TO"
[1] "LRCX"
[1] "MS-PE"
[1] "TRI.TO"
[1] "CM.TO"
[1] "SNOW"
[1] "IBE.MC"
[1] "KER.PA"
[1] "FISV"
[1] "ELET6.SA"
[1] "ELET3.SA"
[1] "TRSAX"
[1] "MRNA"
[1] "NEM"
[1] "NTES"
[1] "DODFX"
[1] "SE"
[1] "UBS"
[1] "BSX"
[1] "CS.PA"
[1] "DUK-PA"
[1] "UBER"
[1] "ITW"
[1] "FIS"
[1] "DCUE"
[1] "CTA-PA"
[1] "ITX.MC"
[1] "RRGSX"
[1] "MCO"
[1] "ATVI"
[1] "RELX"
[1] "PXD"
[1] "F"
[1] "FBAKX"
[1] "NNGAX"
[1] "ABB"
[1] "BNP.PA"
[1] "SPG-PJ"
[1] "ATD.TO"
[1] "PANW"
[1] "NTR"
[1] "JAENX"
[1] "FFTHX"
[1] "CNU.TO"
[1] "GM"
[1] "JGISX"
[1] "SLB"
[1] "MET"
[1] "SAN"
[1] "SU.TO"
[1] "NGG"
[1] "BSBR"
[1] "EPD"
[1] "HUM"
[1] "ABX.TO"
[1] "WDAY"
[1] "SCCO"
[1] "ETN"
[1] "MELI"
[1] "TRP"
[1] "CCZ"
[1] "SNAP"
[1] "APD"
[1] "EMR"
[1] "ILMN"
[1] "DG"
[1] "ITUB"
[1] "SLB.PA"
[1] "OXY"
[1] "SANTA.BR"
[1] "O39.SI"
[1] "SAN.MC"
[1] "MRVL"
[1] "COF"
[1] "DSY.PA"
[1] "KDP"
[1] "CEO"
[1] "ADM"
[1] "MAR"
[1] "SRE"
[1] "E"
[1] "BCE"
[1] "PDD"
[1] "FDX"
[1] "ATD-B.TO"
[1] "FTNT"
[1] "TRI"
[1] "CM"
[1] "ABEV"
[1] "MFC.TO"
[1] "WBK"
[1] "U11.SI"
[1] "AEP"
[1] "BBSE3.SA"
[1] "ECL"
[1] "SSPGX"
[1] "CNC"
[1] "RI.PA"
[1] "SCHW-PD"
[1] "DG.PA"
[1] "ROP"
[1] "CBDYX"
[1] "KHC"
[1] "AIG"
[1] "CRWD"
[1] "KLAC"
[1] "LHX"
[1] "ENI.BR"
[1] "PAYX"
[1] "VOD"
[1] "DXCM"
[1] "XLNX"
[1] "BBD"
[1] "MCK"
[1] "ORLY"
[1] "KKR"
[1] "SPG"
[1] "STLA"
[1] "SNPS"
[1] "MPC"
[1] "EXC"
[1] "BIDU"
[1] "LULU"
[1] "STZ"
[1] "STZ-B"
[1] "CRFB3.SA"
[1] "VMW"
[1] "WCN.TO"
[1] "T.TO"
[1] "IQV"
[1] "GGBR4.SA"
[1] "SU"
[1] "IDXX"
[1] "MSFLX"
[1] "HSY"
[1] "TAK"
[1] "CTSH"
[1] "TAEE11.SA"
[1] "DOW"
[1] "CSU.TO"
[1] "GOLD"
[1] "AIG-PA"
[1] "MET-PE"
[1] "HMC"
[1] "TRV"
[1] "JCI"
[1] "MET-PA"
[1] "WELL"
[1] "ADSK"
[1] "KR"
[1] "PRU"
[1] "BBDO"
[1] "KMI"
[1] "MNST"
[1] "NXPI"
[1] "CTVA"
[1] "SAF.PA"
[1] "RENT3.SA"
[1] "INFO"
[1] "CMG"
[1] "CSAN3.SA"
[1] "SYY"
[1] "APH"
[1] "RSG"
[1] "AZO"
[1] "CDNS"
[1] "CTAS"
[1] "O"
[1] "KMB"
[1] "Z74.SI"
[1] "SMFG"
[1] "GIS"
[1] "DDOG"
[1] "IMO.TO"
[1] "AFL"
[1] "DLR"
[1] "BNTX"
[1] "WMB"
[1] "CVE.TO"
[1] "GNDI3.SA"
[1] "VLO"
[1] "MFC"
[1] "PSA-PH"
[1] "WIT"
[1] "NUE"
[1] "SLF.TO"
[1] "LYG"
[1] "RACE"
[1] "MGLU3.SA"
[1] "XEL"
[1] "ALXN"
[1] "COIN"
[1] "HPQ"
[1] "HLT"
[1] "TEL"
[1] "FNV.TO"
[1] "DVN"
[1] "ALL"
[1] "PSX"
[1] "BAX"
[1] "BKR"
[1] "MSCI"
[1] "L.TO"
[1] "ALC"
[1] "PSA-PK"
[1] "A"
[1] "ANET"
[1] "MSI"
[1] "CPFE3.SA"
[1] "SBAC"
[1] "BK"
[1] "EC"
[1] "TBGVX"
[1] "MSGRX"
[1] "ING"
[1] "AJG"
[1] "WBA"
[1] "GPN"
[1] "PUK"
[1] "TWTR"
[1] "ASPCW"
[1] "RADL3.SA"
[1] "RCI-B.TO"
[1] "DLTR"
[1] "WCN"
[1] "TU"
[1] "AEM.TO"
[1] "MCHP"
[1] "DASH"
[1] "TRAIX"
[1] "PRWCX"
[1] "CARR"
[1] "PEG"
[1] "NTCO3.SA"
[1] "HAL"
[1] "EGIE3.SA"
[1] "LCID"
[1] "PACLX"
[1] "DELL"
[1] "BRKM5.SA"
[1] "NET"
[1] "LNG"
[1] "RMD"
[1] "GIOIX"
[1] "TDG"
[1] "DD"
[1] "SBSP3.SA"
[1] "EQR"
[1] "ROST"
[1] "BBVA"
[1] "VRSK"
[1] "RIVN"
[1] "PH"
[1] "EA"
[1] "GWO.TO"
[1] "ALL-PH"
[1] "HES"
[1] "TT"
[1] "CSNA3.SA"
[1] "AVB"
[1] "STM"
[1] "NU"
[1] "CHT"
[1] "MPLX"
[1] "ED"
[1] "APO"
[1] "YUM"
[1] "RPTIX"
[1] "ET"
[1] "RPMGX"
[1] "QSR.TO"
[1] "ABC"
[1] "TSN"
[1] "RAIL3.SA"
[1] "QFVOX"
[1] "MEURV.BR"
[1] "IMO"
[1] "FAST"
[1] "TIMS3.SA"
[1] "LYB"
[1] "BN.PA"
[1] "JLVZX"
[1] "CVE"
[1] "NIO"
[1] "WEC"
[1] "DIM.PA"
[1] "ZM"
[1] "TROW"
[1] "TTD"
[1] "PAMCX"
[1] "PPL-PC.TO"
[1] "ERIC"
[1] "BBVA.MC"
[1] "SLF"
[1] "OTIS"
[1] "IFC.TO"
[1] "PPL-PA.TO"
[1] "EBAY"
[1] "ALGN"
[1] "CMIN3.SA"
[1] "CAP.PA"
[1] "AMP"
[1] "ALL-PB"
[1] "BBV.BR"
[1] "ORAN"
[1] "NA.TO"
[1] "BF-A"
[1] "BF-B"
[1] "ALL-PG"
[1] "BCS"
[1] "IFF"
[1] "ASZ-UN"
[1] "FNV"
[1] "PPL-PQ.TO"
[1] "ARE"
[1] "BEP-UN.TO"
[1] "ZS"
[1] "TLK"
[1] "ES"
[1] "TW"
[1] "MFG"
[1] "MTD"
[1] "OKE"
[1] "DFS"
[1] "PARKX"
[1] "STM.PA"
[1] "PPG"
[1] "GWO-PN.TO"
[1] "RRMGX"
[1] "BIIB"
[1] "UDR"
[1] "ROK"
[1] "FTS.TO"
[1] "EDF.PA"
[1] "AWK"
[1] "STT"
[1] "NOK"
[1] "SIVB"
[1] "CRH"
[1] "CPNG"
[1] "NWG"
[1] "VEEV"
[1] "ACA.PA"
[1] "AME"
[1] "NDAQ"
[1] "ODFL"
[1] "CLNX.MC"
[1] "GEN.BR"
[1] "RCI"
[1] "EXR"
[1] "WST"
[1] "MTB"
[1] "ORA.PA"
[1] "TEF"
[1] "APTV"
[1] "CPRT"
[1] "NRZ-PC"
[1] "WY"
[1] "AEM"
[1] "F34.SI"
[1] "BRDT3.SA"
[1] "HRL"
[1] "WLTW"
[1] "GFS"
[1] "PCAR"
[1] "CBRE"
[1] "CMIG4.SA"
[1] "GLW"
[1] "FRC"
[1] "WPM.TO"
[1] "MT"
[1] "FRSGU"
[1] "BLL"
[1] "RYCIX"
[1] "FMIVU"
[1] "NTGY.MC"
[1] "EQTL3.SA"
[1] "WTW"
[1] "RPRX"
[1] "FCHKX"
[1] "FERG"
[1] "FITB"
[1] "MDB"
[1] "MXIM"
[1] "TEF.MC"
[1] "ENGI.PA"
[1] "EXPE"
[1] "FNCMX"
[1] "NOKIA.PA"
[1] "TFA.BR"
[1] "MTCH"
[1] "FM.TO"
[1] "CRG.IR"
[1] "EFX"
[1] "CMI"
[1] "CQP"
[1] "EIX"
[1] "MKC"
[1] "MKC-V"
[1] "HBANN"
[1] "CERN"
[1] "CCRO3.SA"
[1] "LI"
[1] "SGO.PA"
[1] "EON.BR"
[1] "QSR"
[1] "IBKR"
[1] "PPL.TO"
[1] "GEQYX"
[1] "SPOT"
[1] "KEYS"
[1] "TECK-B.TO"
[1] "TECK-A.TO"
[1] "LVS"
[1] "FE"
[1] "MOS"
[1] "TRLGX"
[1] "KSU"
[1] "U"
[1] "POW.TO"
[1] "ZBH"
[1] "SGEN"
[1] "PHG"
[1] "WORK"
[1] "DTE"
[1] "DLR-PK"
[1] "GWW"
[1] "HO.PA"
[1] "TWLO"
[1] "TSCO"
[1] "LREN3.SA"
[1] "DLR-PJ"
[1] "ENPH"
[1] "KBC.BR"
[1] "RBLX"
[1] "FTV-PA"
[1] "QSP-UN.TO"
[1] "HZNP"
[1] "LH"
[1] "SIRI"
[1] "NA-PE.TO"
[1] "PLTR"
[1] "BIP-UN.TO"
[1] "ANSS"
[1] "DHI"
[1] "L-PB.TO"
[1] "CABK.MC"
[1] "MAA"
[1] "LUV"
[1] "AMER3.SA"
[1] "CHD"
[1] "AMS.MC"
[1] "CSGP"
[1] "NA-PC.TO"
[1] "INVH"
[1] "CAJ"
[1] "RRTRX"
[1] "BEP"
[1] "AEE"
[1] "GIB-A.TO"
[1] "HYPE3.SA"
[1] "ETR"
[1] "DB"
[1] "STE"
[1] "ANZUU"
[1] "HIG"
[1] "PRJIX"
[1] "DAL"
[1] "FTS"
[1] "PRNHX"
[1] "VTR"
[1] "LYV"
[1] "PCG"
[1] "ALB"
[1] "CXSE3.SA"
[1] "FANG"
[1] "NTRS"
[1] "GMAB"
[1] "XPEV"
[1] "IT"
[1] "CDW"
[1] "CMLFU"
[1] "WN.TO"
[1] "VRSN"
[1] "VMC"
[1] "PARA"
[1] "LBRDA"
[1] "LBRDK"
[1] "CTRA"
[1] "SQM"
[1] "ESS"
[1] "MLM"
[1] "SWK"
[1] "K"
[1] "ZI"
[1] "ON"
[1] "URI"
[1] "MG.TO"
[1] "OKTA"
[1] "DRE"
[1] "CF"
[1] "ARES"
[1] "WPM"
[1] "TTM"
[1] "RJF"
[1] "AENA.MC"
[1] "CLR"
[1] "LEN-B"
[1] "LEN"
[1] "TDY"
[1] "IX"
[1] "CINF"
[1] "CCL"
[1] "DOV"
[1] "CCEP"
[1] "SUI"
[1] "BPY-UN.TO"
[1] "LR.PA"
[1] "HUBS"
[1] "ZBRA"
[1] "TOTS3.SA"
[1] "DOL.TO"
[1] "ASAI3.SA"
[1] "GRMN"
[1] "VFC"
[1] "UCB.BR"
[1] "PBA"
[1] "SPLK"
[1] "TECK"
[1] "PPL"
[1] "BEKE"
[1] "BBY"
[1] "POWRW"
[1] "LB"
[1] "FTV"
[1] "ULTA"
[1] "UMC"
[1] "H.TO"
[1] "VICI"
[1] "NEOE3.SA"
[1] "ML.PA"
[1] "FOXA"
[1] "FOX"
[1] "CMS"
[1] "BILL"
[1] "PKI"
[1] "CEG"
[1] "ELP"
[1] "9CI.SI"
[1] "RYAAY"
[1] "ELE.MC"
[1] "CNHI"
[1] "HPE"
[1] "BRO"
[1] "ZTO"
[1] "CNP"
[1] "BIP"
[1] "PWF-PZ.TO"
[1] "DOCU"
[1] "ICLR"
[1] "BGNE"
[1] "RCL"
[1] "MKL"
[1] "COO"
[1] "CUK"
[1] "TOU.TO"
[1] "VMNVX"
[1] "CS"
[1] "HBAN"
[1] "IFC-PG.TO"
[1] "FMS"
[1] "RF"
[1] "MOH"
[1] "GIB"
[1] "STT-PG"
[1] "TRPL4.SA"
[1] "PRIO3.SA"
[1] "SJR-B.TO"
[1] "AVTR"
[1] "TEP.PA"
[1] "RKT"
[1] "ENEV3.SA"
[1] "SWKS"
[1] "FLT"
[1] "CPLE6.SA"
[1] "STT-PD"
[1] "BXP"
[1] "VIAC"
[1] "VIACA"
[1] "KEY"
[1] "CTLT"
[1] "REP.MC"
[1] "HIG-PG"
[1] "HOLX"
[1] "VIV"
[1] "WMG"
[1] "PAYC"
[1] "ALNY"
[1] "KB"
[1] "AKAM"
[1] "PWR"
[1] "CHKP"
[1] "IR"
[1] "VIE.PA"
[1] "CVNA"
[1] "PEAK"
[1] "FSDPX"
[1] "APP"
[1] "AGR"
[1] "GLE.PA"
[1] "SFEPX"
[1] "WSP.TO"
[1] "GPC"
[1] "TS"
[1] "STX"
[1] "ERF.PA"
[1] "KEY-PK"
[1] "PFG"
[1] "SYF"
[1] "FER.MC"
[1] "SSNC"
[1] "J"
[1] "MRO"
[1] "MPWR"
[1] "PKX"
[1] "WAT"
[1] "HEI-A"
[1] "HEI"
[1] "CHWY"
[1] "TRU"
[1] "CLX"
[1] "ACGL"
[1] "JBHT"
[1] "MGA"
[1] "BR"
[1] "KRZ.IR"
[1] "FITBI"
[1] "INCY"
[1] "JFRNX"
[1] "WRB"
[1] "NUAN"
[1] "PODD"
[1] "BIO-B"
[1] "BIO"
[1] "FLTR.IR"
[1] "Y92.SI"
[1] "JCAPX"
[1] "TRMB"
[1] "IFC-PE.TO"
[1] "AMCR"
[1] "GNRC"
[1] "MRU.TO"
[1] "CFG"
[1] "ARGX"
[1] "ROL"
[1] "IP"
[1] "BRFS3.SA"
[1] "HCICW"
[1] "UI"
[1] "EPAM"
[1] "ACI"
[1] "BPY"
[1] "TER"
[1] "TRGP"
[1] "YUMC"
[1] "MGM"
[1] "FMC"
[1] "CPT"
[1] "NTAP"
[1] "TYL"
[1] "SHG"
[1] "CHSCM"
[1] "LSXMA"
[1] "LSXMK"
[1] "LSXMB"
[1] "DISH"
[1] "CAH"
[1] "DISAU"
[1] "SBNY"
[1] "EMA.TO"
[1] "KSU-P"
[1] "SABRP"
[1] "JDCAX"
[1] "FFH.TO"
[1] "CAG"
[1] "BG"
[1] "RYA.IR"
[1] "KMX"
[1] "SWETW"
[1] "APHKX"
[1] "POOL"
[1] "PPD"
[1] "ARTKX"
[1] "TECH"
[1] "XP"
[1] "APDKX"
[1] "SEDG"
[1] "AES"
[1] "SMTO3.SA"
[1] "JVAAX"
[1] "TMTSU"
[1] "BWLAX"
[1] "BEP-PM.TO"
[1] "DGX"
[1] "FLCSX"
[1] "BFOCX"
[1] "WAB"
[1] "EXPD"
[1] "FDS"
[1] "BEP-PK.TO"
[1] "AIEAX"
[1] "KEY-PJ"
[1] "TIBIX"
[1] "ATO"
[1] "TIBMX"
[1] "OVV.TO"
[1] "ARGX.BR"
[1] "TTWO"
[1] "TIBGX"
[1] "AMH"
[1] "TIBAX"
[1] "KEY-PI"
[1] "TIBRX"
[1] "EVRG"
[1] "TIBCX"
[1] "OMC"
[1] "LNT"
[1] "IRM"
[1] "RY4C.IR"
[1] "LPLA"
[1] "ATH"
[1] "CLF"
[1] "HFMVX"
[1] "FEYAX"
[1] "L"
[1] "JARTX"
[1] "TFX"
[1] "C6L.SI"
[1] "STLD"
[1] "FWONA"
[1] "FWONK"
[1] "ZNH"
[1] "DRI"
[1] "ACC"
[1] "BIDI4.SA"
[1] "BIDI3.SA"
[1] "SSL"
[1] "DODBX"
[1] "CE"
[1] "WPC"
[1] "ALUP11.SA"
[1] "SUZ"
[1] "NLOK"
[1] "AVTR-PA"
[1] "SJR"
[1] "ROKU"
[1] "TRMIX"
[1] "TRMCX"
[1] "XM"
[1] "THISX"
[1] "PRHSX"
[1] "IEP"
[1] "ICL"
[1] "XYL"
[1] "CCO.TO"
[1] "TAMVX"
[1] "TBCPW"
[1] "FRC-PI"
[1] "VEDL"
[1] "CRL"
[1] "CG"
[1] "BMRN"
[1] "USIM5.SA"
[1] "PINS"
[1] "UGPA3.SA"
[1] "WN-PA.TO"
[1] "AA"
[1] "ELS"
[1] "KRX.IR"
[1] "CFG-PD"
[1] "ACGLP"
[1] "PLUG"
[1] "SJM"
[1] "KIM"
[1] "RRMVX"
[1] "CA.PA"
[1] "ALPA4.SA"
[1] "HLMGX"
[1] "CNP.PA"
[1] "C38U.SI"
[1] "ETSY"
[1] "ZEN"
[1] "IEX"
[1] "CCK"
[1] "LDOS"
[1] "EQT"
[1] "WDC"
[1] "FRC-PH"
[1] "CZR"
[1] "WLK"
[1] "TXT"
[1] "ENTG"
[1] "NVR"
[1] "PKG"
[1] "ASX"
[1] "OTEX.TO"
[1] "MRFG3.SA"
[1] "AVY"
[1] "JKHY"
[1] "TPX-B.TO"
[1] "RF-PC"
[1] "MULT3.SA"
[1] "HWM"
[1] "JDCRX"
[1] "APA"
[1] "ALLY"
[1] "SNN"
[1] "EBR"
[1] "EBR-B"
[1] "TCOM"
[1] "WPP"
[1] "DPZ"
[1] "PRDGX"
[1] "PDGIX"
[1] "TADGX"
[1] "GFL.TO"
[1] "EMN"
[1] "NICE"
[1] "PSSA3.SA"
[1] "IVN.TO"
[1] "LU"
[1] "CPB"
[1] "BPYPP"
[1] "UAL"
[1] "GDDY"
[1] "BURL"
[1] "ABMD"
[1] "ADP.PA"
[1] "APO-PB"
[1] "GFI"
[1] "GBLB.BR"
[1] "PUB.PA"
[1] "MAA-PI"
[1] "AAP"
[1] "LBTYK"
[1] "ACGLO"
[1] "LBTYB"
[1] "SPVZX"
[1] "LBTYA"
[1] "IPG"
[1] "HNP"
[1] "EMA-PH.TO"
[1] "JHX"
[1] "CNP-PB"
[1] "AQN.TO"
[1] "SULA11.SA"
[1] "ZWRKW"
[1] "RF-PB"
[1] "FPH.NZ"
[1] "VEVRX"
[1] "VEVIX"
[1] "CNA"
[1] "GRAB"
[1] "APO-PA"
[1] "CAR"
[1] "BEN"
[1] "BOL.PA"
[1] "KL.TO"
[1] "ACH"
[1] "AM.PA"
[1] "HBANO"
[1] "CHRW"
[1] "ENGI11.SA"
[1] "LKQ"
[1] "GETGX"
[1] "VTRS"
[1] "WOLF"
[1] "NI"
[1] "WTRG"
[1] "LCAM3.SA"
[1] "OVV"
[1] "ENBR3.SA"
[1] "NDSN"
[1] "VEVCX"
[1] "CTXS"
[1] "HST"
[1] "SC"
[1] "SEV.PA"
[1] "S63.SI"
[1] "KN.PA"
[1] "MEL.NZ"
[1] "FFIV"
[1] "SAP.TO"
[1] "LAME3.SA"
[1] "JACCX"
[1] "CSL"
[1] "WRK"
[1] "FHN"
[1] "LAME4.SA"
[1] "DT"
[1] "REXR"
[1] "CGNX"
[1] "NWSA"
[1] "NWS"
[1] "NBA-WT"
[1] "QRVO"
[1] "HSIC"
[1] "AFG"
[1] "DISCB"
[1] "DISCK"
[1] "DISCA"
[1] "CBOE"
[1] "NLY-PF"
[1] "NLY-PG"
[1] "FNF"
[1] "RHI"
[1] "MPW"
[1] "CUBE"
[1] "ELAN"
[1] "SBSW"
[1] "DIDI"
[1] "VIV.PA"
[1] "NMR"
[1] "GOAU4.SA"
[1] "CTC.TO"
[1] "CTC-A.TO"
[1] "CCJ"
[1] "CIPMX"
[1] "VNO-PL"
[1] "PNC-PP"
[1] "Z"
[1] "ZG"
[1] "LSI"
[1] "ENIA"
[1] "BSY"
[1] "A17U.SI"
[1] "MIMSX"
[1] "REG"
[1] "AMUN.PA"
[1] "VNO-PM"
[1] "EMP-A.TO"
[1] "VAMO3.SA"
[1] "ARX.TO"
[1] "EDEN.PA"
[1] "W"
[1] "DAR"
[1] "AER"
[1] "LOGI"
[1] "NVEI.TO"
[1] "CDAY.TO"
[1] "EQH"
[1] "BPAN4.SA"
[1] "IHG"
[1] "BN4.SI"
[1] "MAS"
[1] "PTC"
[1] "CONE"
[1] "BAP"
[1] "CHK"
[1] "BAH"
[1] "LUMN"
[1] "HAS"
[1] "EN.PA"
[1] "RE"
[1] "VER"
[1] "DVA"
[1] "CMA"
[1] "DHLTX"
[1] "FAASX"
[1] "GURIX"
[1] "LYFT"
[1] "EXAS"
[1] "KOF"
[1] "KEP"
[1] "AUUDW"
[1] "NHICU"
[1] "LAMR"
[1] "OTEX"
[1] "PPX"
[1] "NGACU"
[1] "TAP-A"
[1] "TAP"
[1] "MORN"
[1] "GLPI"
[1] "CEA"
[1] "GGG"
[1] "APGYX"
[1] "WSO"
[1] "WSO-B"
[1] "APGZX"
[1] "BBWI"
[1] "Y"
[1] "RS"
[1] "CLVT"
[1] "MLLOI.PA"
[1] "TEVA"
[1] "BVI.PA"
[1] "GMAT3.SA"
[1] "SNA"
[1] "GME"
[1] "H78.SI"
[1] "JLL"
[1] "SCI"
[1] "RPM"
[1] "SLCE3.SA"
[1] "PCTY"
[1] "JNPR"
[1] "LNC"
[1] "AIA.NZ"
[1] "SKM"
[1] "FCPVX"
[1] "AAL"
[1] "CENHW"
[1] "UHS"
[1] "GFL"
[1] "AZPN"
[1] "AEG"
[1] "FAGNX"
[1] "PATH"
[1] "XLRN"
[1] "QGEN"
[1] "BIM.PA"
[1] "LZOEX"
[1] "WSM"
[1] "SCMIX"
[1] "UHAL"
[1] "EWBC"
[1] "BIIEX"
[1] "FICO"
[1] "NI-PB"
[1] "AIZ"
[1] "TPL"
[1] "ENFAW"
[1] "ADGZX"
[1] "CCIZX"
[1] "BLDR"
[1] "CBAV3.SA"
[1] "AFRM"
[1] "IAM.PA"
[1] "SOF.BR"
[1] "ILD.PA"
[1] "CU.TO"
[1] "CU-X.TO"
[1] "CFLT"
[1] "AQN"
[1] "MKTX"
[1] "RNG"
[1] "VST"
[1] "S68.SI"
[1] "BKI"
[1] "GGB"
[1] "BILI"
[1] "TDOC"
[1] "ACM"
[1] "XRAY"
[1] "FLGEX"
[1] "SOMA3.SA"
[1] "ELI.BR"
[1] "SGRE.MC"
[1] "BCH"
[1] "MMP"
[1] "ANA.MC"
[1] "CIB"
[1] "BSAC"
[1] "ARCC"
[1] "BHC.TO"
[1] "CCL-B.TO"
[1] "ALCKX"
[1] "CAE.TO"
[1] "REE.MC"
[1] "WHR"
[1] "AR"
[1] "HRC"
[1] "MGP"
[1] "KL"
[1] "IGM.TO"
[1] "AGCO"
[1] "DOX"
[1] "ZNGA"
[1] "GL"
[1] "INTB3.SA"
[1] "APGAX"
[1] "EMBR3.SA"
[1] "SW.PA"
[1] "FCNCA"
[1] "PFPT"
[1] "G07.SI"
[1] "GRFS"
[1] "SEE"
[1] "PHM"
There were 50 or more warnings (use warnings() to see the first 50)
[1] "FINAL WHISTLE:  2022-04-12 08:53:19"
Warning message:
package 'tidyr' was built under R version 4.0.5 

Attaching package: 'dplyr'

The following objects are masked from 'package:stats':

    filter, lag

The following objects are masked from 'package:base':

    intersect, setdiff, setequal, union

Warning message:
package 'dplyr' was built under R version 4.0.5 
Loading required package: httr
[1] "KICK-OFF :  2022-04-15 08:49:09"
Your original .Renviron will be backed up and stored in your R HOME directory if needed.
Your API key has been stored in your .Renviron file and can be accessed by `Sys.getenv('FMP_API_KEY')`
To use now, restart R or run `readRenviron('~/.Renviron')`
[1] "ce687b3fe0554890e65d6a5e48f601f9"
There were 13 warnings (use warnings() to see them)
[1] "AAPL"
[1] "MSF.BR"
[1] "MSFT"
[1] "GOOG"
[1] "GOOGL"
[1] "AMZN"
[1] "TSLA"
[1] "VTSAX"
[1] "BRK-B"
[1] "BRK-A"
[1] "FB"
[1] "NVDA"
[1] "TSM"
[1] "UNH"
[1] "JNJ"
[1] "V"
[1] "VALE3.SA"
[1] "PETR3.SA"
[1] "WMT"
[1] "PETR4.SA"
[1] "PG"
[1] "XOM"
[1] "JPM"
[1] "MA"
[1] "JPM-PC"
[1] "CHTEX.BR"
[1] "CVX"
[1] "JPM-PD"
[1] "MC.PA"
[1] "HD"
[1] "BAC"
[1] "PFE"
[1] "LLY"
[1] "ABBV"
[1] "KO"
[1] "GJS"
[1] "BHP"
[1] "NVO"
[1] "BML-PG"
[1] "COST"
[1] "BML-PH"
[1] "BML-PL"
[1] "BABA"
[1] "BAC-PE"
[1] "BAC-PB"
[1] "BAC-PK"
[1] "BML-PJ"
[1] "BAC-PL"
[1] "ASML"
[1] "ITUB4.SA"
[1] "PEP"
[1] "DIS"
[1] "AVGO"
[1] "ABEV3.SA"
[1] "TM"
[1] "VZ"
[1] "TMO"
[1] "AZN"
[1] "MRK"
[1] "CMCSA"
[1] "SHEL"
[1] "CIS.BR"
[1] "CSCO"
[1] "ORCL"
[1] "NKE"
[1] "BBDC3.SA"
[1] "BBDC4.SA"
[1] "ABT"
[1] "NVS"
[1] "ACN"
[1] "MRK.PA"
[1] "WFC-PY"
[1] "ADBE"
[1] "WFC-PQ"
[1] "DHR"
[1] "RDS-B"
[1] "RDS-A"
[1] "WFC-PL"
[1] "INCO.BR"
[1] "RY.TO"
[1] "OR.PA"
[1] "RY-PZ.TO"
[1] "WFC-PR"
[1] "CRM"
[1] "INTC"
[1] "MCD"
[1] "WFC"
[1] "RDSB.AS"
[1] "RDSA.AS"
[1] "TD.TO"
[1] "DHR-PA"
[1] "TMUS"
[1] "BMY"
[1] "UPS"
[1] "TD-PFK.TO"
[1] "NEE"
[1] "BBL"
[1] "LIN"
[1] "TXN"
[1] "TD-PFI.TO"
[1] "PM"
[1] "SCHW"
[1] "RTX"
[1] "UNP"
[1] "QCOM"
[1] "RY"
[1] "SANB11.SA"
[1] "NFLX"
[1] "AMD"
[1] "PTR"
[1] "TBB"
[1] "MS"
[1] "C-PJ"
[1] "MDT"
[1] "TD-PFL.TO"
[1] "T"
[1] "SNY"
[1] "AXP"
[1] "BX"
[1] "HSBC"
[1] "CVS"
[1] "LOW"
[1] "TD"
[1] "AMGN"
[1] "WEGE3.SA"
[1] "SPGI"
[1] "RMS.PA"
[1] "DE"
[1] "HON"
[1] "RIO"
[1] "TTE"
[1] "INTU"
[1] "COP"
[1] "SAN.PA"
[1] "EQNR"
[1] "LMT"
[1] "ANTM"
[1] "WFC-PC"
[1] "SAP"
[1] "SMMCX"
[1] "CAT"
[1] "TTE.PA"
[1] "DEO"
[1] "PLD"
[1] "PYPL"
[1] "QUAYX"
[1] "BUD"
[1] "ENB.TO"
[1] "GSK"
[1] "KLBN11.SA"
[1] "AMT"
[1] "CSXCX"
[1] "UL"
[1] "IBM"
[1] "BOEI.BR"
[1] "CNR.TO"
[1] "SONY"
[1] "DGE.PA"
[1] "ABI.BR"
[1] "CDI.PA"
[1] "ABNB"
[1] "TGT"
[1] "HDB"
[1] "GS"
[1] "BAM-A.TO"
[1] "BA"
[1] "CATR.PA"
[1] "CHTR"
[1] "BLK"
[1] "RY-PT"
[1] "BNS.TO"
[1] "BP"
[1] "NOW"
[1] "PBR"
[1] "RRTVX"
[1] "FIRVX"
[1] "ISRG"
[1] "MSGTX"
[1] "C"
[1] "BBAS3.SA"
[1] "AMAT"
[1] "GE"
[1] "JD"
[1] "MO"
[1] "LFC"
[1] "SYK"
[1] "BTI"
[1] "BMO.TO"
[1] "CNQ.TO"
[1] "ADP"
[1] "EL"
[1] "VALE"
[1] "SIA.BR"
[1] "ENB"
[1] "VWA.BR"
[1] "GNE.PA"
[1] "INFY"
[1] "SHOP.TO"
[1] "SBUX"
[1] "BKNG"
[1] "VWAP.BR"
[1] "VIVT3.SA"
[1] "ITSA4.SA"
[1] "ITSA3.SA"
[1] "CP.TO"
[1] "CB"
[1] "CNI"
[1] "DUK"
[1] "ZTS"
[1] "MDLZ"
[1] "B3SA3.SA"
[1] "CFWIX"
[1] "JBSS3.SA"
[1] "D05.SI"
[1] "DTEL.BR"
[1] "BAM"
[1] "JTSCX"
[1] "CME"
[1] "MMC"
[1] "NGT.TO"
[1] "DODGX"
[1] "BPAC11.SA"
[1] "KMDVX"
[1] "MMM"
[1] "RDOR3.SA"
[1] "AIR.PA"
[1] "GIBIX"
[1] "CCI"
[1] "USB-PH"
[1] "CI"
[1] "ADI"
[1] "GNL-PB"
[1] "BNS"
[1] "SO"
[1] "REGN"
[1] "USB-PP"
[1] "SU.PA"
[1] "HCA"
[1] "SNP"
[1] "MU"
[1] "USB"
[1] "NTR.TO"
[1] "CTA-PB"
[1] "GILD"
[1] "BDX"
[1] "AI.PA"
[1] "TCMIX"
[1] "CNQ"
[1] "CSX"
[1] "BMO"
[1] "FDCGX"
[1] "USB-PM"
[1] "BLTSU"
[1] "POGRX"
[1] "GS-PA"
[1] "MUFG"
[1] "MS-PA"
[1] "EW"
[1] "PBR-A"
[1] "HAPV3.SA"
[1] "TJX"
[1] "RBRCX"
[1] "VRTX"
[1] "EL.PA"
[1] "PNC"
[1] "TBCIX"
[1] "GS-PD"
[1] "TRBCX"
[1] "NOC"
[1] "SHOP"
[1] "SUZB3.SA"
[1] "AMX"
[1] "AMOV"
[1] "FMX"
[1] "EOG"
[1] "PSA"
[1] "FCX"
[1] "CP"
[1] "PABGX"
[1] "TRP.TO"
[1] "BCE-PY.TO"
[1] "D"
[1] "BCE-PA.TO"
[1] "GS-PJ"
[1] "SQ"
[1] "AON"
[1] "ICE"
[1] "IBN"
[1] "TFC"
[1] "MS-PI"
[1] "MS-PK"
[1] "NSC"
[1] "GRNVU"
[1] "CL"
[1] "ELET6.SA"
[1] "ELET3.SA"
[1] "GD"
[1] "RRBGX"
[1] "MS-PF"
[1] "TEAM"
[1] "GS-PK"
[1] "NEM"
[1] "EQIX"
[1] "BCE.TO"
[1] "PRUFX"
[1] "MRNA"
[1] "PRGFX"
[1] "MS-PE"
[1] "WM"
[1] "SHW"
[1] "KER.PA"
[1] "IBE.MC"
[1] "PGR"
[1] "TRI.TO"
[1] "CM.TO"
[1] "TRSAX"
[1] "FISV"
[1] "DODFX"
[1] "ITX.MC"
[1] "UBER"
[1] "NTES"
[1] "LRCX"
[1] "BSX"
[1] "DUK-PA"
[1] "SNOW"
[1] "FIS"
[1] "F"
[1] "NTR"
[1] "PXD"
[1] "DCUE"
[1] "MCO"
[1] "RRGSX"
[1] "PANW"
[1] "ATVI"
[1] "ITW"
[1] "SLB"
[1] "BNP.PA"
[1] "CS.PA"
[1] "CTA-PA"
[1] "RELX"
[1] "SU.TO"
[1] "FBAKX"
[1] "NNGAX"
[1] "UBS"
[1] "SE"
[1] "SPG-PJ"
[1] "ABB"
[1] "ATD.TO"
[1] "MAR"
[1] "JAENX"
[1] "FFTHX"
[1] "CNU.TO"
[1] "JGISX"
[1] "HUM"
[1] "GM"
[1] "MET"
[1] "EPD"
[1] "SAN"
[1] "DG"
[1] "ABX.TO"
[1] "TRP"
[1] "NGG"
[1] "WDAY"
[1] "SCCO"
[1] "SLB.PA"
[1] "ETN"
[1] "CCZ"
[1] "BSBR"
[1] "OXY"
[1] "EMR"
[1] "FTNT"
[1] "APD"
[1] "ADM"
[1] "E"
[1] "CRWD"
[1] "ITUB"
[1] "SRE"
[1] "SANTA.BR"
[1] "O39.SI"
[1] "SNAP"
[1] "SAN.MC"
[1] "COF"
[1] "MELI"
[1] "FDX"
[1] "CEO"
[1] "BCE"
[1] "DSY.PA"
[1] "ILMN"
[1] "ATD-B.TO"
[1] "KDP"
[1] "BBSE3.SA"
[1] "MFC.TO"
[1] "GOLL4.SA"
[1] "WBK"
[1] "TRI"
[1] "CM"
[1] "KHC"
[1] "MRVL"
[1] "SSPGX"
[1] "AEP"
[1] "U11.SI"
[1] "RI.PA"
[1] "SCHW-PD"
[1] "AIG"
[1] "ENI.BR"
[1] "CBDYX"
[1] "ECL"
[1] "DG.PA"
[1] "CNC"
[1] "PDD"
[1] "LULU"
[1] "LHX"
[1] "VOD"
[1] "PAYX"
[1] "ABEV"
[1] "MPC"
[1] "ROP"
[1] "SU"
[1] "STZ"
[1] "KLAC"
[1] "MCK"
[1] "XLNX"
[1] "DXCM"
[1] "DOW"
[1] "STZ-B"
[1] "EXC"
[1] "SPG"
[1] "VMW"
[1] "BBD"
[1] "ORLY"
[1] "KKR"
[1] "STLA"
[1] "HSY"
[1] "GGBR4.SA"
[1] "TAK"
[1] "T.TO"
[1] "CSU.TO"
[1] "MSFLX"
[1] "CRFB3.SA"
[1] "TAEE11.SA"
[1] "IQV"
[1] "MET-PE"
[1] "SNPS"
[1] "WCN.TO"
[1] "CMG"
[1] "GOLD"
[1] "BIDU"
[1] "NXPI"
[1] "BBDO"
[1] "MNST"
[1] "CTSH"
[1] "MET-PA"
[1] "NUE"
[1] "AIG-PA"
[1] "SAF.PA"
[1] "CTVA"
[1] "TRV"
[1] "PRU"
[1] "HMC"
[1] "CVE.TO"
[1] "KMI"
[1] "SYY"
[1] "WELL"
[1] "HLT"
[1] "O"
[1] "INFO"
[1] "CSAN3.SA"
[1] "BNTX"
[1] "WMB"
[1] "JCI"
[1] "RENT3.SA"
[1] "AZO"
[1] "VLO"
[1] "IMO.TO"
[1] "IDXX"
[1] "ADSK"
[1] "GIS"
[1] "DDOG"
[1] "Z74.SI"
[1] "KMB"
[1] "AFL"
[1] "SMFG"
[1] "CTAS"
[1] "KR"
[1] "DLR"
[1] "APH"
[1] "RSG"
[1] "CDNS"
[1] "DVN"
[1] "GNDI3.SA"
[1] "MFC"
[1] "PSA-PH"
[1] "LYG"
[1] "XEL"
[1] "CPFE3.SA"
[1] "BKR"
[1] "EC"
[1] "SLF.TO"
[1] "FNV.TO"
[1] "ALXN"
[1] "RACE"
[1] "WIT"
[1] "MGLU3.SA"
[1] "PSX"
[1] "PSA-PK"
[1] "HPQ"
[1] "GPN"
[1] "TEL"
[1] "MSCI"
[1] "MSI"
[1] "ALL"
[1] "DLTR"
[1] "ANET"
[1] "WBA"
[1] "TBGVX"
[1] "COIN"
[1] "MSGRX"
[1] "L.TO"
[1] "PUK"
[1] "BAX"
[1] "SBAC"
[1] "ING"
[1] "BK"
[1] "DASH"
[1] "A"
[1] "AJG"
[1] "AEM.TO"
[1] "RCI-B.TO"
[1] "ALC"
[1] "ASPCW"
[1] "NET"
[1] "HAL"
[1] "RADL3.SA"
[1] "TU"
[1] "PEG"
[1] "LCID"
[1] "TRAIX"
[1] "PRWCX"
[1] "MCHP"
[1] "ROST"
[1] "EGIE3.SA"
[1] "NIO"
[1] "RIVN"
[1] "PACLX"
[1] "WCN"
[1] "DELL"
[1] "ET"
[1] "HES"
[1] "BBVA"
[1] "LNG"
[1] "YUM"
[1] "TDG"
[1] "GIOIX"
[1] "EQR"
[1] "LYB"
[1] "CARR"
[1] "PH"
[1] "DD"
[1] "MPLX"
[1] "CVE"
[1] "ED"
[1] "ALL-PH"
[1] "QSR.TO"
[1] "TSN"
[1] "TT"
[1] "CHT"
[1] "APO"
[1] "AVB"
[1] "EA"
[1] "RPTIX"
[1] "RPMGX"
[1] "TWTR"
[1] "VRSK"
[1] "NTCO3.SA"
[1] "SBSP3.SA"
[1] "BRKM5.SA"
[1] "RMD"
[1] "GWO.TO"
[1] "CSNA3.SA"
[1] "RAIL3.SA"
[1] "IMO"
[1] "QFVOX"
[1] "ABC"
[1] "MEURV.BR"
[1] "STM"
[1] "BN.PA"
[1] "TIMS3.SA"
[1] "ZM"
[1] "JLVZX"
[1] "PPL-PC.TO"
[1] "PAMCX"
[1] "BBV.BR"
[1] "NU"
[1] "BBVA.MC"
[1] "ZS"
[1] "TLK"
[1] "WEC"
[1] "ORAN"
[1] "CAP.PA"
[1] "ALL-PB"
[1] "ALGN"
[1] "FAST"
[1] "PPL-PA.TO"
[1] "AMP"
[1] "IFC.TO"
[1] "BCS"
[1] "BF-A"
[1] "BF-B"
[1] "ALL-PG"
[1] "SLF"
[1] "FNV"
[1] "IFF"
[1] "CMIN3.SA"
[1] "ES"
[1] "PPL-PQ.TO"
[1] "ASZ-UN"
[1] "NA.TO"
[1] "OKE"
[1] "EBAY"
[1] "DFS"
[1] "EDF.PA"
[1] "TROW"
[1] "OTIS"
[1] "DIM.PA"
[1] "ARE"
[1] "RRMGX"
[1] "PARKX"
[1] "BIIB"
[1] "MFG"
[1] "GWO-PN.TO"
[1] "TEF"
[1] "UDR"
[1] "TTD"
[1] "STM.PA"
[1] "TW"
[1] "BEP-UN.TO"
[1] "CLNX.MC"
[1] "ODFL"
[1] "ROK"
[1] "NWG"
[1] "GEN.BR"
[1] "PPG"
[1] "FTS.TO"
[1] "AWK"
[1] "ACA.PA"
[1] "RCI"
[1] "MT"
[1] "AEM"
[1] "MTD"
[1] "EXR"
[1] "ORA.PA"
[1] "CRH"
[1] "EXPE"
[1] "SIVB"
[1] "WY"
[1] "ERIC"
[1] "CPNG"
[1] "RPRX"
[1] "VEEV"
[1] "AME"
[1] "NDAQ"
[1] "CMIG4.SA"
[1] "NRZ-PC"
[1] "TECK-A.TO"
[1] "TECK-B.TO"
[1] "WPM.TO"
[1] "HRL"
[1] "APTV"
[1] "PCAR"
[1] "NOK"
[1] "BRDT3.SA"
[1] "TEF.MC"
[1] "FRC"
[1] "F34.SI"
[1] "WLTW"
[1] "MTB"
[1] "GLW"
[1] "FERG"
[1] "TFA.BR"
[1] "EQTL3.SA"
[1] "NTGY.MC"
[1] "WST"
[1] "FRSGU"
[1] "CBRE"
[1] "ENGI.PA"
[1] "LVS"
[1] "RYCIX"
[1] "MDB"
[1] "FMIVU"
[1] "FM.TO"
[1] "BLL"
[1] "CRG.IR"
[1] "STT"
[1] "CMI"
[1] "FCHKX"
[1] "CPRT"
[1] "LUV"
[1] "GFS"
[1] "MXIM"
[1] "FNCMX"
[1] "WTW"
[1] "PPL.TO"
[1] "MOS"
[1] "SGEN"
[1] "CQP"
[1] "NOKIA.PA"
[1] "CERN"
[1] "HO.PA"
[1] "EIX"
[1] "HBANN"
[1] "QSR"
[1] "CCRO3.SA"
[1] "MKC-V"
[1] "MKC"
[1] "IBKR"
[1] "TRLGX"
[1] "DAL"
[1] "FE"
[1] "SGO.PA"
[1] "GEQYX"
[1] "GWW"
[1] "EON.BR"
[1] "FITB"
[1] "KSU"
[1] "HZNP"
[1] "EFX"
[1] "DTE"
[1] "LI"
[1] "WORK"
[1] "ZBH"
[1] "KBC.BR"
[1] "QSP-UN.TO"
[1] "MTCH"
[1] "POW.TO"
[1] "SPOT"
[1] "LREN3.SA"
[1] "U"
[1] "DLR-PK"
[1] "KEYS"
[1] "DLR-PJ"
[1] "FTV-PA"
[1] "ENPH"
[1] "DHI"
[1] "BIP-UN.TO"
[1] "INVH"
[1] "CAJ"
[1] "TSCO"
[1] "AMS.MC"
[1] "SIRI"
[1] "PHG"
[1] "NA-PE.TO"
[1] "AMER3.SA"
[1] "ETR"
[1] "L-PB.TO"
[1] "PLTR"
[1] "LH"
[1] "RBLX"
[1] "RRTRX"
[1] "LYV"
[1] "NA-PC.TO"
[1] "CHD"
[1] "TWLO"
[1] "GIB-A.TO"
[1] "PRJIX"
[1] "AEE"
[1] "HIG"
[1] "PRNHX"
[1] "ALB"
[1] "ANZUU"
[1] "ANSS"
[1] "FANG"
[1] "IT"
[1] "CABK.MC"
[1] "STE"
[1] "PCG"
[1] "HYPE3.SA"
[1] "CSGP"
[1] "MAA"
[1] "BEP"
[1] "DB"
[1] "VTR"
[1] "GMAB"
[1] "FTS"
[1] "XPEV"
[1] "URI"
[1] "CTRA"
[1] "CXSE3.SA"
[1] "CLR"
[1] "CMLFU"
[1] "PARA"
[1] "VRSN"
[1] "SQM"
[1] "ZI"
[1] "CDW"
[1] "ESS"
[1] "TECK"
[1] "VMC"
[1] "WPM"
[1] "RJF"
[1] "ON"
[1] "NTRS"
[1] "LBRDK"
[1] "LBRDA"
[1] "WN.TO"
[1] "K"
[1] "CCL"
[1] "SWK"
[1] "MLM"
[1] "CF"
[1] "AENA.MC"
[1] "ARES"
[1] "CCEP"
[1] "MG.TO"
[1] "DRE"
[1] "OKTA"
[1] "TDY"
[1] "LEN"
[1] "LEN-B"
[1] "TOTS3.SA"
[1] "CINF"
[1] "SPLK"
[1] "SUI"
[1] "ASAI3.SA"
[1] "IX"
[1] "PBA"
[1] "UCB.BR"
[1] "VFC"
[1] "GRMN"
[1] "LR.PA"
[1] "VICI"
[1] "RYAAY"
[1] "ULTA"
[1] "BPY-UN.TO"
[1] "ELP"
[1] "ZTO"
[1] "PPL"
[1] "DOL.TO"
[1] "CNHI"
[1] "ML.PA"
[1] "TTM"
[1] "NEOE3.SA"
[1] "FTV"
[1] "FOXA"
[1] "FOX"
[1] "CUK"
[1] "HUBS"
[1] "POWRW"
[1] "TOU.TO"
[1] "LB"
[1] "BBY"
[1] "DOV"
[1] "RCL"
[1] "BEKE"
[1] "PRIO3.SA"
[1] "9CI.SI"
[1] "ZBRA"
[1] "H.TO"
[1] "ELE.MC"
[1] "CMS"
[1] "CEG"
[1] "CNP"
[1] "BIP"
[1] "PKI"
[1] "PWF-PZ.TO"
[1] "BILL"
[1] "REP.MC"
[1] "UMC"
[1] "ALNY"
[1] "BRO"
[1] "FLT"
[1] "ICLR"
[1] "MKL"
[1] "HPE"
[1] "VMNVX"
[1] "ENEV3.SA"
[1] "IFC-PG.TO"
[1] "CPLE6.SA"
[1] "DOCU"
[1] "STT-PG"
[1] "FMS"
[1] "MOH"
[1] "COO"
[1] "GIB"
[1] "TEP.PA"
[1] "BXP"
[1] "TRPL4.SA"
[1] "RF"
[1] "SJR-B.TO"
[1] "STT-PD"
[1] "TS"
[1] "HBAN"
[1] "CS"
[1] "VIAC"
[1] "PWR"
[1] "VIE.PA"
[1] "PAYC"
[1] "HOLX"
[1] "VIACA"
[1] "AVTR"
[1] "VIV"
[1] "AKAM"
[1] "HIG-PG"
[1] "MRO"
[1] "SYF"
[1] "KB"
[1] "MPWR"
[1] "SWKS"
[1] "CHKP"
[1] "IR"
[1] "PEAK"
[1] "WSP.TO"
[1] "GLE.PA"
[1] "AGR"
[1] "FER.MC"
[1] "KEY"
[1] "FSDPX"
[1] "BGNE"
[1] "J"
[1] "RKT"
[1] "PFG"
[1] "GPC"
[1] "SFEPX"
[1] "ACGL"
[1] "KEY-PK"
[1] "PKX"
[1] "ERF.PA"
[1] "APP"
[1] "PODD"
[1] "WMG"
[1] "FLTR.IR"
[1] "SSNC"
[1] "MGM"
[1] "INCY"
[1] "WRB"
[1] "KRZ.IR"
[1] "FITBI"
[1] "JBHT"
[1] "CVNA"
[1] "TRU"
[1] "HEI"
[1] "HEI-A"
[1] "MGA"
[1] "TRGP"
[1] "BR"
[1] "CLX"
[1] "NUAN"
[1] "WAT"
[1] "UI"
[1] "STX"
[1] "YUMC"
[1] "JFRNX"
[1] "IP"
[1] "Y92.SI"
[1] "BG"
[1] "JCAPX"
[1] "AMCR"
[1] "IFC-PE.TO"
[1] "ARGX"
[1] "CPT"
[1] "EPAM"
[1] "CAH"
[1] "HCICW"
[1] "CTLT"
[1] "LSXMB"
[1] "DISH"
[1] "OVV.TO"
[1] "BPY"
[1] "LSXMA"
[1] "MRU.TO"
[1] "LSXMK"
[1] "CFG"
[1] "LPLA"
[1] "FMC"
[1] "ROL"
[1] "FFH.TO"
[1] "TER"
[1] "CAG"
[1] "SHG"
[1] "CHSCM"
[1] "DISAU"
[1] "EMA.TO"
[1] "RYA.IR"
[1] "KSU-P"
[1] "TRMB"
[1] "SABRP"
[1] "BIO-B"
[1] "NTAP"
[1] "CHWY"
[1] "TYL"
[1] "UGPA3.SA"
[1] "JDCAX"
[1] "STLD"
[1] "SBNY"
[1] "APHKX"
[1] "SWETW"
[1] "ARTKX"
[1] "POOL"
[1] "PPD"
[1] "AMH"
[1] "APDKX"
[1] "SMTO3.SA"
[1] "SEDG"
[1] "JVAAX"
[1] "WAB"
[1] "TMTSU"
[1] "BWLAX"
[1] "TECH"
[1] "BRFS3.SA"
[1] "FLCSX"
[1] "BFOCX"
[1] "DRI"
[1] "BIO"
[1] "AIEAX"
[1] "ICL"
[1] "AES"
[1] "OMC"
[1] "TIBIX"
[1] "TIBMX"
[1] "EVRG"
[1] "DGX"
[1] "ATO"
[1] "C6L.SI"
[1] "ARGX.BR"
[1] "BEP-PM.TO"
[1] "AA"
[1] "EXPD"
[1] "ACI"
[1] "CLF"
[1] "TIBGX"
[1] "LNT"
[1] "TIBAX"
[1] "TIBRX"
[1] "BEP-PK.TO"
[1] "TIBCX"
[1] "KEY-PI"
[1] "IRM"
[1] "KEY-PJ"
[1] "RY4C.IR"
[1] "L"
[1] "ACC"
[1] "GNRC"
[1] "ATH"
[1] "SSL"
[1] "HFMVX"
[1] "FDS"
[1] "FEYAX"
[1] "TTWO"
[1] "EQT"
[1] "WPC"
[1] "XM"
[1] "ZNH"
[1] "AVTR-PA"
[1] "JARTX"
[1] "TFX"
[1] "CCO.TO"
[1] "XP"
[1] "FWONK"
[1] "FWONA"
[1] "TRMCX"
[1] "TRMIX"
[1] "WLK"
[1] "CE"
[1] "IEP"
[1] "KRX.IR"
[1] "TAMVX"
[1] "DODBX"
[1] "CFG-PD"
[1] "THISX"
[1] "PRHSX"
[1] "KIM"
[1] "SUZ"
[1] "NLOK"
[1] "SJR"
[1] "USIM5.SA"
[1] "TBCPW"
[1] "FRC-PI"
[1] "ELS"
[1] "VEDL"
[1] "RRMVX"
[1] "WN-PA.TO"
[1] "PKG"
[1] "BMRN"
[1] "ZEN"
[1] "TPX-B.TO"
[1] "CA.PA"
[1] "CG"
[1] "ACGLP"
[1] "APA"
[1] "XYL"
[1] "SJM"
[1] "ROKU"
[1] "HLMGX"
[1] "CNP.PA"
[1] "ALUP11.SA"
[1] "C38U.SI"
[1] "ENTG"
[1] "TCOM"
[1] "PLUG"
[1] "LDOS"
[1] "NVR"
[1] "TXT"
[1] "HWM"
[1] "KMX"
[1] "CZR"
[1] "ETSY"
[1] "ALPA4.SA"
[1] "CCK"
[1] "PINS"
[1] "UAL"
[1] "JKHY"
[1] "IVN.TO"
[1] "ACH"
[1] "EBR-B"
[1] "EBR"
[1] "IEX"
[1] "WDC"
[1] "FRC-PH"
[1] "GDDY"
[1] "CRL"
[1] "RF-PC"
[1] "ASX"
[1] "BIDI4.SA"
[1] "ADP.PA"
[1] "OTEX.TO"
[1] "MULT3.SA"
[1] "BIDI3.SA"
[1] "JDCRX"
[1] "BURL"
[1] "WPP"
[1] "WOLF"
[1] "HST"
[1] "PRDGX"
[1] "PDGIX"
[1] "GFL.TO"
[1] "TADGX"
[1] "DPZ"
[1] "BPYPP"
[1] "CPB"
[1] "ABMD"
[1] "EMN"
[1] "PUB.PA"
[1] "OVV"
[1] "NICE"
[1] "GFI"
[1] "AVY"
[1] "GBLB.BR"
[1] "ALLY"
[1] "ACGLO"
[1] "IPG"
[1] "APO-PB"
[1] "SNN"
[1] "LBTYB"
[1] "SPVZX"
[1] "EMA-PH.TO"
[1] "LU"
[1] "JHX"
[1] "LBTYK"
[1] "RF-PB"
[1] "LBTYA"
[1] "LKQ"
[1] "BOL.PA"
[1] "CNP-PB"
[1] "AAP"
[1] "VEVRX"
[1] "VEVIX"
[1] "ZWRKW"
[1] "MAA-PI"
[1] "AM.PA"
[1] "AQN.TO"
[1] "PSSA3.SA"
[1] "VTRS"
[1] "CNA"
[1] "CAR"
[1] "APO-PA"
[1] "FPH.NZ"
[1] "WRK"
[1] "MRFG3.SA"
[1] "KL.TO"
[1] "GETGX"
[1] "CHRW"
[1] "HBANO"
[1] "DAR"
[1] "VEVCX"
[1] "ENGI11.SA"
[1] "ENBR3.SA"
[1] "LCAM3.SA"
[1] "CTXS"
[1] "NI"
[1] "BEN"
[1] "SULA11.SA"
[1] "SC"
[1] "CSL"
[1] "SAP.TO"
[1] "S63.SI"
[1] "HNP"
[1] "SEV.PA"
[1] "NLY-PG"
[1] "KN.PA"
[1] "DT"
[1] "REXR"
[1] "HSIC"
[1] "WTRG"
[1] "IHG"
[1] "LAME3.SA"
[1] "CCJ"
[1] "LAME4.SA"
[1] "JACCX"
[1] "WBD"
[1] "AFG"
[1] "NWSA"
[1] "NWS"
[1] "NLY-PF"
[1] "CUBE"
[1] "NBA-WT"
[1] "CBOE"
[1] "BBWI"
[1] "NDSN"
[1] "VIV.PA"
[1] "ELAN"
[1] "DISCB"
[1] "DISCK"
[1] "ARX.TO"
[1] "DISCA"
[1] "LYFT"
[1] "AER"
[1] "AAL"
[1] "FHN"
[1] "AMUN.PA"
[1] "GOAU4.SA"
[1] "QRVO"
[1] "VAMO3.SA"
[1] "EDEN.PA"
[1] "LSI"
[1] "CGNX"
[1] "MEL.NZ"
[1] "CIPMX"
[1] "REG"
[1] "MPW"
[1] "EXAS"
[1] "FFIV"
[1] "CEA"
[1] "A17U.SI"
[1] "VNO-PL"
[1] "MIMSX"
[1] "CHK"
[1] "RS"
[1] "PNC-PP"
[1] "RHI"
[1] "Z"
[1] "ZG"
[1] "ENIA"
[1] "NMR"
[1] "BSY"
[1] "GRAB"
[1] "FNF"
[1] "NVEI.TO"
[1] "VNO-PM"
[1] "BN4.SI"
[1] "DIDI"
[1] "CONE"
[1] "LUMN"
[1] "HAS"
[1] "CTC-A.TO"
[1] "CTC.TO"
[1] "EQH"
[1] "TAP-A"
[1] "TAP"
[1] "EN.PA"
[1] "KOF"
[1] "MORN"
[1] "VER"
[1] "SBSW"
[1] "BAH"
[1] "MAS"
[1] "CDAY.TO"
[1] "DVA"
[1] "DHLTX"
[1] "FAASX"
[1] "GURIX"
[1] "BPAN4.SA"
[1] "CMA"
[1] "GLPI"
[1] "BAP"
[1] "PTC"
[1] "EMP-A.TO"
[1] "AUUDW"
[1] "NHICU"
[1] "LOGI"
[1] "GME"
[1] "PPX"
[1] "NGACU"
[1] "RE"
[1] "BVI.PA"
[1] "LAMR"
[1] "Y"
[1] "KEP"
[1] "GGG"
[1] "W"
[1] "JNPR"
[1] "TPL"
[1] "MLLOI.PA"
[1] "SCI"
[1] "APGYX"
[1] "WSO"
[1] "OTEX"
[1] "AIA.NZ"
[1] "SNA"
[1] "APGZX"
[1] "UHS"
[1] "TEVA"
[1] "CLVT"
[1] "AEG"
[1] "JLL"
[1] "H78.SI"
[1] "WSO-B"
[1] "LNC"
[1] "BIM.PA"
[1] "RPM"
[1] "HTHT"
[1] "GFL"
[1] "GOL"
[1] "AR"
[1] "PCTY"
[1] "FCPVX"
[1] "CENHW"
[1] "SLCE3.SA"
[1] "FAGNX"
[1] "LZOEX"
[1] "FEAM"
[1] "XLRN"
[1] "AIZ"
[1] "FICO"
[1] "IAM.PA"
[1] "BLDR"
[1] "SKM"
[1] "BCH"
[1] "SOF.BR"
[1] "BIIEX"
[1] "AZPN"
[1] "MMP"
[1] "ACM"
[1] "NI-PB"
[1] "ENFAW"
[1] "UHAL"
[1] "ADGZX"
[1] "CBAV3.SA"
[1] "SOMA3.SA"
[1] "SCMIX"
[1] "H"
[1] "S68.SI"
[1] "ARCC"
[1] "WSM"
[1] "CCIZX"
[1] "QGEN"
[1] "ILD.PA"
[1] "CAE.TO"
[1] "EWBC"
[1] "CFLT"
[1] "CIB"
[1] "GMAT3.SA"
[1] "MGP"
[1] "VST"
[1] "AQN"
[1] "XRAY"
[1] "MTN"
[1] "CU-X.TO"
[1] "CU.TO"
[1] "GGB"
[1] "ANA.MC"
[1] "AGCO"
[1] "FLGEX"
[1] "WES"
[1] "BKI"
[1] "TDOC"
[1] "ELI.BR"
[1] "REE.MC"
[1] "WFG.TO"
[1] "JAZZ"
[1] "PATH"
[1] "HRC"
[1] "SW.PA"
[1] "HCP"
[1] "KL"
[1] "BSAC"
[1] "ALCKX"
[1] "GGPS3.SA"
[1] "IGM.TO"
[1] "GL"
[1] "DOX"
[1] "CCL-B.TO"
[1] "PHM"
[1] "FCNCA"
[1] "ZNGA"
[1] "G07.SI"
[1] "ARZZ3.SA"
[1] "SGRE.MC"
[1] "PFPT"
[1] "S"
[1] "RNG"
[1] "APGAX"
[1] "BHC.TO"
[1] "EMBR3.SA"
[1] "C07.SI"
[1] "K.TO"
[1] "MKTX"
[1] "LUN.TO"
[1] "HUBB"
[1] "AOS"
[1] "AFRM"
[1] "TIH.TO"
There were 50 or more warnings (use warnings() to see the first 50)
[1] "FINAL WHISTLE:  2022-04-15 10:55:56"
Warning message:
package 'tidyr' was built under R version 4.0.5 

Attaching package: 'dplyr'

The following objects are masked from 'package:stats':

    filter, lag

The following objects are masked from 'package:base':

    intersect, setdiff, setequal, union

Warning message:
package 'dplyr' was built under R version 4.0.5 
Loading required package: httr
[1] "KICK-OFF :  2022-04-16 08:45:58"
Your original .Renviron will be backed up and stored in your R HOME directory if needed.
Your API key has been stored in your .Renviron file and can be accessed by `Sys.getenv('FMP_API_KEY')`
To use now, restart R or run `readRenviron('~/.Renviron')`
[1] "ce687b3fe0554890e65d6a5e48f601f9"
There were 13 warnings (use warnings() to see them)
[1] "AAPL"
[1] "MSF.BR"
[1] "MSFT"
[1] "GOOG"
[1] "GOOGL"
[1] "AMZN"
[1] "TSLA"
[1] "VTSAX"
[1] "BRK-B"
[1] "BRK-A"
[1] "FB"
[1] "NVDA"
[1] "TSM"
[1] "UNH"
[1] "JNJ"
[1] "V"
[1] "VALE3.SA"
[1] "PETR3.SA"
[1] "WMT"
[1] "PETR4.SA"
[1] "PG"
[1] "XOM"
[1] "JPM"
[1] "MA"
[1] "JPM-PC"
[1] "CHTEX.BR"
[1] "CVX"
[1] "JPM-PD"
[1] "MC.PA"
[1] "HD"
[1] "BAC"
[1] "PFE"
[1] "LLY"
[1] "ABBV"
[1] "KO"
[1] "GJS"
[1] "BHP"
[1] "NVO"
[1] "BML-PG"
[1] "COST"
[1] "BML-PH"
[1] "BML-PL"
[1] "BABA"
[1] "BAC-PE"
[1] "BAC-PB"
[1] "BAC-PK"
[1] "BML-PJ"
[1] "BAC-PL"
[1] "ASML"
[1] "ITUB4.SA"
[1] "PEP"
[1] "DIS"
[1] "AVGO"
[1] "ABEV3.SA"
[1] "TM"
[1] "VZ"
[1] "TMO"
[1] "AZN"
[1] "MRK"
[1] "CMCSA"
[1] "SHEL"
[1] "CIS.BR"
[1] "CSCO"
[1] "ORCL"
[1] "NKE"
[1] "BBDC3.SA"
[1] "BBDC4.SA"
[1] "ABT"
[1] "NVS"
[1] "MRK.PA"
[1] "ACN"
[1] "WFC-PY"
[1] "ADBE"
[1] "WFC-PQ"
[1] "DHR"
[1] "RDS-B"
[1] "RDS-A"
[1] "WFC-PL"
[1] "INCO.BR"
[1] "RY.TO"
[1] "OR.PA"
[1] "RY-PZ.TO"
[1] "WFC-PR"
[1] "CRM"
[1] "INTC"
[1] "MCD"
[1] "WFC"
[1] "RDSB.AS"
[1] "RDSA.AS"
[1] "TD.TO"
[1] "DHR-PA"
[1] "TMUS"
[1] "BMY"
[1] "UPS"
[1] "TD-PFK.TO"
[1] "NEE"
[1] "BBL"
[1] "LIN"
[1] "TXN"
[1] "TD-PFI.TO"
[1] "PM"
[1] "SCHW"
[1] "RTX"
[1] "UNP"
[1] "QCOM"
[1] "RY"
[1] "SANB11.SA"
[1] "NFLX"
[1] "AMD"
[1] "PTR"
[1] "TBB"
[1] "MS"
[1] "C-PJ"
[1] "MDT"
[1] "TD-PFL.TO"
[1] "T"
[1] "SNY"
[1] "HSBC"
[1] "AXP"
[1] "BX"
[1] "CVS"
[1] "LOW"
[1] "AMGN"
[1] "WEGE3.SA"
[1] "TD"
[1] "SPGI"
[1] "RMS.PA"
[1] "DE"
[1] "HON"
[1] "RIO"
[1] "TTE"
[1] "INTU"
[1] "COP"
[1] "SAN.PA"
[1] "EQNR"
[1] "LMT"
[1] "ANTM"
[1] "WFC-PC"
[1] "SAP"
[1] "SMMCX"
[1] "CAT"
[1] "TTE.PA"
[1] "DEO"
[1] "PLD"
[1] "PYPL"
[1] "QUAYX"
[1] "BUD"
[1] "ENB.TO"
[1] "GSK"
[1] "KLBN11.SA"
[1] "AMT"
[1] "CSXCX"
[1] "UL"
[1] "IBM"
[1] "BOEI.BR"
[1] "CNR.TO"
[1] "DGE.PA"
[1] "SONY"
[1] "ABI.BR"
[1] "CDI.PA"
[1] "ABNB"
[1] "TGT"
[1] "HDB"
[1] "GS"
[1] "BAM-A.TO"
[1] "BA"
[1] "CATR.PA"
[1] "CHTR"
[1] "BLK"
[1] "RY-PT"
[1] "BNS.TO"
[1] "BP"
[1] "NOW"
[1] "PBR"
[1] "RRTVX"
[1] "FIRVX"
[1] "ISRG"
[1] "MSGTX"
[1] "C"
[1] "BBAS3.SA"
[1] "AMAT"
[1] "GE"
[1] "JD"
[1] "MO"
[1] "LFC"
[1] "SYK"
[1] "BTI"
[1] "BMO.TO"
[1] "CNQ.TO"
[1] "ADP"
[1] "EL"
[1] "VALE"
[1] "SIA.BR"
[1] "ENB"
[1] "VWA.BR"
[1] "GNE.PA"
[1] "INFY"
[1] "SHOP.TO"
[1] "SBUX"
[1] "BKNG"
[1] "VWAP.BR"
[1] "VIVT3.SA"
[1] "ITSA4.SA"
[1] "ITSA3.SA"
[1] "CP.TO"
[1] "CB"
[1] "CNI"
[1] "DUK"
[1] "ZTS"
[1] "MDLZ"
[1] "B3SA3.SA"
[1] "CFWIX"
[1] "JBSS3.SA"
[1] "D05.SI"
[1] "DTEL.BR"
[1] "JTSCX"
[1] "BAM"
[1] "CME"
[1] "MMC"
[1] "NGT.TO"
[1] "DODGX"
[1] "BPAC11.SA"
[1] "KMDVX"
[1] "MMM"
[1] "RDOR3.SA"
[1] "AIR.PA"
[1] "GIBIX"
[1] "CCI"
[1] "USB-PH"
[1] "CI"
[1] "ADI"
[1] "GNL-PB"
[1] "BNS"
[1] "SO"
[1] "REGN"
[1] "USB-PP"
[1] "SU.PA"
[1] "HCA"
[1] "SNP"
[1] "USB"
[1] "MU"
[1] "NTR.TO"
[1] "CTA-PB"
[1] "GILD"
[1] "BDX"
[1] "AI.PA"
[1] "TCMIX"
[1] "CNQ"
[1] "CSX"
[1] "BMO"
[1] "FDCGX"
[1] "USB-PM"
[1] "BLTSU"
[1] "POGRX"
[1] "GS-PA"
[1] "MUFG"
[1] "MS-PA"
[1] "EW"
[1] "PBR-A"
[1] "HAPV3.SA"
[1] "TJX"
[1] "RBRCX"
[1] "VRTX"
[1] "EL.PA"
[1] "PNC"
[1] "TBCIX"
[1] "GS-PD"
Error in curl::curl_fetch_memory(url, handle = handle) : 
  Could not resolve host: financialmodelingprep.com
Calls: stocksPicker ... request_fetch -> request_fetch.write_memory -> <Anonymous>
In addition: There were 50 or more warnings (use warnings() to see the first 50)
Execution halted
Warning message:
package 'tidyr' was built under R version 4.0.5 

Attaching package: 'dplyr'

The following objects are masked from 'package:stats':

    filter, lag

The following objects are masked from 'package:base':

    intersect, setdiff, setequal, union

Warning message:
package 'dplyr' was built under R version 4.0.5 
Loading required package: httr
[1] "KICK-OFF :  2022-04-20 08:45:02"
Your original .Renviron will be backed up and stored in your R HOME directory if needed.
Your API key has been stored in your .Renviron file and can be accessed by `Sys.getenv('FMP_API_KEY')`
To use now, restart R or run `readRenviron('~/.Renviron')`
[1] "ce687b3fe0554890e65d6a5e48f601f9"
There were 13 warnings (use warnings() to see them)
[1] "AAPL"
[1] "MSF.BR"
[1] "MSFT"
[1] "GOOG"
[1] "GOOGL"
[1] "AMZN"
[1] "TSLA"
[1] "VTSAX"
[1] "BRK-A"
[1] "BRK-B"
[1] "FB"
[1] "NVDA"
[1] "TSM"
[1] "UNH"
[1] "JNJ"
[1] "V"
[1] "PETR4.SA"
[1] "WMT"
[1] "PETR3.SA"
[1] "VALE3.SA"
[1] "JPM"
[1] "PG"
[1] "XOM"
[1] "MA"
[1] "CHTEX.BR"
[1] "CVX"
[1] "JPM-PC"
[1] "JPM-PD"
[1] "HD"
[1] "MC.PA"
[1] "BAC"
[1] "PFE"
[1] "LLY"
[1] "KO"
[1] "GJS"
[1] "BHP"
[1] "ABBV"
[1] "BML-PG"
[1] "COST"
[1] "NVO"
[1] "BABA"
[1] "BML-PH"
[1] "BML-PL"
[1] "BAC-PB"
[1] "BAC-PE"
[1] "BAC-PK"
[1] "ASML"
[1] "AVGO"
[1] "BML-PJ"
[1] "DIS"
[1] "PEP"
[1] "BAC-PL"
[1] "ITUB4.SA"
[1] "TM"
[1] "ABEV3.SA"
[1] "VZ"
[1] "TMO"
[1] "SHEL"
[1] "CMCSA"
[1] "MRK"
[1] "NKE"
[1] "CIS.BR"
[1] "CSCO"
[1] "ORCL"
[1] "AZN"
[1] "ABT"
[1] "BBDC3.SA"
[1] "BBDC4.SA"
[1] "ADBE"
[1] "NVS"
[1] "ACN"
[1] "MRK.PA"
[1] "WFC-PY"
[1] "WFC-PQ"
[1] "RY.TO"
[1] "RDS-B"
[1] "RDS-A"
[1] "INTC"
[1] "INCO.BR"
[1] "DHR"
[1] "WFC-PL"
[1] "WFC-PR"
[1] "OR.PA"
[1] "CRM"
[1] "MCD"
[1] "RY-PZ.TO"
[1] "WFC"
[1] "RDSB.AS"
[1] "RDSA.AS"
[1] "TD.TO"
[1] "DHR-PA"
[1] "UPS"
[1] "TMUS"
[1] "TXN"
[1] "BMY"
[1] "BBL"
[1] "TD-PFK.TO"
[1] "LIN"
[1] "NEE"
[1] "PM"
[1] "QCOM"
[1] "TD-PFI.TO"
[1] "AMD"
[1] "RY"
[1] "MS"
[1] "RTX"
[1] "NFLX"
[1] "UNP"
[1] "SANB11.SA"
[1] "TBB"
[1] "MDT"
[1] "C-PJ"
[1] "PTR"
[1] "SCHW"
[1] "TD-PFL.TO"
[1] "BX"
[1] "AXP"
[1] "FMX"
[1] "T"
[1] "SNY"
[1] "HSBC"
[1] "SPGI"
[1] "INTU"
[1] "CVS"
[1] "TD"
[1] "AMGN"
[1] "HON"
[1] "DE"
[1] "LOW"
[1] "TTE"
[1] "WEGE3.SA"
[1] "COP"
[1] "RIO"
[1] "RMS.PA"
[1] "SAN.PA"
[1] "PLD"
[1] "WFC-PC"
[1] "ANTM"
[1] "CAT"
[1] "SAP"
[1] "EQNR"
[1] "LMT"
[1] "SMMCX"
[1] "TTE.PA"
[1] "PYPL"
[1] "BUD"
[1] "QUAYX"
[1] "ENB.TO"
[1] "AMT"
[1] "DEO"
[1] "GSK"
[1] "KLBN11.SA"
[1] "IBM"
[1] "UL"
[1] "CSXCX"
[1] "TGT"
[1] "ABI.BR"
[1] "GS"
[1] "BOEI.BR"
[1] "CNR.TO"
[1] "SONY"
[1] "CDI.PA"
[1] "BA"
[1] "CATR.PA"
[1] "ABNB"
[1] "BAM-A.TO"
[1] "DGE.PA"
[1] "CHTR"
[1] "BLK"
[1] "ISRG"
[1] "AMAT"
[1] "BNS.TO"
[1] "NOW"
[1] "C"
[1] "BP"
[1] "SYK"
[1] "HDB"
[1] "GE"
[1] "RY-PT"
[1] "RRTVX"
[1] "FIRVX"
[1] "BBAS3.SA"
[1] "MSGTX"
[1] "MO"
[1] "EL"
[1] "CNQ.TO"
[1] "BTI"
[1] "PBR"
[1] "BMO.TO"
[1] "VWAP.BR"
[1] "ADP"
[1] "SIA.BR"
[1] "SHOP.TO"
[1] "LFC"
[1] "ENB"
[1] "VWA.BR"
[1] "SBUX"
[1] "GNE.PA"
[1] "BKNG"
[1] "CP.TO"
[1] "MDLZ"
[1] "ITSA3.SA"
[1] "ITSA4.SA"
[1] "CNI"
[1] "VALE"
[1] "CB"
[1] "JD"
[1] "VIVT3.SA"
[1] "DUK"
[1] "B3SA3.SA"
[1] "ZTS"
[1] "CFWIX"
[1] "BPAC11.SA"
[1] "MMC"
[1] "BAM"
[1] "INFY"
[1] "DODGX"
[1] "JTSCX"
[1] "DTEL.BR"
[1] "D05.SI"
[1] "MMM"
[1] "ADI"
[1] "KMDVX"
[1] "JBSS3.SA"
[1] "CME"
[1] "RDOR3.SA"
[1] "CCI"
[1] "GIBIX"
[1] "AIR.PA"
[1] "CI"
[1] "USB-PH"
[1] "NGT.TO"
[1] "BNS"
[1] "GNL-PB"
[1] "MU"
[1] "SO"
[1] "SU.PA"
[1] "HCA"
[1] "NTR.TO"
[1] "GILD"
[1] "USB"
[1] "USB-PP"
[1] "CNQ"
[1] "REGN"
[1] "CTA-PB"
[1] "EW"
[1] "BMO"
[1] "TJX"
[1] "TCMIX"
[1] "CSX"
[1] "SNP"
[1] "SHOP"
[1] "FDCGX"
[1] "AI.PA"
[1] "PBR-A"
[1] "HAPV3.SA"
[1] "USB-PM"
[1] "MUFG"
[1] "BLTSU"
[1] "POGRX"
[1] "BDX"
[1] "TBCIX"
[1] "EL.PA"
[1] "TRBCX"
[1] "GS-PA"
[1] "PNC"
[1] "MS-PA"
[1] "FCX"
[1] "RBRCX"
[1] "SQ"
[1] "PABGX"
[1] "PSA"
[1] "NOC"
[1] "CP"
[1] "VRTX"
[1] "BCE-PY.TO"
[1] "GS-PD"
[1] "EOG"
[1] "TRP.TO"
[1] "SUZB3.SA"
[1] "AON"
[1] "AMOV"
[1] "AMX"
[1] "GS-PJ"
[1] "D"
[1] "IBN"
[1] "BCE-PA.TO"
[1] "MS-PI"
[1] "TEAM"
[1] "TFC"
[1] "RRBGX"
[1] "ICE"
[1] "NSC"
[1] "EQIX"
[1] "GD"
[1] "MS-PK"
[1] "GRNVU"
[1] "PRUFX"
[1] "PRGFX"
[1] "MS-PF"
[1] "CL"
[1] "KER.PA"
[1] "GS-PK"
[1] "LRCX"
[1] "BCE.TO"
[1] "IBE.MC"
[1] "FISV"
[1] "MS-PE"
[1] "UBER"
[1] "WM"
[1] "TRSAX"
[1] "CM.TO"
[1] "SHW"
[1] "NEM"
[1] "ITX.MC"
[1] "BSX"
[1] "TRI.TO"
[1] "PGR"
[1] "F"
[1] "BNP.PA"
[1] "DODFX"
[1] "FIS"
[1] "ELET6.SA"
[1] "ELET3.SA"
[1] "ITW"
[1] "RRGSX"
[1] "CTA-PA"
[1] "NTES"
[1] "NTR"
[1] "DUK-PA"
[1] "SNOW"
[1] "PANW"
[1] "MCO"
[1] "MAR"
[1] "DCUE"
[1] "ATVI"
[1] "MRNA"
[1] "SU.TO"
[1] "SLB"
[1] "ATD.TO"
[1] "CS.PA"
[1] "GM"
[1] "RELX"
[1] "PXD"
[1] "ABB"
[1] "UBS"
[1] "FBAKX"
[1] "NNGAX"
[1] "SE"
[1] "SPG-PJ"
[1] "MET"
[1] "JAENX"
[1] "EPD"
[1] "FFTHX"
[1] "CNU.TO"
[1] "SAN"
[1] "JGISX"
[1] "DG"
[1] "ETN"
[1] "HUM"
[1] "COF"
[1] "SLB.PA"
[1] "MELI"
[1] "BSBR"
[1] "EMR"
[1] "OXY"
[1] "WDAY"
[1] "TRP"
[1] "SCCO"
[1] "ABX.TO"
[1] "CCZ"
[1] "NGG"
[1] "FTNT"
[1] "SAN.MC"
[1] "APD"
[1] "SANTA.BR"
[1] "SNAP"
[1] "E"
[1] "O39.SI"
[1] "FDX"
[1] "ITUB"
[1] "MRVL"
[1] "ADM"
[1] "SRE"
[1] "ILMN"
[1] "KDP"
[1] "CEO"
[1] "BCE"
[1] "ATD-B.TO"
[1] "CRWD"
[1] "DSY.PA"
[1] "CM"
[1] "KHC"
[1] "GOLL4.SA"
[1] "MFC.TO"
[1] "WBK"
[1] "U11.SI"
[1] "BBSE3.SA"
[1] "TRI"
[1] "LULU"
[1] "ECL"
[1] "AEP"
[1] "SSPGX"
[1] "DG.PA"
[1] "AIG"
[1] "SCHW-PD"
[1] "KLAC"
[1] "RI.PA"
[1] "CBDYX"
[1] "ENI.BR"
[1] "MPC"
[1] "CNC"
[1] "PDD"
[1] "LHX"
[1] "PAYX"
[1] "STZ-B"
[1] "ABEV"
[1] "SPG"
[1] "DOW"
[1] "SU"
[1] "ROP"
[1] "STZ"
[1] "VOD"
[1] "MCK"
[1] "BBD"
[1] "EXC"
[1] "ORLY"
[1] "XLNX"
[1] "DXCM"
[1] "CSU.TO"
[1] "KKR"
[1] "GGBR4.SA"
[1] "VMW"
[1] "NXPI"
[1] "SNPS"
[1] "HSY"
[1] "NUE"
[1] "MSFLX"
[1] "T.TO"
[1] "CMG"
[1] "TAEE11.SA"
[1] "HLT"
[1] "IQV"
[1] "TAK"
[1] "STLA"
[1] "CVE.TO"
[1] "MNST"
[1] "BBDO"
[1] "CTSH"
[1] "PRU"
[1] "WCN.TO"
[1] "HMC"
[1] "MET-PE"
[1] "SAF.PA"
[1] "SYY"
[1] "JCI"
[1] "GOLD"
[1] "KMI"
[1] "CTVA"
[1] "O"
[1] "ADSK"
[1] "VLO"
[1] "MET-PA"
[1] "WELL"
[1] "RENT3.SA"
[1] "BIDU"
[1] "AIG-PA"
[1] "CRFB3.SA"
[1] "DLR"
[1] "AZO"
[1] "INFO"
[1] "CDNS"
[1] "GIS"
[1] "WMB"
[1] "DDOG"
[1] "PSX"
[1] "CTAS"
[1] "KMB"
[1] "IMO.TO"
[1] "AFL"
[1] "APH"
[1] "Z74.SI"
[1] "CSAN3.SA"
[1] "TRV"
[1] "RSG"
[1] "IDXX"
[1] "SMFG"
[1] "DVN"
[1] "KR"
[1] "GNDI3.SA"
[1] "RACE"
[1] "MFC"
[1] "PSA-PH"
[1] "LYG"
[1] "HPQ"
[1] "XEL"
[1] "GPN"
[1] "CPFE3.SA"
[1] "TEL"
[1] "ALXN"
[1] "SLF.TO"
[1] "MSCI"
[1] "FNV.TO"
[1] "BKR"
[1] "COIN"
[1] "MGLU3.SA"
[1] "ANET"
[1] "L.TO"
[1] "BNTX"
[1] "WBA"
[1] "MSI"
[1] "ALL"
[1] "PSA-PK"
[1] "SBAC"
[1] "ING"
[1] "DLTR"
[1] "TBGVX"
[1] "ALC"
[1] "PUK"
[1] "MSGRX"
[1] "BAX"
[1] "MCHP"
[1] "NIO"
[1] "WIT"
[1] "A"
[1] "ROST"
[1] "AJG"
[1] "BK"
[1] "ASPCW"
[1] "RCI-B.TO"
[1] "HAL"
[1] "LCID"
[1] "DASH"
[1] "RADL3.SA"
[1] "AEM.TO"
[1] "EC"
[1] "PEG"
[1] "DELL"
[1] "TU"
[1] "PH"
[1] "TRAIX"
[1] "PRWCX"
[1] "CARR"
[1] "LYB"
[1] "ET"
[1] "NET"
[1] "BN.PA"
[1] "YUM"
[1] "CVE"
[1] "PACLX"
[1] "TDG"
[1] "BBVA"
[1] "HES"
[1] "WCN"
[1] "EGIE3.SA"
[1] "EQR"
[1] "MPLX"
[1] "LNG"
[1] "GIOIX"
[1] "TSN"
[1] "TWTR"
[1] "DD"
[1] "APO"
[1] "RMD"
[1] "TT"
[1] "EA"
[1] "NTCO3.SA"
[1] "VRSK"
[1] "ED"
[1] "ALL-PH"
[1] "BRKM5.SA"
[1] "RIVN"
[1] "QSR.TO"
[1] "CHT"
[1] "AVB"
[1] "RPTIX"
[1] "RPMGX"
[1] "GWO.TO"
[1] "STM"
[1] "ABC"
[1] "QFVOX"
[1] "IMO"
[1] "MEURV.BR"
[1] "BBVA.MC"
[1] "DFS"
[1] "ALGN"
[1] "RAIL3.SA"
[1] "CSNA3.SA"
[1] "NU"
[1] "ZM"
[1] "EDF.PA"
[1] "TROW"
[1] "SBSP3.SA"
[1] "WEC"
[1] "TIMS3.SA"
[1] "PAMCX"
[1] "JLVZX"
[1] "AMP"
[1] "BBV.BR"
[1] "BIIB"
[1] "BCS"
[1] "FAST"
[1] "STM.PA"
[1] "CAP.PA"
[1] "TLK"
[1] "TTD"
[1] "EBAY"
[1] "ALL-PB"
[1] "ZS"
[1] "ARE"
[1] "OKE"
[1] "ORAN"
[1] "PPL-PC.TO"
[1] "PPL-PA.TO"
[1] "NA.TO"
[1] "ES"
[1] "ASZ-UN"
[1] "BF-A"
[1] "ALL-PG"
[1] "CMIN3.SA"
[1] "BF-B"
[1] "OTIS"
[1] "MFG"
[1] "SLF"
[1] "ACA.PA"
[1] "IFF"
[1] "IFC.TO"
[1] "FNV"
[1] "SIVB"
[1] "DIM.PA"
[1] "ROK"
[1] "ODFL"
[1] "PPL-PQ.TO"
[1] "RRMGX"
[1] "PARKX"
[1] "UDR"
[1] "TEF"
[1] "CLNX.MC"
[1] "WY"
[1] "NWG"
[1] "VEEV"
[1] "EXR"
[1] "PPG"
[1] "TECK-A.TO"
[1] "BEP-UN.TO"
[1] "CRH"
[1] "TW"
[1] "FTS.TO"
[1] "GWO-PN.TO"
[1] "MTD"
[1] "AME"
[1] "MT"
[1] "APTV"
[1] "AWK"
[1] "PCAR"
[1] "NDAQ"
[1] "GEN.BR"
[1] "RPRX"
[1] "RCI"
[1] "NOK"
[1] "ORA.PA"
[1] "CPNG"
[1] "FERG"
[1] "ERIC"
[1] "GLW"
[1] "FRC"
[1] "HRL"
[1] "AEM"
[1] "LVS"
[1] "TECK-B.TO"
[1] "NRZ-PC"
[1] "ENGI.PA"
[1] "MTB"
[1] "EXPE"
[1] "CRG.IR"
[1] "BRDT3.SA"
[1] "FM.TO"
[1] "WPM.TO"
[1] "TFA.BR"
[1] "WLTW"
[1] "F34.SI"
[1] "CPRT"
[1] "CMI"
[1] "CBRE"
[1] "FRSGU"
[1] "MOS"
[1] "RYCIX"
[1] "TEF.MC"
[1] "BLL"
[1] "FMIVU"
[1] "NTGY.MC"
[1] "GFS"
[1] "MDB"
[1] "LUV"
[1] "FITB"
[1] "FCHKX"
[1] "NOKIA.PA"
[1] "EQTL3.SA"
[1] "CCRO3.SA"
[1] "CMIG4.SA"
[1] "MXIM"
[1] "WTW"
[1] "PPL.TO"
[1] "DAL"
[1] "WST"
[1] "FNCMX"
[1] "STT"
[1] "CERN"
[1] "KBC.BR"
[1] "QSR"
[1] "SGO.PA"
[1] "HBANN"
[1] "EIX"
[1] "ZBH"
[1] "IBKR"
[1] "HO.PA"
[1] "MKC"
[1] "MKC-V"
[1] "TRLGX"
[1] "FE"
[1] "KEYS"
[1] "U"
[1] "GEQYX"
[1] "EFX"
[1] "LI"
[1] "MTCH"
[1] "CQP"
[1] "KSU"
[1] "DTE"
[1] "POW.TO"
[1] "SGEN"
[1] "WORK"
[1] "SPOT"
[1] "EON.BR"
[1] "ENPH"
[1] "TWLO"
[1] "HZNP"
[1] "QSP-UN.TO"
[1] "INVH"
[1] "DHI"
[1] "DLR-PK"
[1] "PLTR"
[1] "AMS.MC"
[1] "FTV-PA"
[1] "DLR-PJ"
[1] "GWW"
[1] "PHG"
[1] "LREN3.SA"
[1] "LYV"
[1] "ALB"
[1] "BIP-UN.TO"
[1] "URI"
[1] "ANSS"
[1] "ETR"
[1] "SIRI"
[1] "NA-PE.TO"
[1] "LH"
[1] "L-PB.TO"
[1] "CABK.MC"
[1] "IT"
[1] "GIB-A.TO"
[1] "AMER3.SA"
[1] "CAJ"
[1] "CSGP"
[1] "RRTRX"
[1] "NA-PC.TO"
[1] "AEE"
[1] "CXSE3.SA"
[1] "TSCO"
[1] "CHD"
[1] "RBLX"
[1] "GMAB"
[1] "STE"
[1] "CTRA"
[1] "XPEV"
[1] "DB"
[1] "ANZUU"
[1] "MAA"
[1] "PRJIX"
[1] "ON"
[1] "FANG"
[1] "PCG"
[1] "PRNHX"
[1] "SQM"
[1] "HIG"
[1] "VTR"
[1] "BEP"
[1] "ZI"
[1] "FTS"
[1] "VRSN"
[1] "HYPE3.SA"
[1] "CMLFU"
[1] "MG.TO"
[1] "PARA"
[1] "SWK"
[1] "VMC"
[1] "ARES"
[1] "ESS"
[1] "CDW"
[1] "RJF"
[1] "WN.TO"
[1] "CCL"
[1] "OKTA"
[1] "LBRDA"
[1] "LBRDK"
[1] "DRE"
[1] "CLR"
[1] "TECK"
[1] "NTRS"
[1] "K"
[1] "LEN"
[1] "LEN-B"
[1] "MLM"
[1] "WPM"
[1] "TOTS3.SA"
[1] "CCEP"
[1] "TDY"
[1] "AENA.MC"
[1] "ULTA"
[1] "VICI"
[1] "SUI"
[1] "CF"
[1] "VFC"
[1] "CINF"
[1] "LR.PA"
[1] "IX"
[1] "DOL.TO"
[1] "ASAI3.SA"
[1] "PPL"
[1] "PBA"
[1] "SPLK"
[1] "CUK"
[1] "DOV"
[1] "GRMN"
[1] "CEG"
[1] "BPY-UN.TO"
[1] "HUBS"
[1] "ML.PA"
[1] "TTM"
[1] "RCL"
[1] "BBY"
[1] "RYAAY"
[1] "ZBRA"
[1] "BILL"
[1] "FOX"
[1] "FOXA"
[1] "ZTO"
[1] "FTV"
[1] "POWRW"
[1] "CNHI"
[1] "UCB.BR"
[1] "LB"
[1] "ELP"
[1] "NEOE3.SA"
[1] "CMS"
[1] "ELE.MC"
[1] "HPE"
[1] "TOU.TO"
[1] "PRIO3.SA"
[1] "H.TO"
[1] "9CI.SI"
[1] "SYF"
[1] "BEKE"
[1] "UMC"
[1] "MPWR"
[1] "FLT"
[1] "HBAN"
[1] "RF"
[1] "DOCU"
[1] "PKI"
[1] "COO"
[1] "CNP"
[1] "BIP"
[1] "ICLR"
[1] "REP.MC"
[1] "CS"
[1] "GLE.PA"
[1] "FMS"
[1] "MKL"
[1] "VMNVX"
[1] "PWR"
[1] "TEP.PA"
[1] "GIB"
[1] "IFC-PG.TO"
[1] "BRO"
[1] "BGNE"
[1] "STT-PG"
[1] "PWF-PZ.TO"
[1] "BXP"
[1] "SWKS"
[1] "KEY"
[1] "MOH"
[1] "IR"
[1] "AKAM"
[1] "ALNY"
[1] "CPLE6.SA"
[1] "WSP.TO"
[1] "SJR-B.TO"
[1] "VIE.PA"
[1] "AVTR"
[1] "STT-PD"
[1] "VIAC"
[1] "MRO"
[1] "PAYC"
[1] "VIACA"
[1] "TS"
[1] "VIV"
[1] "HOLX"
[1] "TRPL4.SA"
[1] "J"
[1] "GPC"
[1] "ENEV3.SA"
[1] "HIG-PG"
[1] "PFG"
[1] "PODD"
[1] "PEAK"
[1] "KB"
[1] "MGA"
[1] "AGR"
[1] "FSDPX"
[1] "APP"
[1] "MGM"
[1] "CFG"
[1] "SFEPX"
[1] "FER.MC"
[1] "ACGL"
[1] "CHKP"
[1] "STX"
[1] "PKX"
[1] "RKT"
[1] "ERF.PA"
[1] "KEY-PK"
[1] "WRB"
[1] "HEI-A"
[1] "HEI"
[1] "SSNC"
[1] "TRU"
[1] "YUMC"
[1] "IP"
[1] "JBHT"
[1] "FLTR.IR"
[1] "WAT"
[1] "TER"
[1] "SBNY"
[1] "CVNA"
[1] "JFRNX"
[1] "BR"
[1] "TRGP"
[1] "FITBI"
[1] "EPAM"
[1] "JCAPX"
[1] "ACC"
[1] "WMG"
[1] "KRZ.IR"
[1] "NUAN"
[1] "CLX"
[1] "UI"
[1] "CHWY"
[1] "AMCR"
[1] "ARGX"
[1] "Y92.SI"
[1] "IFC-PE.TO"
[1] "CPT"
[1] "BG"
[1] "INCY"
[1] "MRU.TO"
[1] "OVV.TO"
[1] "FMC"
[1] "DISH"
[1] "LPLA"
[1] "FFH.TO"
[1] "HCICW"
[1] "STLD"
[1] "CAG"
[1] "CAH"
[1] "TRMB"
[1] "BPY"
[1] "LSXMA"
[1] "LSXMK"
[1] "POOL"
[1] "AMH"
[1] "NTAP"
[1] "CTLT"
[1] "GNRC"
[1] "CHSCM"
[1] "ROL"
[1] "TYL"
[1] "LSXMB"
[1] "JDCAX"
[1] "DISAU"
[1] "EMA.TO"
[1] "KSU-P"
[1] "SHG"
[1] "DRI"
[1] "SABRP"
[1] "SEDG"
[1] "WAB"
[1] "OMC"
[1] "BIO"
[1] "APHKX"
[1] "SWETW"
[1] "ARTKX"
[1] "SMTO3.SA"
[1] "APDKX"
[1] "PPD"
[1] "RYA.IR"
[1] "EQT"
[1] "ACI"
[1] "EXPD"
[1] "WLK"
[1] "CLF"
[1] "BRFS3.SA"
[1] "FDS"
[1] "JVAAX"
[1] "ARGX.BR"
[1] "TMTSU"
[1] "BWLAX"
[1] "FLCSX"
[1] "BFOCX"
[1] "IRM"
[1] "AIEAX"
[1] "ATO"
[1] "BIDI3.SA"
[1] "WPC"
[1] "C6L.SI"
[1] "EVRG"
[1] "AES"
[1] "BIO-B"
[1] "TECH"
[1] "ZNH"
[1] "TIBIX"
[1] "DGX"
[1] "BEP-PM.TO"
[1] "TIBMX"
[1] "ICL"
[1] "PLUG"
[1] "TTWO"
[1] "UGPA3.SA"
[1] "L"
[1] "BEP-PK.TO"
[1] "KEY-PI"
[1] "TIBGX"
[1] "TIBAX"
[1] "TIBRX"
[1] "TIBCX"
[1] "RY4C.IR"
[1] "JARTX"
[1] "LNT"
[1] "ATH"
[1] "AA"
[1] "BIDI4.SA"
[1] "HFMVX"
[1] "KRX.IR"
[1] "KIM"
[1] "AVTR-PA"
[1] "FEYAX"
[1] "CE"
[1] "KEY-PJ"
[1] "CG"
[1] "TFX"
[1] "ELS"
[1] "ENTG"
[1] "IEP"
[1] "ROKU"
[1] "SSL"
[1] "XP"
[1] "TRMIX"
[1] "TRMCX"
[1] "ZEN"
[1] "FWONK"
[1] "FWONA"
[1] "DODBX"
[1] "TAMVX"
[1] "USIM5.SA"
[1] "NLOK"
[1] "KMX"
[1] "CFG-PD"
[1] "XM"
[1] "SJM"
[1] "TBCPW"
[1] "SJR"
[1] "TPX-B.TO"
[1] "APA"
[1] "XYL"
[1] "VEDL"
[1] "CZR"
[1] "PKG"
[1] "RRMVX"
[1] "WDC"
[1] "SUZ"
[1] "THISX"
[1] "PRHSX"
[1] "HWM"
[1] "CA.PA"
[1] "WN-PA.TO"
[1] "NVR"
[1] "CCO.TO"
[1] "FRC-PI"
[1] "ACGLP"
[1] "TXT"
[1] "TCOM"
[1] "PINS"
[1] "BURL"
[1] "HLMGX"
[1] "CNP.PA"
[1] "C38U.SI"
[1] "LDOS"
[1] "UAL"
[1] "CCK"
[1] "BMRN"
[1] "ALUP11.SA"
[1] "IEX"
[1] "JKHY"
[1] "ABMD"
[1] "ALLY"
[1] "ASX"
[1] "CRL"
[1] "ETSY"
[1] "ADP.PA"
[1] "HST"
[1] "GDDY"
[1] "IVN.TO"
[1] "RF-PC"
[1] "OTEX.TO"
[1] "JDCRX"
[1] "ALPA4.SA"
[1] "FRC-PH"
[1] "PUB.PA"
[1] "GFL.TO"
[1] "CAR"
[1] "DPZ"
[1] "LKQ"
[1] "WPP"
[1] "MULT3.SA"
[1] "WOLF"
[1] "EMN"
[1] "EBR-B"
[1] "EBR"
[1] "BPYPP"
[1] "SNN"
[1] "IPG"
[1] "PRDGX"
[1] "PDGIX"
[1] "TADGX"
[1] "CPB"
[1] "AVY"
[1] "OVV"
[1] "GBLB.BR"
[1] "ACH"
[1] "JHX"
[1] "HNP"
[1] "LU"
[1] "NICE"
[1] "LBTYK"
[1] "AAP"
[1] "LBTYB"
[1] "APO-PB"
[1] "VEVRX"
[1] "VEVIX"
[1] "LBTYA"
[1] "WRK"
[1] "ACGLO"
[1] "SPVZX"
[1] "BOL.PA"
[1] "EMA-PH.TO"
[1] "PSSA3.SA"
[1] "BEN"
[1] "CNP-PB"
[1] "DAR"
[1] "MAA-PI"
[1] "GETGX"
[1] "ZWRKW"
[1] "RF-PB"
[1] "FPH.NZ"
[1] "BBWI"
[1] "AQN.TO"
[1] "VTRS"
[1] "CNA"
[1] "REXR"
[1] "CSL"
[1] "APO-PA"
[1] "VEVCX"
[1] "KL.TO"
[1] "CHRW"
[1] "LCAM3.SA"
[1] "AM.PA"
[1] "HBANO"
[1] "AER"
[1] "ENGI11.SA"
[1] "NDSN"
[1] "NI"
[1] "SAP.TO"
[1] "MRFG3.SA"
[1] "S63.SI"
[1] "SULA11.SA"
[1] "CTXS"
[1] "NWS"
[1] "NWSA"
[1] "GFI"
[1] "BSY"
[1] "SC"
[1] "QRVO"
[1] "AAL"
[1] "GOAU4.SA"
[1] "SEV.PA"
[1] "IHG"
[1] "JACCX"
[1] "NLY-PG"
[1] "LYFT"
[1] "ARX.TO"
[1] "KN.PA"
[1] "MEL.NZ"
[1] "ENBR3.SA"
[1] "LAME3.SA"
[1] "RHI"
[1] "CGNX"
[1] "CBOE"
[1] "CUBE"
[1] "LAME4.SA"
[1] "LSI"
[1] "VIV.PA"
[1] "NLY-PF"
[1] "NBA-WT"
[1] "WTRG"
[1] "AMUN.PA"
[1] "VAMO3.SA"
[1] "FHN"
[1] "AFG"
[1] "DISCB"
[1] "DISCK"
[1] "NVEI.TO"
[1] "DISCA"
[1] "ELAN"
[1] "EDEN.PA"
[1] "REG"
[1] "CEA"
[1] "GRAB"
[1] "RS"
[1] "FFIV"
[1] "HSIC"
[1] "DT"
[1] "EQH"
[1] "HAS"
[1] "CIPMX"
[1] "BPAN4.SA"
[1] "TAP"
[1] "CTC-A.TO"
[1] "SNA"
[1] "EN.PA"
[1] "ENIA"
[1] "MIMSX"
[1] "FNF"
[1] "MAS"
[1] "A17U.SI"
[1] "CCJ"
[1] "BN4.SI"
[1] "PNC-PP"
[1] "EXAS"
[1] "FEAM"
[1] "ZG"
[1] "Z"
[1] "NMR"
[1] "VNO-PL"
[1] "MORN"
[1] "VNO-PM"
[1] "LUMN"
[1] "MPW"
[1] "LOGI"
[1] "TAP-A"
[1] "CONE"
[1] "WBD"
[1] "CTC.TO"
[1] "CMA"
[1] "KOF"
[1] "CDAY.TO"
[1] "CHK"
[1] "VER"
[1] "PTC"
[1] "CLVT"
[1] "LAMR"
[1] "BAP"
[1] "BAH"
[1] "DHLTX"
[1] "FAASX"
[1] "GURIX"
[1] "GME"
[1] "AIA.NZ"
[1] "LNC"
[1] "SBSW"
[1] "GLPI"
[1] "BVI.PA"
[1] "DVA"
[1] "SOMA3.SA"
[1] "EMP-A.TO"
[1] "AUUDW"
[1] "JNPR"
[1] "NHICU"
[1] "TEVA"
[1] "APGYX"
[1] "PPX"
[1] "APGZX"
[1] "RE"
[1] "NGACU"
[1] "TPL"
[1] "SCI"
[1] "JLL"
[1] "SLCE3.SA"
[1] "OTEX"
[1] "AEG"
[1] "GGG"
[1] "KEP"
[1] "MLLOI.PA"
[1] "GFL"
[1] "RPM"
[1] "BIM.PA"
[1] "UHS"
[1] "Y"
[1] "EWBC"
[1] "BLDR"
[1] "H78.SI"
[1] "AR"
[1] "PCTY"
[1] "WSO"
[1] "W"
[1] "GOL"
[1] "WSO-B"
[1] "ACM"
[1] "CFLT"
[1] "MMP"
[1] "GGB"
[1] "FCPVX"
[1] "SGRE.MC"
[1] "SCMIX"
[1] "CENHW"
[1] "UHAL"
[1] "H"
[1] "FAGNX"
[1] "MGP"
[1] "CCIZX"
[1] "VST"
[1] "AIZ"
[1] "XLRN"
[1] "PATH"
[1] "CAE.TO"
[1] "IAM.PA"
[1] "LZOEX"
[1] "ARCC"
[1] "BCH"
[1] "NI-PB"
[1] "BIIEX"
[1] "AZPN"
[1] "ENFAW"
[1] "ADGZX"
[1] "MTN"
[1] "FICO"
[1] "GMAT3.SA"
[1] "SOF.BR"
[1] "WFG.TO"
[1] "ANA.MC"
[1] "AGCO"
[1] "ELI.BR"
[1] "SKM"
[1] "ILD.PA"
[1] "HTHT"
[1] "S68.SI"
[1] "CU.TO"
[1] "HCP"
[1] "PHM"
[1] "QGEN"
[1] "BKI"
[1] "WES"
[1] "FLGEX"
[1] "AFRM"
[1] "WSM"
[1] "SW.PA"
[1] "AQN"
[1] "CU-X.TO"
[1] "FCNCA"
[1] "ALCKX"
[1] "CBAV3.SA"
[1] "TDOC"
[1] "IGM.TO"
[1] "REE.MC"
[1] "WHR"
[1] "EMBR3.SA"
[1] "S"
[1] "ZNGA"
[1] "HRC"
[1] "JAZZ"
[1] "TOST"
[1] "ARZZ3.SA"
[1] "APGAX"
[1] "LUN.TO"
[1] "AOS"
[1] "KL"
[1] "CCL-B.TO"
[1] "OLPX"
[1] "HUBB"
[1] "CIB"
[1] "BSAC"
[1] "GL"
[1] "TIH.TO"
[1] "SK3.IR"
[1] "DOX"
[1] "FIVE"
[1] "G07.SI"
[1] "PFPT"
[1] "GRFS"
[1] "C07.SI"
[1] "BHC.TO"
[1] "SNX"
There were 50 or more warnings (use warnings() to see the first 50)
[1] "FINAL WHISTLE:  2022-04-20 08:54:23"
Warning message:
package 'tidyr' was built under R version 4.0.5 

Attaching package: 'dplyr'

The following objects are masked from 'package:stats':

    filter, lag

The following objects are masked from 'package:base':

    intersect, setdiff, setequal, union

Warning message:
package 'dplyr' was built under R version 4.0.5 
Loading required package: httr
[1] "KICK-OFF :  2022-04-22 08:45:02"
Your original .Renviron will be backed up and stored in your R HOME directory if needed.
Your API key has been stored in your .Renviron file and can be accessed by `Sys.getenv('FMP_API_KEY')`
To use now, restart R or run `readRenviron('~/.Renviron')`
[1] "ce687b3fe0554890e65d6a5e48f601f9"
There were 13 warnings (use warnings() to see them)
[1] "AAPL"
[1] "MSF.BR"
[1] "MSFT"
[1] "GOOGL"
[1] "GOOG"
[1] "AMZN"
[1] "TSLA"
[1] "VTSAX"
[1] "BRK-A"
[1] "BRK-B"
[1] "FB"
[1] "TSM"
[1] "UNH"
[1] "NVDA"
[1] "JNJ"
[1] "V"
[1] "PETR3.SA"
[1] "WMT"
[1] "PETR4.SA"
[1] "VALE3.SA"
[1] "PG"
[1] "JPM"
[1] "XOM"
[1] "MA"
[1] "CHTEX.BR"
[1] "JPM-PD"
[1] "JPM-PC"
[1] "MC.PA"
[1] "CVX"
[1] "HD"
[1] "BAC"
[1] "KO"
[1] "GJS"
[1] "ABBV"
[1] "PFE"
[1] "LLY"
[1] "COST"
[1] "BML-PG"
[1] "BML-PH"
[1] "BHP"
[1] "BML-PL"
[1] "BAC-PE"
[1] "BAC-PB"
[1] "NVO"
[1] "BAC-PK"
[1] "ASML"
[1] "AVGO"
[1] "PEP"
[1] "BAC-PL"
[1] "BML-PJ"
[1] "TM"
[1] "BABA"
[1] "ITUB4.SA"
[1] "DIS"
[1] "ABEV3.SA"
[1] "VZ"
[1] "TMO"
[1] "CIS.BR"
[1] "CSCO"
[1] "MRK"
[1] "ABT"
[1] "SHEL"
[1] "NKE"
[1] "CMCSA"
[1] "ORCL"
[1] "AZN"
[1] "BBDC3.SA"
[1] "BBDC4.SA"
[1] "ACN"
[1] "MRK.PA"
[1] "NVS"
[1] "DHR"
[1] "WFC-PQ"
[1] "WFC-PY"
[1] "ADBE"
[1] "INCO.BR"
[1] "RY.TO"
[1] "RDS-B"
[1] "RDS-A"
[1] "WFC-PL"
[1] "INTC"
[1] "OR.PA"
[1] "WFC-PR"
[1] "RY-PZ.TO"
[1] "MCD"
[1] "WFC"
[1] "CRM"
[1] "RDSB.AS"
[1] "RDSA.AS"
[1] "TD.TO"
[1] "DHR-PA"
[1] "TMUS"
[1] "BMY"
[1] "LIN"
[1] "UPS"
[1] "TXN"
[1] "PM"
[1] "BBL"
[1] "TD-PFK.TO"
[1] "TD-PFI.TO"
[1] "MS"
[1] "RY"
[1] "UNP"
[1] "QCOM"
[1] "SANB11.SA"
[1] "MDT"
[1] "RTX"
[1] "TBB"
[1] "NEE"
[1] "C-PJ"
[1] "AMD"
[1] "T"
[1] "TD-PFL.TO"
[1] "PTR"
[1] "AXP"
[1] "FMX"
[1] "HSBC"
[1] "SCHW"
[1] "CVS"
[1] "SNY"
[1] "TD"
[1] "BX"
[1] "AMGN"
[1] "SPGI"
[1] "LOW"
[1] "HON"
[1] "WEGE3.SA"
[1] "INTU"
[1] "RMS.PA"
[1] "DE"
[1] "TTE"
[1] "COP"
[1] "SAN.PA"
[1] "PLD"
[1] "ANTM"
[1] "SAP"
[1] "IBM"
[1] "CAT"
[1] "BUD"
[1] "RIO"
[1] "WFC-PC"
[1] "SMMCX"
[1] "AMT"
[1] "TTE.PA"
[1] "QUAYX"
[1] "EQNR"
[1] "ENB.TO"
[1] "DEO"
[1] "UL"
[1] "LMT"
[1] "GSK"
[1] "CATR.PA"
[1] "TGT"
[1] "KLBN11.SA"
[1] "CSXCX"
[1] "BOEI.BR"
[1] "ABI.BR"
[1] "GS"
[1] "CNR.TO"
[1] "CDI.PA"
[1] "SONY"
[1] "BAM-A.TO"
[1] "DGE.PA"
[1] "BA"
[1] "ISRG"
[1] "BNS.TO"
[1] "PYPL"
[1] "BLK"
[1] "HDB"
[1] "MO"
[1] "C"
[1] "AMAT"
[1] "SYK"
[1] "ABNB"
[1] "GE"
[1] "BP"
[1] "RRTVX"
[1] "RY-PT"
[1] "FIRVX"
[1] "MSGTX"
[1] "BBAS3.SA"
[1] "CHTR"
[1] "BTI"
[1] "NOW"
[1] "VWA.BR"
[1] "BMO.TO"
[1] "NFLX"
[1] "ADP"
[1] "CNQ.TO"
[1] "VWAP.BR"
[1] "SIA.BR"
[1] "EL"
[1] "PBR"
[1] "JD"
[1] "ENB"
[1] "GNE.PA"
[1] "LFC"
[1] "BKNG"
[1] "MDLZ"
[1] "SBUX"
[1] "CP.TO"
[1] "MMC"
[1] "CB"
[1] "ITSA4.SA"
[1] "B3SA3.SA"
[1] "CNI"
[1] "ITSA3.SA"
[1] "DUK"
[1] "VIVT3.SA"
[1] "BPAC11.SA"
[1] "CFWIX"
[1] "INFY"
[1] "ZTS"
[1] "DTEL.BR"
[1] "D05.SI"
[1] "MMM"
[1] "JBSS3.SA"
[1] "JTSCX"
[1] "VALE"
[1] "BAM"
[1] "CCI"
[1] "DODGX"
[1] "KMDVX"
[1] "CI"
[1] "RDOR3.SA"
[1] "GIBIX"
[1] "AIR.PA"
[1] "ADI"
[1] "BNS"
[1] "USB-PH"
[1] "CME"
[1] "GNL-PB"
[1] "HCA"
[1] "SO"
[1] "GILD"
[1] "SU.PA"
[1] "MU"
[1] "CSX"
[1] "USB-PP"
[1] "USB"
[1] "EW"
[1] "BMO"
[1] "NGT.TO"
[1] "TJX"
[1] "CTA-PB"
[1] "CNQ"
[1] "TCMIX"
[1] "REGN"
[1] "AI.PA"
[1] "SNP"
[1] "SHOP.TO"
[1] "FDCGX"
[1] "MUFG"
[1] "HAPV3.SA"
[1] "USB-PM"
[1] "BDX"
[1] "BLTSU"
[1] "POGRX"
[1] "NTR.TO"
[1] "GS-PA"
[1] "EL.PA"
[1] "PNC"
[1] "RBRCX"
[1] "MS-PA"
[1] "PBR-A"
[1] "PSA"
[1] "CP"
[1] "VRTX"
[1] "TRP.TO"
[1] "AON"
[1] "GS-PD"
[1] "TBCIX"
[1] "BCE-PA.TO"
[1] "BCE-PY.TO"
[1] "TRBCX"
[1] "GS-PJ"
[1] "D"
[1] "SUZB3.SA"
[1] "NSC"
[1] "EOG"
[1] "PABGX"
[1] "MS-PI"
[1] "TFC"
[1] "NOC"
[1] "CL"
[1] "EQIX"
[1] "MS-PF"
[1] "IBN"
[1] "AMOV"
[1] "MS-PK"
[1] "AMX"
[1] "GRNVU"
[1] "ICE"
[1] "GD"
[1] "GS-PK"
[1] "WM"
[1] "BCE.TO"
[1] "CM.TO"
[1] "MS-PE"
[1] "ELET3.SA"
[1] "ELET6.SA"
[1] "BSX"
[1] "IBE.MC"
[1] "PGR"
[1] "FISV"
[1] "RRBGX"
[1] "KER.PA"
[1] "SHW"
[1] "LRCX"
[1] "FCX"
[1] "ITW"
[1] "ITX.MC"
[1] "PRUFX"
[1] "PRGFX"
[1] "TEAM"
[1] "TRI.TO"
[1] "BNP.PA"
[1] "DODFX"
[1] "F"
[1] "ABB"
[1] "CTA-PA"
[1] "FIS"
[1] "TRSAX"
[1] "SQ"
[1] "DUK-PA"
[1] "UBER"
[1] "DCUE"
[1] "ATVI"
[1] "MCO"
[1] "NEM"
[1] "ATD.TO"
[1] "FBAKX"
[1] "NNGAX"
[1] "CS.PA"
[1] "MAR"
[1] "SHOP"
[1] "RRGSX"
[1] "SU.TO"
[1] "ETN"
[1] "RELX"
[1] "NTR"
[1] "UBS"
[1] "SPG-PJ"
[1] "GM"
[1] "EPD"
[1] "MET"
[1] "JAENX"
[1] "NTES"
[1] "PXD"
[1] "FFTHX"
[1] "CNU.TO"
[1] "JGISX"
[1] "SAN"
[1] "DG"
[1] "PANW"
[1] "MRNA"
[1] "HUM"
[1] "EMR"
[1] "SLB"
[1] "TRP"
[1] "CCZ"
[1] "COF"
[1] "APD"
[1] "BSBR"
[1] "OXY"
[1] "SANTA.BR"
[1] "SNOW"
[1] "NGG"
[1] "SAN.MC"
[1] "SLB.PA"
[1] "O39.SI"
[1] "ABX.TO"
[1] "ADM"
[1] "KHC"
[1] "SRE"
[1] "FDX"
[1] "BBSE3.SA"
[1] "WDAY"
[1] "CEO"
[1] "KDP"
[1] "FTNT"
[1] "ITUB"
[1] "BCE"
[1] "E"
[1] "ATD-B.TO"
[1] "CM"
[1] "ILMN"
[1] "SCCO"
[1] "DSY.PA"
[1] "DG.PA"
[1] "GOLL4.SA"
[1] "U11.SI"
[1] "WBD"
[1] "WBK"
[1] "MFC.TO"
[1] "SSPGX"
[1] "ECL"
[1] "AEP"
[1] "CNC"
[1] "SCHW-PD"
[1] "MELI"
[1] "DOW"
[1] "TRI"
[1] "AIG"
[1] "SE"
[1] "MRVL"
[1] "CBDYX"
[1] "KLAC"
[1] "RI.PA"
[1] "PAYX"
[1] "MCK"
[1] "MPC"
[1] "ROP"
[1] "ENI.BR"
[1] "SPG"
[1] "STZ"
[1] "ABEV"
[1] "STZ-B"
[1] "EXC"
[1] "CRWD"
[1] "XLNX"
[1] "ORLY"
[1] "LULU"
[1] "SNAP"
[1] "SU"
[1] "VOD"
[1] "LHX"
[1] "NUE"
[1] "HSY"
[1] "BBD"
[1] "VMW"
[1] "DXCM"
[1] "T.TO"
[1] "TAEE11.SA"
[1] "MSFLX"
[1] "MNST"
[1] "NXPI"
[1] "SAF.PA"
[1] "KKR"
[1] "GGBR4.SA"
[1] "JCI"
[1] "SYY"
[1] "WCN.TO"
[1] "CTSH"
[1] "HMC"
[1] "SNPS"
[1] "CSU.TO"
[1] "PRU"
[1] "TAK"
[1] "IQV"
[1] "STLA"
[1] "MET-PE"
[1] "KMI"
[1] "O"
[1] "AIG-PA"
[1] "AZO"
[1] "WELL"
[1] "GIS"
[1] "HLT"
[1] "CTVA"
[1] "RENT3.SA"
[1] "CVE.TO"
[1] "DLR"
[1] "PDD"
[1] "WMB"
[1] "Z74.SI"
[1] "BBDO"
[1] "MET-PA"
[1] "INFO"
[1] "CRFB3.SA"
[1] "KMB"
[1] "GOLD"
[1] "VLO"
[1] "CTAS"
[1] "ADSK"
[1] "APH"
[1] "CMG"
[1] "RSG"
[1] "AFL"
[1] "CSAN3.SA"
[1] "TRV"
[1] "CDNS"
[1] "SMFG"
[1] "KR"
[1] "IMO.TO"
[1] "GNDI3.SA"
[1] "IDXX"
[1] "PSX"
[1] "LYG"
[1] "BIDU"
[1] "MFC"
[1] "TEL"
[1] "XEL"
[1] "PSA-PH"
[1] "CPFE3.SA"
[1] "DVN"
[1] "WBA"
[1] "ALXN"
[1] "HPQ"
[1] "GPN"
[1] "SBAC"
[1] "SLF.TO"
[1] "RACE"
[1] "ING"
[1] "BAX"
[1] "FNV.TO"
[1] "MSI"
[1] "DLTR"
[1] "ALL"
[1] "ALC"
[1] "L.TO"
[1] "TBGVX"
[1] "AJG"
[1] "MSCI"
[1] "PSA-PK"
[1] "MSGRX"
[1] "PUK"
[1] "DDOG"
[1] "RCI-B.TO"
[1] "WIT"
[1] "ROST"
[1] "A"
[1] "MCHP"
[1] "PEG"
[1] "ASPCW"
[1] "MGLU3.SA"
[1] "BK"
[1] "RADL3.SA"
[1] "ANET"
[1] "PH"
[1] "TU"
[1] "DELL"
[1] "CARR"
[1] "BNTX"
[1] "LYB"
[1] "EQR"
[1] "TRAIX"
[1] "PRWCX"
[1] "EGIE3.SA"
[1] "COIN"
[1] "TWTR"
[1] "EC"
[1] "ET"
[1] "YUM"
[1] "WCN"
[1] "AVB"
[1] "BKR"
[1] "TT"
[1] "PACLX"
[1] "BN.PA"
[1] "TSN"
[1] "DD"
[1] "BBVA"
[1] "AEM.TO"
[1] "MPLX"
[1] "GIOIX"
[1] "TDG"
[1] "HAL"
[1] "RMD"
[1] "RAIL3.SA"
[1] "CVE"
[1] "EA"
[1] "ED"
[1] "LNG"
[1] "QSR.TO"
[1] "STM"
[1] "ALL-PH"
[1] "ABC"
[1] "GWO.TO"
[1] "CHT"
[1] "HES"
[1] "VRSK"
[1] "MEURV.BR"
[1] "RPTIX"
[1] "QFVOX"
[1] "RPMGX"
[1] "APO"
[1] "BBV.BR"
[1] "WEC"
[1] "CSNA3.SA"
[1] "FAST"
[1] "IMO"
[1] "BRKM5.SA"
[1] "JLVZX"
[1] "DFS"
[1] "BBVA.MC"
[1] "TIMS3.SA"
[1] "BCS"
[1] "ARE"
[1] "EDF.PA"
[1] "CAP.PA"
[1] "BF-A"
[1] "SBSP3.SA"
[1] "PAMCX"
[1] "LCID"
[1] "ALL-PB"
[1] "AMP"
[1] "BF-B"
[1] "EBAY"
[1] "IFC.TO"
[1] "ES"
[1] "BIIB"
[1] "NA.TO"
[1] "STM.PA"
[1] "DASH"
[1] "MTB"
[1] "CRH"
[1] "UDR"
[1] "NU"
[1] "NET"
[1] "OKE"
[1] "ASZ-UN"
[1] "CMIN3.SA"
[1] "PPL-PC.TO"
[1] "PPL-PA.TO"
[1] "IFF"
[1] "TROW"
[1] "OTIS"
[1] "ALL-PG"
[1] "ORAN"
[1] "ACA.PA"
[1] "SLF"
[1] "ROK"
[1] "TLK"
[1] "MFG"
[1] "PPG"
[1] "PPL-PQ.TO"
[1] "ODFL"
[1] "PARKX"
[1] "WY"
[1] "NWG"
[1] "FNV"
[1] "CLNX.MC"
[1] "TTD"
[1] "NIO"
[1] "RRMGX"
[1] "PCAR"
[1] "DIM.PA"
[1] "AME"
[1] "EXR"
[1] "FTS.TO"
[1] "GWO-PN.TO"
[1] "ALGN"
[1] "ZM"
[1] "MTD"
[1] "FERG"
[1] "GEN.BR"
[1] "AWK"
[1] "CRG.IR"
[1] "HRL"
[1] "ZS"
[1] "RIVN"
[1] "RCI"
[1] "TEF"
[1] "NOK"
[1] "APTV"
[1] "ORA.PA"
[1] "SIVB"
[1] "BEP-UN.TO"
[1] "MT"
[1] "CMI"
[1] "RPRX"
[1] "ENGI.PA"
[1] "NTCO3.SA"
[1] "GLW"
[1] "TW"
[1] "NRZ-PC"
[1] "BRDT3.SA"
[1] "SGO.PA"
[1] "WLTW"
[1] "VEEV"
[1] "LUV"
[1] "DAL"
[1] "FRC"
[1] "CBRE"
[1] "F34.SI"
[1] "WTW"
[1] "EXPE"
[1] "ERIC"
[1] "BLL"
[1] "LVS"
[1] "TECK-A.TO"
[1] "FRSGU"
[1] "TEF.MC"
[1] "CPRT"
[1] "RYCIX"
[1] "AEM"
[1] "FMIVU"
[1] "MKC-V"
[1] "EQTL3.SA"
[1] "MKC"
[1] "TFA.BR"
[1] "WPM.TO"
[1] "NDAQ"
[1] "NOKIA.PA"
[1] "FCHKX"
[1] "CCRO3.SA"
[1] "NTGY.MC"
[1] "MXIM"
[1] "EIX"
[1] "GFS"
[1] "CMIG4.SA"
[1] "FNCMX"
[1] "ZBH"
[1] "PPL.TO"
[1] "FE"
[1] "CERN"
[1] "STT"
[1] "KBC.BR"
[1] "HBANN"
[1] "QSR"
[1] "FITB"
[1] "KEYS"
[1] "WST"
[1] "CQP"
[1] "TECK-B.TO"
[1] "FM.TO"
[1] "GEQYX"
[1] "DTE"
[1] "AMS.MC"
[1] "INVH"
[1] "KSU"
[1] "POW.TO"
[1] "IBKR"
[1] "HO.PA"
[1] "WORK"
[1] "PHG"
[1] "EON.BR"
[1] "QSP-UN.TO"
[1] "GWW"
[1] "DLR-PK"
[1] "FTV-PA"
[1] "TRLGX"
[1] "SGEN"
[1] "DHI"
[1] "DLR-PJ"
[1] "LREN3.SA"
[1] "LH"
[1] "BIP-UN.TO"
[1] "MDB"
[1] "ETR"
[1] "CPNG"
[1] "HZNP"
[1] "GIB-A.TO"
[1] "AEE"
[1] "CXSE3.SA"
[1] "DB"
[1] "MAA"
[1] "PLTR"
[1] "SIRI"
[1] "RRTRX"
[1] "NA-PC.TO"
[1] "CHD"
[1] "NA-PE.TO"
[1] "EFX"
[1] "MOS"
[1] "CABK.MC"
[1] "STE"
[1] "L-PB.TO"
[1] "ANSS"
[1] "LI"
[1] "IT"
[1] "ANZUU"
[1] "PCG"
[1] "TSCO"
[1] "GMAB"
[1] "CSGP"
[1] "AMER3.SA"
[1] "CAJ"
[1] "URI"
[1] "FANG"
[1] "CTRA"
[1] "ESS"
[1] "ALB"
[1] "FTS"
[1] "HIG"
[1] "VMC"
[1] "LYV"
[1] "VTR"
[1] "HYPE3.SA"
[1] "CDW"
[1] "CMLFU"
[1] "MG.TO"
[1] "K"
[1] "DRE"
[1] "SWK"
[1] "PRJIX"
[1] "PRNHX"
[1] "CCEP"
[1] "MLM"
[1] "VRSN"
[1] "BEP"
[1] "ENPH"
[1] "U"
[1] "ON"
[1] "WN.TO"
[1] "NTRS"
[1] "CCL"
[1] "LEN"
[1] "LEN-B"
[1] "RJF"
[1] "ARES"
[1] "LR.PA"
[1] "SUI"
[1] "TWLO"
[1] "CLR"
[1] "VICI"
[1] "SQM"
[1] "CINF"
[1] "TDY"
[1] "AENA.MC"
[1] "PPL"
[1] "ASAI3.SA"
[1] "IX"
[1] "WPM"
[1] "MTCH"
[1] "TTM"
[1] "DOL.TO"
[1] "ULTA"
[1] "VFC"
[1] "LBRDK"
[1] "PBA"
[1] "LBRDA"
[1] "GRMN"
[1] "ZI"
[1] "OKTA"
[1] "BPY-UN.TO"
[1] "SPOT"
[1] "PRIO3.SA"
[1] "TOTS3.SA"
[1] "FTV"
[1] "RYAAY"
[1] "ML.PA"
[1] "TECK"
[1] "RCL"
[1] "CNHI"
[1] "HPE"
[1] "POWRW"
[1] "H.TO"
[1] "FOXA"
[1] "LB"
[1] "FOX"
[1] "CMS"
[1] "ELE.MC"
[1] "BBY"
[1] "PARA"
[1] "UCB.BR"
[1] "CUK"
[1] "TOU.TO"
[1] "NEOE3.SA"
[1] "CF"
[1] "9CI.SI"
[1] "ELP"
[1] "DOV"
[1] "ZBRA"
[1] "CEG"
[1] "RBLX"
[1] "XPEV"
[1] "BIP"
[1] "HBAN"
[1] "ALNY"
[1] "CNP"
[1] "SPLK"
[1] "COO"
[1] "RF"
[1] "FLT"
[1] "SYF"
[1] "MKL"
[1] "PKI"
[1] "TEP.PA"
[1] "UMC"
[1] "BRO"
[1] "FMS"
[1] "MOH"
[1] "VMNVX"
[1] "ICLR"
[1] "BXP"
[1] "GIB"
[1] "VIE.PA"
[1] "IFC-PG.TO"
[1] "ZTO"
[1] "GPC"
[1] "REP.MC"
[1] "STT-PG"
[1] "CPLE6.SA"
[1] "PWF-PZ.TO"
[1] "GLE.PA"
[1] "IR"
[1] "KEY"
[1] "SJR-B.TO"
[1] "MPWR"
[1] "AKAM"
[1] "VIAC"
[1] "HOLX"
[1] "STT-PD"
[1] "HUBS"
[1] "WSP.TO"
[1] "VIACA"
[1] "TRPL4.SA"
[1] "J"
[1] "AVTR"
[1] "PEAK"
[1] "SWKS"
[1] "CS"
[1] "PFG"
[1] "AGR"
[1] "KB"
[1] "MGA"
[1] "HIG-PG"
[1] "VIV"
[1] "TS"
[1] "FSDPX"
[1] "ENEV3.SA"
[1] "MRO"
[1] "ACGL"
[1] "IP"
[1] "WAT"
[1] "SFEPX"
[1] "BILL"
[1] "PKX"
[1] "STX"
[1] "WRB"
[1] "HEI"
[1] "RKT"
[1] "KEY-PK"
[1] "MGM"
[1] "PAYC"
[1] "CLX"
[1] "FITBI"
[1] "CFG"
[1] "CPT"
[1] "PODD"
[1] "SSNC"
[1] "FER.MC"
[1] "HEI-A"
[1] "AMCR"
[1] "BR"
[1] "PWR"
[1] "CHKP"
[1] "TER"
[1] "JBHT"
[1] "TRGP"
[1] "ACC"
[1] "UI"
[1] "NUAN"
[1] "Y92.SI"
[1] "BEKE"
[1] "KRZ.IR"
[1] "STLD"
[1] "CAH"
[1] "IFC-PE.TO"
[1] "CAG"
[1] "TRU"
[1] "BG"
[1] "HCICW"
[1] "OVV.TO"
[1] "YUMC"
[1] "DOCU"
[1] "JFRNX"
[1] "NTAP"
[1] "BPY"
[1] "FLTR.IR"
[1] "TRMB"
[1] "JCAPX"
[1] "FMC"
[1] "DRI"
[1] "AMH"
[1] "LSXMB"
[1] "FFH.TO"
[1] "ARGX"
[1] "POOL"
[1] "WAB"
[1] "CHSCM"
[1] "INCY"
[1] "ROL"
[1] "DISAU"
[1] "LSXMA"
[1] "LSXMK"
[1] "SHG"
[1] "MRU.TO"
[1] "ERF.PA"
[1] "KSU-P"
[1] "ACI"
[1] "EMA.TO"
[1] "BGNE"
[1] "SABRP"
[1] "OMC"
[1] "RYA.IR"
[1] "IRM"
[1] "WLK"
[1] "APHKX"
[1] "SBNY"
[1] "DGX"
[1] "SWETW"
[1] "ARTKX"
[1] "EXPD"
[1] "APDKX"
[1] "FDS"
[1] "UAL"
[1] "PPD"
[1] "SMTO3.SA"
[1] "DISH"
[1] "BIO-B"
[1] "EVRG"
[1] "CTLT"
[1] "TYL"
[1] "JVAAX"
[1] "TMTSU"
[1] "BWLAX"
[1] "L"
[1] "WMG"
[1] "ATO"
[1] "FLCSX"
[1] "BFOCX"
[1] "C6L.SI"
[1] "WPC"
[1] "AIEAX"
[1] "JDCAX"
[1] "EPAM"
[1] "KRX.IR"
[1] "APP"
[1] "TECH"
[1] "LPLA"
[1] "LNT"
[1] "ELS"
[1] "BEP-PK.TO"
[1] "BIO"
[1] "BEP-PM.TO"
[1] "TIBIX"
[1] "TIBMX"
[1] "RY4C.IR"
[1] "KIM"
[1] "ZNH"
[1] "TIBGX"
[1] "ATH"
[1] "TIBAX"
[1] "CE"
[1] "TIBRX"
[1] "TIBCX"
[1] "HFMVX"
[1] "KEY-PI"
[1] "FWONA"
[1] "FEYAX"
[1] "BRFS3.SA"
[1] "ARGX.BR"
[1] "FWONK"
[1] "TFX"
[1] "EQT"
[1] "UGPA3.SA"
[1] "WDC"
[1] "AVTR-PA"
[1] "ENTG"
[1] "KEY-PJ"
[1] "IEP"
[1] "TRMIX"
[1] "TRMCX"
[1] "CHWY"
[1] "SJM"
[1] "XYL"
[1] "TAMVX"
[1] "PKG"
[1] "DODBX"
[1] "CLF"
[1] "C38U.SI"
[1] "TBCPW"
[1] "TPX-B.TO"
[1] "JARTX"
[1] "CFG-PD"
[1] "SSL"
[1] "CAR"
[1] "GNRC"
[1] "VEDL"
[1] "AES"
[1] "NLOK"
[1] "RRMVX"
[1] "SJR"
[1] "ICL"
[1] "WN-PA.TO"
[1] "TTWO"
[1] "ACGLP"
[1] "THISX"
[1] "PRHSX"
[1] "CCK"
[1] "BIDI3.SA"
[1] "FRC-PI"
[1] "BIDI4.SA"
[1] "HLMGX"
[1] "CG"
[1] "ZEN"
[1] "LDOS"
[1] "CNP.PA"
[1] "TXT"
[1] "CA.PA"
[1] "IEX"
[1] "XP"
[1] "HWM"
[1] "BMRN"
[1] "ALUP11.SA"
[1] "CRL"
[1] "JKHY"
[1] "NVR"
[1] "SUZ"
[1] "CVNA"
[1] "HST"
[1] "BURL"
[1] "SNN"
[1] "APA"
[1] "CZR"
[1] "WPP"
[1] "KMX"
[1] "USIM5.SA"
[1] "PUB.PA"
[1] "ASX"
[1] "ABMD"
[1] "OTEX.TO"
[1] "RF-PC"
[1] "CPB"
[1] "GDDY"
[1] "GFL.TO"
[1] "EMN"
[1] "LKQ"
[1] "AVY"
[1] "MULT3.SA"
[1] "CCO.TO"
[1] "XM"
[1] "FRC-PH"
[1] "ALPA4.SA"
[1] "BPYPP"
[1] "IPG"
[1] "ALLY"
[1] "DPZ"
[1] "TCOM"
[1] "REXR"
[1] "SEDG"
[1] "PRDGX"
[1] "PDGIX"
[1] "TADGX"
[1] "EBR-B"
[1] "OVV"
[1] "ADP.PA"
[1] "JDCRX"
[1] "IVN.TO"
[1] "AAP"
[1] "WRK"
[1] "EBR"
[1] "VEVRX"
[1] "APO-PB"
[1] "VEVIX"
[1] "BOL.PA"
[1] "WOLF"
[1] "GBLB.BR"
[1] "SPVZX"
[1] "ROKU"
[1] "EMA-PH.TO"
[1] "CNA"
[1] "PSSA3.SA"
[1] "ACGLO"
[1] "PINS"
[1] "LBTYB"
[1] "CNP-PB"
[1] "DAR"
[1] "GETGX"
[1] "AA"
[1] "AM.PA"
[1] "ZWRKW"
[1] "BEN"
[1] "JHX"
[1] "RF-PB"
[1] "CSL"
[1] "AQN.TO"
[1] "MAA-PI"
[1] "BBWI"
[1] "PLUG"
[1] "VEVCX"
[1] "APO-PA"
[1] "AAL"
[1] "LU"
[1] "KL.TO"
[1] "NICE"
[1] "CHRW"
[1] "LBTYA"
[1] "ENGI11.SA"
[1] "LBTYK"
[1] "AER"
[1] "LCAM3.SA"
[1] "HBANO"
[1] "NDSN"
[1] "HNP"
[1] "ETSY"
[1] "VTRS"
[1] "FPH.NZ"
[1] "S63.SI"
[1] "SAP.TO"
[1] "CTXS"
[1] "MRFG3.SA"
[1] "RHI"
[1] "NLY-PG"
[1] "NI"
[1] "SC"
[1] "GOAU4.SA"
[1] "IHG"
[1] "NLY-PF"
[1] "SEV.PA"
[1] "GFI"
[1] "SULA11.SA"
[1] "KN.PA"
[1] "NWS"
[1] "LAME3.SA"
[1] "NWSA"
[1] "AFG"
[1] "LSI"
[1] "HSIC"
[1] "BSY"
[1] "ENBR3.SA"
[1] "LAME4.SA"
[1] "REG"
[1] "NBA-WT"
[1] "WTRG"
[1] "CUBE"
[1] "MEL.NZ"
[1] "DISCB"
[1] "DISCK"
[1] "DISCA"
[1] "VAMO3.SA"
[1] "BVI.PA"
[1] "CGNX"
[1] "FFIV"
[1] "MAS"
[1] "ELAN"
[1] "BN4.SI"
[1] "FHN"
[1] "ARX.TO"
[1] "QRVO"
[1] "HAS"
[1] "BAP"
[1] "EQH"
[1] "RS"
[1] "TAP-A"
[1] "CBOE"
[1] "AMUN.PA"
[1] "ACH"
[1] "MPW"
[1] "JACCX"
[1] "CIPMX"
[1] "ENIA"
[1] "A17U.SI"
[1] "EDEN.PA"
[1] "EN.PA"
[1] "FEAM"
[1] "TAP"
[1] "CTC.TO"
[1] "SNA"
[1] "MIMSX"
[1] "VIV.PA"
[1] "PNC-PP"
[1] "CTC-A.TO"
[1] "LUMN"
[1] "BAH"
[1] "BPAN4.SA"
[1] "KOF"
[1] "NMR"
[1] "LYFT"
[1] "FNF"
[1] "PTC"
[1] "CONE"
[1] "CEA"
[1] "LAMR"
[1] "VNO-PL"
[1] "MORN"
[1] "DVA"
[1] "GLPI"
[1] "DT"
[1] "VER"
[1] "CHK"
[1] "JNPR"
[1] "LOGI"
[1] "WFG.TO"
[1] "WSO"
[1] "DHLTX"
[1] "FAASX"
[1] "GURIX"
[1] "LNC"
[1] "VNO-PM"
[1] "SLCE3.SA"
[1] "RE"
[1] "AIA.NZ"
[1] "AUUDW"
[1] "NHICU"
[1] "PPX"
[1] "UHS"
[1] "GGG"
[1] "NGACU"
[1] "AEG"
[1] "OTEX"
[1] "SCI"
[1] "JLL"
[1] "VST"
[1] "EWBC"
[1] "MLLOI.PA"
[1] "RPM"
[1] "SOMA3.SA"
[1] "EMP-A.TO"
[1] "CCJ"
[1] "KEP"
[1] "Y"
[1] "APGYX"
[1] "GFL"
[1] "APGZX"
[1] "H78.SI"
[1] "CLVT"
[1] "WSO-B"
[1] "GOL"
[1] "NVEI.TO"
[1] "MMP"
[1] "CDAY.TO"
[1] "TPL"
[1] "FCPVX"
[1] "BLDR"
[1] "MGP"
[1] "CENHW"
[1] "IAM.PA"
[1] "BCH"
[1] "AIZ"
[1] "FAGNX"
[1] "XLRN"
[1] "ARCC"
[1] "UHAL"
[1] "BIM.PA"
[1] "CMA"
[1] "AZPN"
[1] "GME"
[1] "BIIEX"
[1] "AR"
[1] "NI-PB"
[1] "ACM"
[1] "SBSW"
[1] "Z"
[1] "ENFAW"
[1] "SKM"
[1] "ADGZX"
[1] "ZG"
[1] "SCMIX"
[1] "LZOEX"
[1] "SOF.BR"
[1] "GMAT3.SA"
[1] "H"
[1] "GRAB"
[1] "CCIZX"
[1] "C07.SI"
[1] "ILD.PA"
[1] "SW.PA"
[1] "EXAS"
[1] "CU.TO"
[1] "CBAV3.SA"
[1] "CAE.TO"
[1] "S68.SI"
[1] "AGCO"
[1] "CU-X.TO"
[1] "WES"
[1] "FLGEX"
[1] "AQN"
[1] "HUBB"
[1] "PCTY"
[1] "GL"
[1] "QGEN"
[1] "ANA.MC"
[1] "TEVA"
[1] "GRFS"
[1] "PHM"
[1] "BKI"
[1] "WHR"
[1] "AOS"
[1] "MTN"
[1] "SK3.IR"
[1] "ARZZ3.SA"
[1] "SGRE.MC"
[1] "MKTX"
[1] "EMBR3.SA"
[1] "IGM.TO"
[1] "HRC"
[1] "GGB"
[1] "ELI.BR"
[1] "CCL-B.TO"
[1] "KL"
[1] "DOX"
[1] "CIB"
[1] "JAZZ"
[1] "FCNCA"
[1] "ALCKX"
[1] "TIH.TO"
[1] "FICO"
[1] "G07.SI"
[1] "PFPT"
[1] "REE.MC"
[1] "WLN.PA"
[1] "BHC.TO"
[1] "WSM"
There were 50 or more warnings (use warnings() to see the first 50)
[1] "FINAL WHISTLE:  2022-04-22 08:54:24"
