Warning message:
package 'tidyr' was built under R version 4.0.5 

Attaching package: 'dplyr'

The following objects are masked from 'package:stats':

    filter, lag

The following objects are masked from 'package:base':

    intersect, setdiff, setequal, union

Warning message:
package 'dplyr' was built under R version 4.0.5 
Loading required package: httr
[1] "KICK-OFF:  2022-04-11 09:12:14"
Your original .Renviron will be backed up and stored in your R HOME directory if needed.
Your API key has been stored in your .Renviron file and can be accessed by `Sys.getenv('FMP_API_KEY')`
To use now, restart R or run `readRenviron('~/.Renviron')`
[1] "ce687b3fe0554890e65d6a5e48f601f9"
[1] "AAPL"
[1] "MSFT"
[1] "GOOG"
[1] "GOOGL"
[1] "AMZN"
[1] "TSLA"
[1] "BRK-B"
[1] "BRK-A"
[1] "FB"
[1] "NVDA"
[1] "TSM"
[1] "UNH"
[1] "JNJ"
[1] "V"
[1] "WMT"
[1] "JPM"
[1] "PG"
[1] "XOM"
[1] "MA"
[1] "CVX"
[1] "HD"
[1] "BAC"
[1] "MC.PA"
[1] "PFE"
[1] "ABBV"
[1] "LLY"
[1] "BABA"
[1] "KO"
[1] "BHP"
[1] "NVO"
[1] "COST"
[1] "ASML"
[1] "TM"
[1] "DIS"
[1] "AVGO"
[1] "PEP"
[1] "TMO"
[1] "ABEV3.SA"
[1] "CSCO"
[1] "VZ"
[1] "MRK"
[1] "AZN"
[1] "ABT"
[1] "ORCL"
[1] "CMCSA"
[1] "ACN"
[1] "DHR"
[1] "ADBE"
[1] "NVS"
[1] "MRK.PA"
[1] "NKE"
[1] "OR.PA"
[1] "RDS-B"
[1] "RDS-A"
[1] "CRM"
[1] "RY.TO"
[1] "INTC"
[1] "MCD"
[1] "WFC"
[1] "TD.TO"
[1] "RDSA.AS"
[1] "T"
[1] "NEE"
[1] "UPS"
[1] "TMUS"
[1] "BMY"
[1] "AMD"
[1] "BBL"
[1] "LIN"
[1] "TXN"
[1] "NFLX"
[1] "PM"
[1] "SCHW"
[1] "QCOM"
[1] "RY"
[1] "PTR"
[1] "UNP"
[1] "MDT"
[1] "MS"
[1] "RTX"
[1] "SPGI"
[1] "SNY"
[1] "CVS"
[1] "TD"
[1] "BX"
[1] "AXP"
[1] "LOW"
[1] "INTU"
[1] "RMS.PA"
[1] "AMGN"
[1] "COP"
[1] "SAN.PA"
[1] "HON"
[1] "RIO"
[1] "PYPL"
[1] "TTE"
[1] "DE"
[1] "SAP"
[1] "EQNR"
[1] "ANTM"
[1] "PLD"
[1] "LMT"
[1] "SONY"
[1] "AMT"
[1] "DEO"
[1] "ENB.TO"
[1] "GSK"
[1] "TTE.PA"
[1] "BUD"
[1] "UL"
[1] "HDB"
[1] "CAT"
[1] "IBM"
[1] "BLK"
[1] "DGE.PA"
[1] "BAM-A.TO"
[1] "CNR.TO"
[1] "GS"
[1] "CDI.PA"
[1] "TGT"
[1] "CHTR"
[1] "CATR.PA"
[1] "AMAT"
[1] "BNS.TO"
[1] "ABNB"
[1] "ISRG"
[1] "BA"
[1] "NOW"
[1] "PBR"
[1] "SYK"
[1] "JD"
[1] "C"
[1] "LFC"
[1] "INFY"
[1] "ADP"
[1] "VALE"
[1] "BP"
[1] "BTI"
[1] "GE"
[1] "MO"
[1] "BMO.TO"
[1] "EL"
[1] "SHOP.TO"
[1] "B3SA3.SA"
[1] "ENB"
[1] "ZTS"
[1] "CNQ.TO"
[1] "SBUX"
[1] "CB"
[1] "GNE.PA"
[1] "DUK"
[1] "BKNG"
[1] "BAM"
[1] "CP.TO"
[1] "MDLZ"
[1] "CME"
[1] "CNI"
[1] "MMC"
[1] "CCI"
[1] "MMM"
[1] "BNS"
[1] "ADI"
[1] "CI"
[1] "AIR.PA"
[1] "PBR-A"
[1] "SO"
[1] "SU.PA"
[1] "MU"
[1] "REGN"
[1] "SNP"
[1] "BDX"
[1] "GILD"
[1] "HCA"
[1] "USB"
[1] "BMO"
[1] "PNC"
[1] "EW"
[1] "AI.PA"
[1] "MUFG"
[1] "SHOP"
[1] "CSX"
[1] "CNQ"
[1] "EOG"
[1] "NTR.TO"
[1] "ICE"
[1] "EL.PA"
[1] "TRP.TO"
[1] "TJX"
[1] "NOC"
[1] "FMX"
[1] "PSA"
[1] "D"
[1] "VRTX"
[1] "TFC"
[1] "SQ"
[1] "AON"
[1] "FCX"
[1] "AMX"
[1] "CP"
[1] "EQIX"
[1] "PGR"
[1] "IBN"
[1] "TEAM"
[1] "SHW"
[1] "LRCX"
[1] "WM"
[1] "KER.PA"
[1] "CL"
[1] "GD"
[1] "NSC"
[1] "BCE.TO"
[1] "TRI.TO"
[1] "CM.TO"
[1] "SNOW"
[1] "FISV"
[1] "NEM"
[1] "MRNA"
[1] "BSX"
[1] "SE"
[1] "MCO"
[1] "ITW"
[1] "UBS"
[1] "NTES"
[1] "UBER"
[1] "ATVI"
[1] "FIS"
[1] "ABB"
[1] "RELX"
[1] "PXD"
[1] "CS.PA"
[1] "F"
[1] "ATD.TO"
[1] "SLB"
[1] "PANW"
[1] "SU.TO"
[1] "BNP.PA"
[1] "NTR"
[1] "MELI"
[1] "MET"
[1] "NGG"
[1] "HUM"
[1] "ETN"
[1] "SNAP"
[1] "OXY"
[1] "SAN"
[1] "TRP"
[1] "EPD"
[1] "WDAY"
[1] "GM"
[1] "SCCO"
[1] "BSBR"
[1] "ILMN"
[1] "ABX.TO"
[1] "DG"
[1] "EMR"
[1] "CCZ"
[1] "APD"
[1] "SLB.PA"
[1] "DSY.PA"
[1] "ITUB"
[1] "FTNT"
[1] "MAR"
[1] "SRE"
[1] "ADM"
[1] "MRVL"
[1] "COF"
[1] "KDP"
[1] "PDD"
[1] "SAN.MC"
[1] "CEO"
[1] "E"
[1] "BCE"
[1] "TRI"
[1] "ATD-B.TO"
[1] "CM"
[1] "ECL"
[1] "RI.PA"
[1] "FDX"
[1] "MFC.TO"
[1] "WBK"
[1] "AEP"
[1] "CNC"
[1] "KLAC"
[1] "ROP"
[1] "AIG"
[1] "CRWD"
[1] "PAYX"
[1] "ABEV"
[1] "KHC"
[1] "LHX"
[1] "DG.PA"
[1] "DXCM"
[1] "EXC"
[1] "KKR"
[1] "SNPS"
[1] "ORLY"
[1] "MCK"
[1] "MPC"
[1] "XLNX"
[1] "IQV"
[1] "VOD"
[1] "BIDU"
[1] "SPG"
[1] "STZ"
[1] "LULU"
[1] "T.TO"
[1] "SU"
[1] "WCN.TO"
[1] "VMW"
[1] "CTSH"
[1] "TAK"
[1] "STLA"
[1] "IDXX"
[1] "HSY"
[1] "CSU.TO"
[1] "DOW"
[1] "JCI"
[1] "GOLD"
[1] "TRV"
[1] "KR"
[1] "HMC"
[1] "KMI"
[1] "CVE.TO"
[1] "CDNS"
[1] "WELL"
[1] "NXPI"
[1] "ADSK"
[1] "CTAS"
[1] "PRU"
[1] "APH"
[1] "DLR"
[1] "AZO"
[1] "SYY"
[1] "SAF.PA"
[1] "CTVA"
[1] "INFO"
[1] "CMG"
[1] "MNST"
[1] "O"
[1] "IMO.TO"
[1] "RSG"
[1] "AFL"
[1] "SMFG"
[1] "KMB"
[1] "VLO"
[1] "GIS"
[1] "DDOG"
[1] "COIN"
[1] "BNTX"
[1] "WIT"
[1] "WMB"
[1] "MFC"
[1] "DVN"
[1] "MSCI"
[1] "XEL"
[1] "BKR"
[1] "HPQ"
[1] "TEL"
[1] "HLT"
[1] "PSX"
[1] "LYG"
[1] "NUE"
[1] "SLF.TO"
[1] "A"
[1] "ALXN"
[1] "ANET"
[1] "SBAC"
[1] "BAX"
[1] "RACE"
[1] "MSI"
[1] "FNV.TO"
[1] "ALC"
[1] "ALL"
[1] "EC"
[1] "L.TO"
[1] "WBA"
[1] "BK"
[1] "ING"
[1] "AJG"
[1] "GPN"
[1] "TU"
[1] "AEM.TO"
[1] "WCN"
[1] "RCI-B.TO"
[1] "DASH"
[1] "TWTR"
[1] "CARR"
[1] "MCHP"
[1] "LNG"
[1] "DLTR"
[1] "RMD"
[1] "PEG"
[1] "DELL"
[1] "HAL"
[1] "LCID"
[1] "EQR"
[1] "NET"
[1] "TDG"
[1] "VRSK"
[1] "DD"
[1] "PH"
[1] "CVE"
[1] "TT"
[1] "HES"
[1] "AVB"
[1] "EA"
[1] "ED"
[1] "ET"
[1] "ABC"
[1] "APO"
[1] "GWO.TO"
[1] "DIM.PA"
[1] "YUM"
[1] "STM"
[1] "BBVA"
[1] "CHT"
[1] "MPLX"
[1] "RIVN"
[1] "IMO"
[1] "ROST"
[1] "QSR.TO"
[1] "NU"
[1] "TSN"
[1] "NIO"
[1] "BN.PA"
[1] "LYB"
[1] "TROW"
[1] "FAST"
[1] "ZM"
[1] "ALGN"
[1] "WEC"
[1] "IFC.TO"
[1] "TTD"
[1] "OTIS"
[1] "ERIC"
[1] "ARE"
[1] "AMP"
[1] "TW"
[1] "EBAY"
[1] "BEP-UN.TO"
[1] "SLF"
[1] "EDF.PA"
[1] "BCS"
[1] "CAP.PA"
[1] "BF-B"
[1] "ZS"
[1] "OKE"
[1] "NA.TO"
[1] "ES"
[1] "ORAN"
[1] "FNV"
[1] "STM.PA"
[1] "BBVA.MC"
[1] "IFF"
[1] "UDR"
[1] "BIIB"
[1] "TLK"
[1] "DFS"
[1] "MFG"
[1] "MTD"
[1] "ROK"
[1] "PPG"
[1] "CPNG"
[1] "STT"
[1] "AWK"
[1] "NOK"
[1] "FTS.TO"
[1] "WST"
[1] "AME"
[1] "VEEV"
[1] "NDAQ"
[1] "EXR"
[1] "ACA.PA"
[1] "ODFL"
[1] "CRH"
[1] "CPRT"
[1] "AEM"
[1] "RCI"
[1] "SIVB"
[1] "APTV"
[1] "MTB"
[1] "ORA.PA"
[1] "WY"
[1] "PCAR"
[1] "WLTW"
[1] "GLW"
[1] "TEF"
[1] "HRL"
[1] "MTCH"
[1] "CBRE"
[1] "FRC"
[1] "WTW"
[1] "NOKIA.PA"
[1] "WPM.TO"
[1] "MDB"
[1] "ENGI.PA"
[1] "NTGY.MC"
[1] "BLL"
[1] "EXPE"
[1] "FM.TO"
[1] "MT"
[1] "LI"
[1] "SGEN"
[1] "RPRX"
[1] "FITB"
[1] "MXIM"
[1] "CMI"
[1] "TECK-B.TO"
[1] "LVS"
[1] "EFX"
[1] "CQP"
[1] "CERN"
[1] "EIX"
[1] "MKC"
[1] "PHG"
[1] "KEYS"
[1] "SPOT"
[1] "ZBH"
[1] "FE"
[1] "IBKR"
[1] "QSR"
[1] "PPL.TO"
[1] "SGO.PA"
[1] "TEF.MC"
[1] "MOS"
[1] "KSU"
[1] "U"
[1] "DTE"
[1] "TWLO"
[1] "WORK"
[1] "TSCO"
[1] "GWW"
[1] "POW.TO"
[1] "DB"
[1] "ANSS"
[1] "ENPH"
[1] "HZNP"
[1] "LH"
[1] "PLTR"
[1] "AMER3.SA"
[1] "SIRI"
[1] "BEP"
[1] "HO.PA"
[1] "PCG"
[1] "RBLX"
[1] "AMS.MC"
[1] "MAA"
[1] "CAJ"
[1] "INVH"
[1] "FANG"
[1] "CHD"
[1] "DHI"
[1] "ETR"
[1] "CSGP"
[1] "AEE"
[1] "STE"
[1] "GIB-A.TO"
[1] "ALB"
[1] "IT"
[1] "HIG"
[1] "FTS"
[1] "GMAB"
[1] "XPEV"
[1] "LUV"
[1] "SQM"
[1] "VTR"
[1] "LYV"
[1] "VRSN"
[1] "NTRS"
[1] "ESS"
[1] "CDW"
[1] "WN.TO"
[1] "ARES"
[1] "ZI"
[1] "DAL"
[1] "VMC"
[1] "CTRA"
[1] "MLM"
[1] "LBRDA"
[1] "LBRDK"
[1] "TTM"
[1] "SWK"
[1] "DRE"
[1] "CLR"
[1] "K"
[1] "ON"
[1] "URI"
[1] "BEKE"
[1] "MG.TO"
[1] "CF"
[1] "RJF"
[1] "TDY"
[1] "WPM"
[1] "OKTA"
[1] "LR.PA"
[1] "CINF"
[1] "IX"
[1] "GRMN"
[1] "VFC"
[1] "CCEP"
[1] "ZBRA"
[1] "TECK"
[1] "AENA.MC"
[1] "LEN-B"
[1] "LEN"
[1] "PKI"
[1] "DOV"
[1] "TOTS3.SA"
[1] "ASAI3.SA"
[1] "SUI"
[1] "UMC"
[1] "DOL.TO"
[1] "CCL"
[1] "PPL"
[1] "FTV"
[1] "PBA"
[1] "ICLR"
[1] "SPLK"
[1] "H.TO"
[1] "LB"
[1] "FOXA"
[1] "FOX"
[1] "VICI"
[1] "CMS"
[1] "BBY"
[1] "ULTA"
[1] "HPE"
[1] "ELP"
[1] "ZTO"
[1] "ML.PA"
[1] "HUBS"
[1] "BILL"
[1] "BRO"
[1] "BIP"
[1] "CNP"
[1] "EDU"
[1] "COO"
[1] "TOU.TO"
[1] "DOCU"
[1] "BGNE"
[1] "FMS"
[1] "CNHI"
[1] "MKL"
[1] "CS"
[1] "HOLX"
[1] "HBAN"
[1] "TEP.PA"
[1] "RYAAY"
[1] "RCL"
[1] "CTLT"
[1] "MOH"
[1] "SWKS"
[1] "CUK"
[1] "GIB"
[1] "ALNY"
[1] "SJR-B.TO"
[1] "AVTR"
[1] "FLT"
[1] "PAYC"
[1] "IR"
[1] "RF"
[1] "VIAC"
[1] "RKT"
[1] "APP"
[1] "VIV"
[1] "BXP"
[1] "WMG"
[1] "VIACA"
[1] "ERF.PA"
[1] "MPWR"
[1] "PWR"
[1] "KEY"
[1] "CVNA"
[1] "AKAM"
[1] "PEAK"
[1] "CHKP"
[1] "MRO"
[1] "REP.MC"
[1] "WAT"
[1] "VIE.PA"
[1] "WSP.TO"
[1] "KB"
[1] "BR"
[1] "GPC"
[1] "AGR"
[1] "SSNC"
[1] "STX"
[1] "PFG"
[1] "SYF"
[1] "J"
[1] "TS"
[1] "PODD"
[1] "TRU"
[1] "INCY"
[1] "PKX"
[1] "GNRC"
[1] "HEI"
[1] "HEI-A"
[1] "ACGL"
[1] "CHWY"
[1] "JBHT"
[1] "TRMB"
[1] "GLE.PA"
[1] "MGA"
[1] "CLX"
[1] "WRB"
[1] "NUAN"
[1] "BIO"
[1] "YUMC"
[1] "AMCR"
[1] "CFG"
[1] "TYL"
[1] "TRGP"
[1] "ACI"
[1] "TER"
[1] "EPAM"
[1] "MRU.TO"
[1] "IP"
[1] "UI"
[1] "ROL"
[1] "FMC"
[1] "CPT"
[1] "NTAP"
[1] "BPY"
[1] "CAH"
[1] "OVV.TO"
[1] "DISH"
[1] "MGM"
[1] "LSXMK"
[1] "LSXMA"
[1] "LSXMB"
[1] "TECH"
[1] "EMA.TO"
[1] "POOL"
[1] "FFH.TO"
[1] "SHG"
[1] "BG"
[1] "FDS"
[1] "DGX"
[1] "SBNY"
[1] "XP"
[1] "SEDG"
[1] "PPD"
[1] "AES"
[1] "CAG"
[1] "KMX"
[1] "ATO"
[1] "WAB"
[1] "EXPD"
[1] "TTWO"
[1] "EVRG"
[1] "AMH"
[1] "LNT"
[1] "TFX"
[1] "IRM"
[1] "CLF"
[1] "SSL"
[1] "OMC"
[1] "RY4C.IR"
[1] "ATH"
[1] "ALUP11.SA"
[1] "ZNH"
[1] "FWONK"
[1] "FWONA"
[1] "ACC"
[1] "L"
[1] "WPC"
[1] "BMRN"
[1] "CG"
[1] "DRI"
[1] "STLD"
[1] "KRX.IR"
[1] "SUZ"
[1] "SJR"
[1] "IEP"
[1] "XYL"
[1] "CE"
[1] "LPLA"
[1] "NLOK"
[1] "ICL"
[1] "ROKU"
[1] "AA"
[1] "CA.PA"
[1] "PINS"
[1] "ALPA4.SA"
[1] "VEDL"
[1] "CRL"
[1] "ELS"
[1] "XM"
[1] "CCO.TO"
[1] "SJM"
[1] "KIM"
[1] "PLUG"
[1] "CCK"
[1] "CNP.PA"
[1] "IEX"
[1] "ZEN"
[1] "APA"
[1] "ENTG"
[1] "ETSY"
[1] "TXT"
[1] "CZR"
[1] "WDC"
[1] "LDOS"
[1] "WLK"
[1] "ASX"
[1] "EBR-B"
[1] "JKHY"
[1] "OTEX.TO"
[1] "AVY"
[1] "HWM"
[1] "TCOM"
[1] "NVR"
[1] "EQT"
[1] "PKG"
[1] "ABMD"
[1] "NICE"
[1] "WPP"
[1] "DPZ"
[1] "ALLY"
[1] "EBR"
[1] "ACH"
[1] "SNN"
[1] "IVN.TO"
[1] "EMN"
[1] "TPX-B.TO"
[1] "GFL.TO"
[1] "GDDY"
[1] "AAP"
[1] "LU"
[1] "PUB.PA"
[1] "CPB"
[1] "GFI"
[1] "HNP"
[1] "UAL"
[1] "OVV"
[1] "LBTYK"
[1] "LBTYA"
[1] "IPG"
[1] "AQN.TO"
[1] "JHX"
[1] "VTRS"
[1] "BEN"
[1] "BOL.PA"
[1] "CAR"
[1] "CNA"
[1] "CGNX"
[1] "KL.TO"
[1] "WTRG"
[1] "NDSN"
[1] "NI"
[1] "LKQ"
[1] "CHRW"
[1] "REXR"
[1] "BURL"
[1] "WOLF"
[1] "FFIV"
[1] "ADP.PA"
[1] "CTXS"
[1] "SC"
[1] "HST"
[1] "SEV.PA"
[1] "MPW"
[1] "KN.PA"
[1] "NWSA"
[1] "DT"
[1] "FHN"
[1] "HSIC"
[1] "SAP.TO"
[1] "AFG"
[1] "ELAN"
[1] "DISCB"
[1] "DISCK"
[1] "WRK"
[1] "CUBE"
[1] "QRVO"
[1] "DISCA"
[1] "NMR"
[1] "LSI"
[1] "CBOE"
[1] "ENIA"
[1] "CSL"
[1] "RHI"
[1] "NVEI.TO"
[1] "A17U.SI"
[1] "FNF"
[1] "VIV.PA"
[1] "DIDI"
[1] "ARX.TO"
[1] "AM.PA"
[1] "REG"
[1] "CTC.TO"
[1] "MORN"
[1] "PTC"
[1] "BSY"
[1] "EQH"
[1] "AER"
[1] "CCJ"
[1] "DAR"
[1] "CTC-A.TO"
[1] "SBSW"
[1] "AMUN.PA"
[1] "MAS"
[1] "IHG"
[1] "EMP-A.TO"
[1] "EDEN.PA"
[1] "LOGI"
[1] "CEA"
[1] "BIM.PA"
[1] "CONE"
[1] "ZG"
[1] "Z"
[1] "BAH"
[1] "CHK"
[1] "W"
[1] "HAS"
[1] "EXAS"
[1] "VER"
[1] "LYFT"
[1] "DVA"
[1] "RE"
[1] "WSO"
[1] "BAP"
[1] "EN.PA"
[1] "LUMN"
[1] "CMA"
[1] "KOF"
[1] "KEP"
[1] "BVI.PA"
[1] "GGG"
[1] "OTEX"
[1] "LAMR"
[1] "TEVA"
[1] "GLPI"
[1] "JNPR"
[1] "Y"
[1] "PCTY"
[1] "TAP"
[1] "SCI"
[1] "GME"
[1] "QGEN"
[1] "SNA"
[1] "RPM"
[1] "CLVT"
[1] "LNC"
[1] "RS"
[1] "TPL"
[1] "GFL"
[1] "FICO"
[1] "BBWI"
[1] "AZPN"
[1] "JLL"
[1] "AEG"
[1] "XLRN"
[1] "SGRE.MC"
[1] "UHS"
[1] "PATH"
[1] "EWBC"
[1] "VST"
[1] "AAL"
[1] "AIZ"
[1] "UHAL"
[1] "IAM.PA"
[1] "SKM"
[1] "AFRM"
[1] "AQN"
[1] "ACM"
[1] "CBAV3.SA"
[1] "HTHT"
[1] "ILD.PA"
[1] "MKTX"
[1] "GGB"
[1] "TDOC"
[1] "BLDR"
[1] "CU.TO"
[1] "BHC.TO"
[1] "BKI"
[1] "RNG"
[1] "WSM"
[1] "BCH"
[1] "ANA.MC"
[1] "CFLT"
[1] "BSAC"
[1] "ARCC"
[1] "MMP"
[1] "XRAY"
[1] "AR"
[1] "GRFS"
[1] "CAE.TO"
[1] "CIB"
[1] "HRC"
[1] "IGM.TO"
[1] "MGP"
[1] "CCL-B.TO"
[1] "KL"
[1] "ZNGA"
[1] "DOX"
[1] "JAZZ"
[1] "SEE"
[1] "ARZZ3.SA"
[1] "SW.PA"
[1] "GL"
[1] "WLN.PA"
[1] "AGCO"
[1] "K.TO"
[1] "FCNCA"
[1] "PFPT"
[1] "WHR"
[1] "OLPX"
[1] "AAPL"
[1] "MSFT"
[1] "GOOG"
[1] "GOOGL"
[1] "AMZN"
[1] "TSLA"
[1] "BRK-B"
[1] "BRK-A"
[1] "FB"
[1] "NVDA"
[1] "TSM"
[1] "UNH"
[1] "JNJ"
[1] "V"
[1] "WMT"
[1] "JPM"
[1] "PG"
[1] "XOM"
[1] "MA"
[1] "CVX"
[1] "HD"
[1] "BAC"
[1] "MC.PA"
[1] "PFE"
[1] "ABBV"
[1] "LLY"
[1] "BABA"
[1] "KO"
[1] "BHP"
[1] "NVO"
[1] "COST"
[1] "ASML"
[1] "TM"
[1] "DIS"
[1] "AVGO"
[1] "PEP"
[1] "TMO"
[1] "ABEV3.SA"
[1] "CSCO"
[1] "VZ"
[1] "MRK"
[1] "AZN"
[1] "ABT"
[1] "ORCL"
[1] "CMCSA"
[1] "ACN"
[1] "DHR"
[1] "ADBE"
[1] "NVS"
[1] "MRK.PA"
[1] "NKE"
[1] "OR.PA"
[1] "RDS-B"
[1] "RDS-A"
[1] "CRM"
[1] "RY.TO"
[1] "INTC"
[1] "MCD"
[1] "WFC"
[1] "TD.TO"
[1] "RDSA.AS"
[1] "T"
[1] "NEE"
[1] "UPS"
[1] "TMUS"
[1] "BMY"
[1] "AMD"
[1] "BBL"
[1] "LIN"
[1] "TXN"
[1] "NFLX"
[1] "PM"
[1] "SCHW"
[1] "QCOM"
[1] "RY"
[1] "PTR"
[1] "UNP"
[1] "MDT"
[1] "MS"
[1] "RTX"
[1] "SPGI"
[1] "SNY"
[1] "CVS"
[1] "TD"
[1] "BX"
[1] "AXP"
[1] "LOW"
[1] "INTU"
[1] "RMS.PA"
[1] "AMGN"
[1] "COP"
[1] "SAN.PA"
[1] "HON"
[1] "RIO"
[1] "PYPL"
[1] "TTE"
[1] "DE"
[1] "SAP"
[1] "EQNR"
[1] "ANTM"
[1] "PLD"
[1] "LMT"
[1] "SONY"
[1] "AMT"
[1] "DEO"
[1] "ENB.TO"
[1] "GSK"
[1] "TTE.PA"
[1] "BUD"
[1] "UL"
[1] "HDB"
[1] "CAT"
[1] "IBM"
[1] "BLK"
[1] "DGE.PA"
[1] "BAM-A.TO"
[1] "CNR.TO"
[1] "GS"
[1] "CDI.PA"
[1] "TGT"
[1] "CHTR"
[1] "CATR.PA"
[1] "AMAT"
[1] "BNS.TO"
[1] "ABNB"
[1] "ISRG"
[1] "BA"
[1] "NOW"
[1] "PBR"
[1] "SYK"
[1] "JD"
[1] "C"
[1] "LFC"
[1] "INFY"
[1] "ADP"
[1] "VALE"
[1] "BP"
[1] "BTI"
[1] "GE"
[1] "MO"
[1] "BMO.TO"
[1] "EL"
[1] "SHOP.TO"
[1] "B3SA3.SA"
[1] "ENB"
[1] "ZTS"
[1] "CNQ.TO"
[1] "SBUX"
[1] "CB"
[1] "GNE.PA"
[1] "DUK"
[1] "BKNG"
[1] "BAM"
[1] "CP.TO"
[1] "MDLZ"
[1] "CME"
[1] "CNI"
[1] "MMC"
[1] "CCI"
[1] "MMM"
[1] "BNS"
[1] "ADI"
[1] "CI"
[1] "AIR.PA"
[1] "PBR-A"
[1] "SO"
[1] "SU.PA"
[1] "MU"
[1] "REGN"
[1] "SNP"
[1] "BDX"
[1] "GILD"
[1] "HCA"
[1] "USB"
[1] "BMO"
[1] "PNC"
[1] "EW"
[1] "AI.PA"
[1] "MUFG"
[1] "SHOP"
[1] "CSX"
[1] "CNQ"
[1] "EOG"
[1] "NTR.TO"
[1] "ICE"
[1] "EL.PA"
[1] "TRP.TO"
[1] "TJX"
[1] "NOC"
[1] "FMX"
[1] "PSA"
[1] "D"
[1] "VRTX"
[1] "TFC"
[1] "SQ"
[1] "AON"
[1] "FCX"
[1] "AMX"
[1] "CP"
[1] "EQIX"
[1] "PGR"
[1] "IBN"
[1] "TEAM"
[1] "SHW"
[1] "LRCX"
[1] "WM"
[1] "KER.PA"
[1] "CL"
[1] "GD"
[1] "NSC"
[1] "BCE.TO"
[1] "TRI.TO"
[1] "CM.TO"
[1] "SNOW"
[1] "FISV"
[1] "NEM"
[1] "MRNA"
[1] "BSX"
[1] "SE"
[1] "MCO"
[1] "ITW"
[1] "UBS"
[1] "NTES"
[1] "UBER"
[1] "ATVI"
[1] "FIS"
[1] "ABB"
[1] "RELX"
[1] "PXD"
[1] "CS.PA"
[1] "F"
[1] "ATD.TO"
[1] "SLB"
[1] "PANW"
[1] "SU.TO"
[1] "BNP.PA"
[1] "NTR"
[1] "MELI"
[1] "MET"
[1] "NGG"
[1] "HUM"
[1] "ETN"
[1] "SNAP"
[1] "OXY"
[1] "SAN"
[1] "TRP"
[1] "EPD"
[1] "WDAY"
[1] "GM"
[1] "SCCO"
[1] "BSBR"
[1] "ILMN"
[1] "ABX.TO"
[1] "DG"
[1] "EMR"
[1] "CCZ"
[1] "APD"
[1] "SLB.PA"
[1] "DSY.PA"
[1] "ITUB"
[1] "FTNT"
[1] "MAR"
[1] "SRE"
[1] "ADM"
[1] "MRVL"
[1] "COF"
[1] "KDP"
[1] "PDD"
[1] "SAN.MC"
[1] "CEO"
[1] "E"
[1] "BCE"
[1] "TRI"
[1] "ATD-B.TO"
[1] "CM"
[1] "ECL"
[1] "RI.PA"
[1] "FDX"
[1] "MFC.TO"
[1] "WBK"
[1] "AEP"
[1] "CNC"
[1] "KLAC"
[1] "ROP"
[1] "AIG"
[1] "CRWD"
[1] "PAYX"
[1] "ABEV"
[1] "KHC"
[1] "LHX"
[1] "DG.PA"
[1] "DXCM"
[1] "EXC"
[1] "KKR"
[1] "SNPS"
[1] "ORLY"
[1] "MCK"
[1] "MPC"
[1] "XLNX"
[1] "IQV"
[1] "VOD"
[1] "BIDU"
[1] "SPG"
[1] "STZ"
[1] "LULU"
[1] "T.TO"
[1] "SU"
[1] "WCN.TO"
[1] "VMW"
[1] "CTSH"
[1] "TAK"
[1] "STLA"
[1] "IDXX"
[1] "HSY"
[1] "CSU.TO"
[1] "DOW"
[1] "JCI"
[1] "GOLD"
[1] "TRV"
[1] "KR"
[1] "HMC"
[1] "KMI"
[1] "CVE.TO"
[1] "CDNS"
[1] "WELL"
[1] "NXPI"
[1] "ADSK"
[1] "CTAS"
[1] "PRU"
[1] "APH"
[1] "DLR"
[1] "AZO"
[1] "SYY"
[1] "SAF.PA"
[1] "CTVA"
[1] "INFO"
[1] "CMG"
[1] "MNST"
[1] "O"
[1] "IMO.TO"
[1] "RSG"
[1] "AFL"
[1] "SMFG"
[1] "KMB"
[1] "VLO"
[1] "GIS"
[1] "DDOG"
[1] "COIN"
[1] "BNTX"
[1] "WIT"
[1] "WMB"
[1] "MFC"
[1] "DVN"
[1] "MSCI"
[1] "XEL"
[1] "BKR"
[1] "HPQ"
[1] "TEL"
[1] "HLT"
[1] "PSX"
[1] "LYG"
[1] "NUE"
[1] "SLF.TO"
[1] "A"
[1] "ALXN"
[1] "ANET"
[1] "SBAC"
[1] "BAX"
[1] "RACE"
[1] "MSI"
[1] "FNV.TO"
[1] "ALC"
[1] "ALL"
[1] "EC"
[1] "L.TO"
[1] "WBA"
[1] "BK"
[1] "ING"
[1] "AJG"
[1] "GPN"
[1] "TU"
[1] "AEM.TO"
[1] "WCN"
[1] "RCI-B.TO"
[1] "DASH"
[1] "TWTR"
[1] "CARR"
[1] "MCHP"
[1] "LNG"
[1] "DLTR"
[1] "RMD"
[1] "PEG"
[1] "DELL"
[1] "HAL"
[1] "LCID"
[1] "EQR"
[1] "NET"
[1] "TDG"
[1] "VRSK"
[1] "DD"
[1] "PH"
[1] "CVE"
[1] "TT"
[1] "HES"
[1] "AVB"
[1] "EA"
[1] "ED"
[1] "ET"
[1] "ABC"
[1] "APO"
[1] "GWO.TO"
[1] "DIM.PA"
[1] "YUM"
[1] "STM"
[1] "BBVA"
[1] "CHT"
[1] "MPLX"
[1] "RIVN"
[1] "IMO"
[1] "ROST"
[1] "QSR.TO"
[1] "NU"
[1] "TSN"
[1] "NIO"
[1] "BN.PA"
[1] "LYB"
[1] "TROW"
[1] "FAST"
[1] "ZM"
[1] "ALGN"
[1] "WEC"
[1] "IFC.TO"
[1] "TTD"
[1] "OTIS"
[1] "ERIC"
[1] "ARE"
[1] "AMP"
[1] "TW"
[1] "EBAY"
[1] "BEP-UN.TO"
[1] "SLF"
[1] "EDF.PA"
[1] "BCS"
[1] "CAP.PA"
[1] "BF-B"
[1] "ZS"
[1] "OKE"
[1] "NA.TO"
[1] "ES"
[1] "ORAN"
[1] "FNV"
[1] "STM.PA"
[1] "BBVA.MC"
[1] "IFF"
[1] "UDR"
[1] "BIIB"
[1] "TLK"
[1] "DFS"
[1] "MFG"
[1] "MTD"
[1] "ROK"
[1] "PPG"
[1] "CPNG"
[1] "STT"
[1] "AWK"
[1] "NOK"
[1] "FTS.TO"
[1] "WST"
[1] "AME"
[1] "VEEV"
[1] "NDAQ"
[1] "EXR"
[1] "ACA.PA"
[1] "ODFL"
[1] "CRH"
[1] "CPRT"
[1] "AEM"
[1] "RCI"
[1] "SIVB"
[1] "APTV"
[1] "MTB"
[1] "ORA.PA"
[1] "WY"
[1] "PCAR"
[1] "WLTW"
[1] "GLW"
[1] "TEF"
[1] "HRL"
[1] "MTCH"
[1] "CBRE"
[1] "FRC"
[1] "WTW"
[1] "NOKIA.PA"
[1] "WPM.TO"
[1] "MDB"
[1] "ENGI.PA"
[1] "NTGY.MC"
[1] "BLL"
[1] "EXPE"
[1] "FM.TO"
[1] "MT"
[1] "LI"
[1] "SGEN"
[1] "RPRX"
[1] "FITB"
[1] "MXIM"
[1] "CMI"
[1] "TECK-B.TO"
[1] "LVS"
[1] "EFX"
[1] "CQP"
[1] "CERN"
[1] "EIX"
[1] "MKC"
[1] "PHG"
[1] "KEYS"
[1] "SPOT"
[1] "ZBH"
[1] "FE"
[1] "IBKR"
[1] "QSR"
[1] "PPL.TO"
[1] "SGO.PA"
[1] "TEF.MC"
[1] "MOS"
[1] "KSU"
[1] "U"
[1] "DTE"
[1] "TWLO"
[1] "WORK"
[1] "TSCO"
[1] "GWW"
[1] "POW.TO"
[1] "DB"
[1] "ANSS"
[1] "ENPH"
[1] "HZNP"
[1] "LH"
[1] "PLTR"
[1] "AMER3.SA"
[1] "SIRI"
[1] "BEP"
[1] "HO.PA"
[1] "PCG"
[1] "RBLX"
[1] "AMS.MC"
[1] "MAA"
[1] "CAJ"
[1] "INVH"
[1] "FANG"
[1] "CHD"
[1] "DHI"
[1] "ETR"
[1] "CSGP"
[1] "AEE"
[1] "STE"
[1] "GIB-A.TO"
[1] "ALB"
[1] "IT"
[1] "HIG"
[1] "FTS"
[1] "GMAB"
[1] "XPEV"
[1] "LUV"
[1] "SQM"
[1] "VTR"
[1] "LYV"
[1] "VRSN"
[1] "NTRS"
[1] "ESS"
[1] "CDW"
[1] "WN.TO"
[1] "ARES"
[1] "ZI"
[1] "DAL"
[1] "VMC"
[1] "CTRA"
[1] "MLM"
[1] "LBRDA"
[1] "LBRDK"
[1] "TTM"
[1] "SWK"
[1] "DRE"
[1] "CLR"
[1] "K"
[1] "ON"
[1] "URI"
[1] "BEKE"
[1] "MG.TO"
[1] "CF"
[1] "RJF"
[1] "TDY"
[1] "WPM"
[1] "OKTA"
[1] "LR.PA"
[1] "CINF"
[1] "IX"
[1] "GRMN"
[1] "VFC"
[1] "CCEP"
[1] "ZBRA"
[1] "TECK"
[1] "AENA.MC"
[1] "LEN-B"
[1] "LEN"
[1] "PKI"
[1] "DOV"
[1] "TOTS3.SA"
[1] "ASAI3.SA"
[1] "SUI"
[1] "UMC"
[1] "DOL.TO"
[1] "CCL"
[1] "PPL"
[1] "FTV"
[1] "PBA"
[1] "ICLR"
[1] "SPLK"
[1] "H.TO"
[1] "LB"
[1] "FOXA"
[1] "FOX"
[1] "VICI"
[1] "CMS"
[1] "BBY"
[1] "ULTA"
[1] "HPE"
[1] "ELP"
[1] "ZTO"
[1] "ML.PA"
[1] "HUBS"
[1] "BILL"
[1] "BRO"
[1] "BIP"
[1] "CNP"
[1] "EDU"
[1] "COO"
[1] "TOU.TO"
[1] "DOCU"
[1] "BGNE"
[1] "FMS"
[1] "CNHI"
[1] "MKL"
[1] "CS"
[1] "HOLX"
[1] "HBAN"
[1] "TEP.PA"
[1] "RYAAY"
[1] "RCL"
[1] "CTLT"
[1] "MOH"
[1] "SWKS"
[1] "CUK"
[1] "GIB"
[1] "ALNY"
[1] "SJR-B.TO"
[1] "AVTR"
[1] "FLT"
[1] "PAYC"
[1] "IR"
[1] "RF"
[1] "VIAC"
[1] "RKT"
[1] "APP"
[1] "VIV"
[1] "BXP"
[1] "WMG"
[1] "VIACA"
[1] "ERF.PA"
[1] "MPWR"
[1] "PWR"
[1] "KEY"
[1] "CVNA"
[1] "AKAM"
[1] "PEAK"
[1] "CHKP"
[1] "MRO"
[1] "REP.MC"
[1] "WAT"
[1] "VIE.PA"
[1] "WSP.TO"
[1] "KB"
[1] "BR"
[1] "GPC"
[1] "AGR"
[1] "SSNC"
[1] "STX"
[1] "PFG"
[1] "SYF"
[1] "J"
[1] "TS"
[1] "PODD"
[1] "TRU"
[1] "INCY"
[1] "PKX"
[1] "GNRC"
[1] "HEI"
[1] "HEI-A"
[1] "ACGL"
[1] "CHWY"
[1] "JBHT"
[1] "TRMB"
[1] "GLE.PA"
[1] "MGA"
[1] "CLX"
[1] "WRB"
[1] "NUAN"
[1] "BIO"
[1] "YUMC"
[1] "AMCR"
[1] "CFG"
[1] "TYL"
[1] "TRGP"
[1] "ACI"
[1] "TER"
[1] "EPAM"
[1] "MRU.TO"
[1] "IP"
[1] "UI"
[1] "ROL"
[1] "FMC"
[1] "CPT"
[1] "NTAP"
[1] "BPY"
[1] "CAH"
[1] "OVV.TO"
[1] "DISH"
[1] "MGM"
[1] "LSXMK"
[1] "LSXMA"
[1] "LSXMB"
[1] "TECH"
[1] "EMA.TO"
[1] "POOL"
[1] "FFH.TO"
[1] "SHG"
[1] "BG"
[1] "FDS"
[1] "DGX"
[1] "SBNY"
[1] "XP"
[1] "SEDG"
[1] "PPD"
[1] "AES"
[1] "CAG"
[1] "KMX"
[1] "ATO"
[1] "WAB"
[1] "EXPD"
[1] "TTWO"
[1] "EVRG"
[1] "AMH"
[1] "LNT"
[1] "TFX"
[1] "IRM"
[1] "CLF"
[1] "SSL"
[1] "OMC"
[1] "RY4C.IR"
[1] "ATH"
[1] "ALUP11.SA"
[1] "ZNH"
[1] "FWONK"
[1] "FWONA"
[1] "ACC"
[1] "L"
[1] "WPC"
[1] "BMRN"
[1] "CG"
[1] "DRI"
[1] "STLD"
[1] "KRX.IR"
[1] "SUZ"
[1] "SJR"
[1] "IEP"
[1] "XYL"
[1] "CE"
[1] "LPLA"
[1] "NLOK"
[1] "ICL"
[1] "ROKU"
[1] "AA"
[1] "CA.PA"
[1] "PINS"
[1] "ALPA4.SA"
[1] "VEDL"
[1] "CRL"
[1] "ELS"
[1] "XM"
[1] "CCO.TO"
[1] "SJM"
[1] "KIM"
[1] "PLUG"
[1] "CCK"
[1] "CNP.PA"
[1] "IEX"
[1] "ZEN"
[1] "APA"
[1] "ENTG"
[1] "ETSY"
[1] "TXT"
[1] "CZR"
[1] "WDC"
[1] "LDOS"
[1] "WLK"
[1] "ASX"
[1] "EBR-B"
[1] "JKHY"
[1] "OTEX.TO"
[1] "AVY"
[1] "HWM"
[1] "TCOM"
[1] "NVR"
[1] "EQT"
[1] "PKG"
[1] "ABMD"
[1] "NICE"
[1] "WPP"
[1] "DPZ"
[1] "ALLY"
[1] "EBR"
[1] "ACH"
[1] "SNN"
[1] "IVN.TO"
[1] "EMN"
[1] "TPX-B.TO"
[1] "GFL.TO"
[1] "GDDY"
[1] "AAP"
[1] "LU"
[1] "PUB.PA"
[1] "CPB"
[1] "GFI"
[1] "HNP"
[1] "UAL"
[1] "OVV"
[1] "LBTYK"
[1] "LBTYA"
[1] "IPG"
[1] "AQN.TO"
[1] "JHX"
[1] "VTRS"
[1] "BEN"
[1] "BOL.PA"
[1] "CAR"
[1] "CNA"
[1] "CGNX"
[1] "KL.TO"
[1] "WTRG"
[1] "NDSN"
[1] "NI"
[1] "LKQ"
[1] "CHRW"
[1] "REXR"
[1] "BURL"
[1] "WOLF"
[1] "FFIV"
[1] "ADP.PA"
[1] "CTXS"
[1] "SC"
[1] "HST"
[1] "SEV.PA"
[1] "MPW"
[1] "KN.PA"
[1] "NWSA"
[1] "DT"
[1] "FHN"
[1] "HSIC"
[1] "SAP.TO"
[1] "AFG"
[1] "ELAN"
[1] "DISCB"
[1] "DISCK"
[1] "WRK"
[1] "CUBE"
[1] "QRVO"
[1] "DISCA"
[1] "NMR"
[1] "LSI"
[1] "CBOE"
[1] "ENIA"
[1] "CSL"
[1] "RHI"
[1] "NVEI.TO"
[1] "A17U.SI"
[1] "FNF"
[1] "VIV.PA"
[1] "DIDI"
[1] "ARX.TO"
[1] "AM.PA"
[1] "REG"
[1] "CTC.TO"
[1] "MORN"
[1] "PTC"
[1] "BSY"
[1] "EQH"
[1] "AER"
[1] "CCJ"
[1] "DAR"
[1] "CTC-A.TO"
[1] "SBSW"
[1] "AMUN.PA"
[1] "MAS"
[1] "IHG"
[1] "EMP-A.TO"
[1] "EDEN.PA"
[1] "LOGI"
[1] "CEA"
[1] "BIM.PA"
[1] "CONE"
[1] "ZG"
[1] "Z"
[1] "BAH"
[1] "CHK"
[1] "W"
[1] "HAS"
[1] "EXAS"
[1] "VER"
[1] "LYFT"
[1] "DVA"
[1] "RE"
[1] "WSO"
[1] "BAP"
[1] "EN.PA"
[1] "LUMN"
[1] "CMA"
[1] "KOF"
[1] "KEP"
[1] "BVI.PA"
[1] "GGG"
[1] "OTEX"
[1] "LAMR"
[1] "TEVA"
[1] "GLPI"
[1] "JNPR"
[1] "Y"
[1] "PCTY"
[1] "TAP"
[1] "SCI"
[1] "GME"
[1] "QGEN"
[1] "SNA"
[1] "RPM"
[1] "CLVT"
[1] "LNC"
[1] "RS"
[1] "TPL"
[1] "GFL"
[1] "FICO"
[1] "BBWI"
[1] "AZPN"
[1] "JLL"
[1] "AEG"
[1] "XLRN"
[1] "SGRE.MC"
[1] "UHS"
[1] "PATH"
[1] "EWBC"
[1] "VST"
[1] "AAL"
[1] "AIZ"
[1] "UHAL"
[1] "IAM.PA"
[1] "SKM"
[1] "AFRM"
[1] "AQN"
[1] "ACM"
[1] "CBAV3.SA"
[1] "HTHT"
[1] "ILD.PA"
[1] "MKTX"
[1] "GGB"
[1] "TDOC"
[1] "BLDR"
[1] "CU.TO"
[1] "BHC.TO"
[1] "BKI"
[1] "RNG"
[1] "WSM"
[1] "BCH"
[1] "ANA.MC"
[1] "CFLT"
[1] "BSAC"
[1] "ARCC"
[1] "MMP"
[1] "XRAY"
[1] "AR"
[1] "GRFS"
[1] "CAE.TO"
[1] "CIB"
[1] "HRC"
[1] "IGM.TO"
[1] "MGP"
[1] "CCL-B.TO"
[1] "KL"
[1] "ZNGA"
[1] "DOX"
[1] "JAZZ"
[1] "SEE"
[1] "ARZZ3.SA"
[1] "SW.PA"
[1] "GL"
[1] "WLN.PA"
[1] "AGCO"
[1] "K.TO"
[1] "FCNCA"
[1] "PFPT"
[1] "WHR"
[1] "OLPX"
There were 28 warnings (use warnings() to see them)
[1] 1228.358
[1] "FINAL WHISTLE:  2022-04-11 18:59:43"
Warning message:
package 'tidyr' was built under R version 4.0.5 

Attaching package: 'dplyr'

The following objects are masked from 'package:stats':

    filter, lag

The following objects are masked from 'package:base':

    intersect, setdiff, setequal, union

Warning message:
package 'dplyr' was built under R version 4.0.5 
Loading required package: httr
[1] "KICK-OFF:  2022-04-12 09:12:02"
Your original .Renviron will be backed up and stored in your R HOME directory if needed.
Your API key has been stored in your .Renviron file and can be accessed by `Sys.getenv('FMP_API_KEY')`
To use now, restart R or run `readRenviron('~/.Renviron')`
[1] "ce687b3fe0554890e65d6a5e48f601f9"
[1] "AAPL"
[1] "MSFT"
[1] "GOOG"
[1] "GOOGL"
[1] "AMZN"
[1] "TSLA"
[1] "BRK-A"
[1] "BRK-B"
[1] "FB"
[1] "NVDA"
[1] "TSM"
[1] "UNH"
[1] "JNJ"
[1] "V"
[1] "WMT"
[1] "JPM"
[1] "PG"
[1] "XOM"
[1] "MA"
[1] "CVX"
[1] "BAC"
[1] "HD"
[1] "MC.PA"
[1] "PFE"
[1] "ABBV"
[1] "LLY"
[1] "BABA"
[1] "KO"
[1] "NVO"
[1] "BHP"
[1] "COST"
[1] "ASML"
[1] "ABEV3.SA"
[1] "PEP"
[1] "DIS"
[1] "AVGO"
[1] "TM"
[1] "TMO"
[1] "VZ"
[1] "CSCO"
[1] "MRK"
[1] "AZN"
[1] "CMCSA"
[1] "ORCL"
[1] "ABT"
[1] "NVS"
[1] "DHR"
[1] "ACN"
[1] "ADBE"
[1] "MRK.PA"
[1] "NKE"
[1] "RDS-B"
[1] "RDS-A"
[1] "RY.TO"
[1] "CRM"
[1] "OR.PA"
[1] "INTC"
[1] "WFC"
[1] "MCD"
[1] "TD.TO"
[1] "RDSA.AS"
[1] "NEE"
[1] "UPS"
[1] "TMUS"
[1] "BMY"
[1] "BBL"
[1] "LIN"
[1] "TXN"
[1] "AMD"
[1] "PM"
[1] "RY"
[1] "SCHW"
[1] "NFLX"
[1] "QCOM"
[1] "UNP"
[1] "RTX"
[1] "MDT"
[1] "MS"
[1] "PTR"
[1] "SNY"
[1] "SPGI"
[1] "T"
[1] "TD"
[1] "CVS"
[1] "BX"
[1] "LOW"
[1] "AXP"
[1] "AMGN"
[1] "INTU"
[1] "RMS.PA"
[1] "TTE"
[1] "RIO"
[1] "HON"
[1] "SAN.PA"
[1] "DE"
[1] "PYPL"
[1] "SAP"
[1] "COP"
[1] "LMT"
[1] "ANTM"
[1] "PLD"
[1] "AMT"
[1] "DEO"
[1] "EQNR"
[1] "TTE.PA"
[1] "BUD"
[1] "UL"
[1] "GSK"
[1] "ENB.TO"
[1] "CAT"
[1] "SONY"
[1] "HDB"
[1] "IBM"
[1] "BLK"
[1] "CNR.TO"
[1] "DGE.PA"
[1] "GS"
[1] "ABI.BR"
[1] "BAM-A.TO"
[1] "CHTR"
[1] "CATR.PA"
[1] "CDI.PA"
[1] "TGT"
[1] "BNS.TO"
[1] "ISRG"
[1] "BA"
[1] "ABNB"
[1] "AMAT"
[1] "NOW"
[1] "PBR"
[1] "JD"
[1] "C"
[1] "SYK"
[1] "VALE"
[1] "GE"
[1] "MO"
[1] "LFC"
[1] "SHOP.TO"
[1] "BTI"
[1] "INFY"
[1] "BMO.TO"
[1] "BP"
[1] "ADP"
[1] "EL"
[1] "ENB"
[1] "SBUX"
[1] "CNQ.TO"
[1] "CB"
[1] "ZTS"
[1] "B3SA3.SA"
[1] "GNE.PA"
[1] "BKNG"
[1] "DUK"
[1] "CP.TO"
[1] "MDLZ"
[1] "CNI"
[1] "MMC"
[1] "CME"
[1] "BAM"
[1] "MMM"
[1] "CCI"
[1] "BNS"
[1] "AIR.PA"
[1] "ADI"
[1] "CI"
[1] "PBR-A"
[1] "MU"
[1] "SO"
[1] "REGN"
[1] "SU.PA"
[1] "HCA"
[1] "GILD"
[1] "SHOP"
[1] "BMO"
[1] "PNC"
[1] "SNP"
[1] "EW"
[1] "BDX"
[1] "USB"
[1] "AI.PA"
[1] "MUFG"
[1] "NTR.TO"
[1] "CSX"
[1] "CNQ"
[1] "TJX"
[1] "NOC"
[1] "FMX"
[1] "VRTX"
[1] "ICE"
[1] "SQ"
[1] "AON"
[1] "TFC"
[1] "TRP.TO"
[1] "EOG"
[1] "EL.PA"
[1] "D"
[1] "AMX"
[1] "PSA"
[1] "CP"
[1] "EQIX"
[1] "FCX"
[1] "PGR"
[1] "TEAM"
[1] "IBN"
[1] "WM"
[1] "SHW"
[1] "GD"
[1] "CL"
[1] "NSC"
[1] "BCE.TO"
[1] "LRCX"
[1] "TRI.TO"
[1] "CM.TO"
[1] "SNOW"
[1] "KER.PA"
[1] "FISV"
[1] "MRNA"
[1] "NEM"
[1] "NTES"
[1] "SE"
[1] "UBS"
[1] "BSX"
[1] "CS.PA"
[1] "UBER"
[1] "ITW"
[1] "FIS"
[1] "MCO"
[1] "ATVI"
[1] "RELX"
[1] "PXD"
[1] "F"
[1] "ABB"
[1] "BNP.PA"
[1] "ATD.TO"
[1] "PANW"
[1] "NTR"
[1] "GM"
[1] "SLB"
[1] "MET"
[1] "SAN"
[1] "SU.TO"
[1] "NGG"
[1] "BSBR"
[1] "EPD"
[1] "HUM"
[1] "ABX.TO"
[1] "WDAY"
[1] "SCCO"
[1] "ETN"
[1] "MELI"
[1] "TRP"
[1] "CCZ"
[1] "SNAP"
[1] "APD"
[1] "EMR"
[1] "ILMN"
[1] "DG"
[1] "ITUB"
[1] "SLB.PA"
[1] "OXY"
[1] "SAN.MC"
[1] "MRVL"
[1] "COF"
[1] "DSY.PA"
[1] "KDP"
[1] "CEO"
[1] "ADM"
[1] "MAR"
[1] "SRE"
[1] "E"
[1] "BCE"
[1] "PDD"
[1] "FDX"
[1] "ATD-B.TO"
[1] "FTNT"
[1] "TRI"
[1] "CM"
[1] "ABEV"
[1] "MFC.TO"
[1] "WBK"
[1] "AEP"
[1] "ECL"
[1] "CNC"
[1] "RI.PA"
[1] "DG.PA"
[1] "ROP"
[1] "KHC"
[1] "AIG"
[1] "CRWD"
[1] "KLAC"
[1] "LHX"
[1] "PAYX"
[1] "VOD"
[1] "DXCM"
[1] "XLNX"
[1] "MCK"
[1] "ORLY"
[1] "KKR"
[1] "SPG"
[1] "STLA"
[1] "SNPS"
[1] "MPC"
[1] "EXC"
[1] "BIDU"
[1] "LULU"
[1] "STZ"
[1] "VMW"
[1] "WCN.TO"
[1] "T.TO"
[1] "IQV"
[1] "SU"
[1] "IDXX"
[1] "HSY"
[1] "TAK"
[1] "CTSH"
[1] "DOW"
[1] "CSU.TO"
[1] "GOLD"
[1] "HMC"
[1] "TRV"
[1] "JCI"
[1] "WELL"
[1] "ADSK"
[1] "KR"
[1] "PRU"
[1] "KMI"
[1] "MNST"
[1] "NXPI"
[1] "CTVA"
[1] "SAF.PA"
[1] "INFO"
[1] "CMG"
[1] "SYY"
[1] "APH"
[1] "RSG"
[1] "AZO"
[1] "CDNS"
[1] "CTAS"
[1] "O"
[1] "KMB"
[1] "SMFG"
[1] "GIS"
[1] "DDOG"
[1] "IMO.TO"
[1] "AFL"
[1] "DLR"
[1] "BNTX"
[1] "WMB"
[1] "CVE.TO"
[1] "VLO"
[1] "MFC"
[1] "WIT"
[1] "NUE"
[1] "SLF.TO"
[1] "LYG"
[1] "RACE"
[1] "XEL"
[1] "ALXN"
[1] "COIN"
[1] "HPQ"
[1] "HLT"
[1] "TEL"
[1] "FNV.TO"
[1] "DVN"
[1] "ALL"
[1] "PSX"
[1] "BAX"
[1] "BKR"
[1] "MSCI"
[1] "L.TO"
[1] "ALC"
[1] "A"
[1] "ANET"
[1] "MSI"
[1] "SBAC"
[1] "BK"
[1] "EC"
[1] "ING"
[1] "AJG"
[1] "WBA"
[1] "GPN"
[1] "TWTR"
[1] "RCI-B.TO"
[1] "DLTR"
[1] "WCN"
[1] "TU"
[1] "AEM.TO"
[1] "MCHP"
[1] "DASH"
[1] "CARR"
[1] "PEG"
[1] "HAL"
[1] "LCID"
[1] "DELL"
[1] "NET"
[1] "LNG"
[1] "RMD"
[1] "TDG"
[1] "DD"
[1] "EQR"
[1] "ROST"
[1] "BBVA"
[1] "VRSK"
[1] "RIVN"
[1] "PH"
[1] "EA"
[1] "GWO.TO"
[1] "HES"
[1] "TT"
[1] "AVB"
[1] "STM"
[1] "NU"
[1] "CHT"
[1] "MPLX"
[1] "ED"
[1] "APO"
[1] "YUM"
[1] "ET"
[1] "QSR.TO"
[1] "ABC"
[1] "TSN"
[1] "IMO"
[1] "FAST"
[1] "LYB"
[1] "BN.PA"
[1] "CVE"
[1] "NIO"
[1] "WEC"
[1] "DIM.PA"
[1] "ZM"
[1] "TROW"
[1] "TTD"
[1] "ERIC"
[1] "BBVA.MC"
[1] "SLF"
[1] "OTIS"
[1] "IFC.TO"
[1] "EBAY"
[1] "ALGN"
[1] "CAP.PA"
[1] "AMP"
[1] "ORAN"
[1] "NA.TO"
[1] "BF-B"
[1] "BCS"
[1] "IFF"
[1] "FNV"
[1] "ARE"
[1] "BEP-UN.TO"
[1] "ZS"
[1] "TLK"
[1] "ES"
[1] "TW"
[1] "MFG"
[1] "MTD"
[1] "OKE"
[1] "DFS"
[1] "STM.PA"
[1] "PPG"
[1] "BIIB"
[1] "UDR"
[1] "ROK"
[1] "FTS.TO"
[1] "EDF.PA"
[1] "AWK"
[1] "STT"
[1] "NOK"
[1] "SIVB"
[1] "CRH"
[1] "CPNG"
[1] "VEEV"
[1] "ACA.PA"
[1] "AME"
[1] "NDAQ"
[1] "ODFL"
[1] "RCI"
[1] "EXR"
[1] "WST"
[1] "MTB"
[1] "ORA.PA"
[1] "TEF"
[1] "APTV"
[1] "CPRT"
[1] "WY"
[1] "AEM"
[1] "HRL"
[1] "WLTW"
[1] "PCAR"
[1] "CBRE"
[1] "GLW"
[1] "FRC"
[1] "WPM.TO"
[1] "MT"
[1] "BLL"
[1] "NTGY.MC"
[1] "WTW"
[1] "RPRX"
[1] "FITB"
[1] "MDB"
[1] "MXIM"
[1] "TEF.MC"
[1] "ENGI.PA"
[1] "EXPE"
[1] "NOKIA.PA"
[1] "MTCH"
[1] "FM.TO"
[1] "EFX"
[1] "CMI"
[1] "CQP"
[1] "EIX"
[1] "MKC"
[1] "CERN"
[1] "LI"
[1] "SGO.PA"
[1] "QSR"
[1] "IBKR"
[1] "PPL.TO"
[1] "SPOT"
[1] "KEYS"
[1] "TECK-B.TO"
[1] "LVS"
[1] "FE"
[1] "MOS"
[1] "KSU"
[1] "U"
[1] "POW.TO"
[1] "ZBH"
[1] "SGEN"
[1] "PHG"
[1] "WORK"
[1] "DTE"
[1] "GWW"
[1] "HO.PA"
[1] "TWLO"
[1] "TSCO"
[1] "ENPH"
[1] "KBC.BR"
[1] "RBLX"
[1] "HZNP"
[1] "LH"
[1] "SIRI"
[1] "PLTR"
[1] "ANSS"
[1] "DHI"
[1] "MAA"
[1] "LUV"
[1] "AMER3.SA"
[1] "CHD"
[1] "AMS.MC"
[1] "CSGP"
[1] "INVH"
[1] "CAJ"
[1] "BEP"
[1] "AEE"
[1] "GIB-A.TO"
[1] "ETR"
[1] "DB"
[1] "STE"
[1] "HIG"
[1] "DAL"
[1] "FTS"
[1] "VTR"
[1] "LYV"
[1] "PCG"
[1] "ALB"
[1] "FANG"
[1] "NTRS"
[1] "GMAB"
[1] "XPEV"
[1] "IT"
[1] "CDW"
[1] "WN.TO"
[1] "VRSN"
[1] "VMC"
[1] "LBRDA"
[1] "LBRDK"
[1] "CTRA"
[1] "SQM"
[1] "ESS"
[1] "MLM"
[1] "SWK"
[1] "K"
[1] "ZI"
[1] "ON"
[1] "URI"
[1] "MG.TO"
[1] "OKTA"
[1] "DRE"
[1] "CF"
[1] "ARES"
[1] "WPM"
[1] "TTM"
[1] "RJF"
[1] "AENA.MC"
[1] "CLR"
[1] "LEN-B"
[1] "LEN"
[1] "TDY"
[1] "IX"
[1] "CINF"
[1] "CCL"
[1] "DOV"
[1] "CCEP"
[1] "SUI"
[1] "LR.PA"
[1] "HUBS"
[1] "ZBRA"
[1] "TOTS3.SA"
[1] "DOL.TO"
[1] "ASAI3.SA"
[1] "GRMN"
[1] "VFC"
[1] "UCB.BR"
[1] "PBA"
[1] "SPLK"
[1] "TECK"
[1] "PPL"
[1] "BEKE"
[1] "BBY"
[1] "LB"
[1] "FTV"
[1] "ULTA"
[1] "UMC"
[1] "H.TO"
[1] "VICI"
[1] "ML.PA"
[1] "FOXA"
[1] "FOX"
[1] "CMS"
[1] "BILL"
[1] "PKI"
[1] "ELP"
[1] "RYAAY"
[1] "CNHI"
[1] "HPE"
[1] "BRO"
[1] "ZTO"
[1] "CNP"
[1] "BIP"
[1] "DOCU"
[1] "ICLR"
[1] "BGNE"
[1] "RCL"
[1] "MKL"
[1] "COO"
[1] "CUK"
[1] "TOU.TO"
[1] "CS"
[1] "HBAN"
[1] "FMS"
[1] "RF"
[1] "MOH"
[1] "GIB"
[1] "SJR-B.TO"
[1] "AVTR"
[1] "TEP.PA"
[1] "RKT"
[1] "SWKS"
[1] "FLT"
[1] "BXP"
[1] "VIAC"
[1] "VIACA"
[1] "KEY"
[1] "CTLT"
[1] "REP.MC"
[1] "HOLX"
[1] "VIV"
[1] "WMG"
[1] "PAYC"
[1] "ALNY"
[1] "KB"
[1] "AKAM"
[1] "PWR"
[1] "CHKP"
[1] "IR"
[1] "VIE.PA"
[1] "CVNA"
[1] "PEAK"
[1] "APP"
[1] "AGR"
[1] "GLE.PA"
[1] "WSP.TO"
[1] "GPC"
[1] "TS"
[1] "STX"
[1] "ERF.PA"
[1] "PFG"
[1] "SYF"
[1] "SSNC"
[1] "J"
[1] "MRO"
[1] "MPWR"
[1] "PKX"
[1] "WAT"
[1] "HEI-A"
[1] "HEI"
[1] "CHWY"
[1] "TRU"
[1] "CLX"
[1] "ACGL"
[1] "JBHT"
[1] "MGA"
[1] "BR"
[1] "INCY"
[1] "WRB"
[1] "NUAN"
[1] "PODD"
[1] "BIO"
[1] "TRMB"
[1] "AMCR"
[1] "GNRC"
[1] "MRU.TO"
[1] "CFG"
[1] "ROL"
[1] "IP"
[1] "UI"
[1] "EPAM"
[1] "ACI"
[1] "BPY"
[1] "TER"
[1] "TRGP"
[1] "YUMC"
[1] "MGM"
[1] "FMC"
[1] "CPT"
[1] "NTAP"
[1] "TYL"
[1] "SHG"
[1] "LSXMA"
[1] "LSXMK"
[1] "LSXMB"
[1] "DISH"
[1] "CAH"
[1] "SBNY"
[1] "EMA.TO"
[1] "FFH.TO"
[1] "CAG"
[1] "BG"
[1] "KMX"
[1] "POOL"
[1] "PPD"
[1] "TECH"
[1] "XP"
[1] "SEDG"
[1] "AES"
[1] "DGX"
[1] "WAB"
[1] "EXPD"
[1] "FDS"
[1] "ATO"
[1] "OVV.TO"
[1] "ARGX.BR"
[1] "TTWO"
[1] "AMH"
[1] "EVRG"
[1] "OMC"
[1] "LNT"
[1] "IRM"
[1] "RY4C.IR"
[1] "LPLA"
[1] "ATH"
[1] "CLF"
[1] "L"
[1] "TFX"
[1] "STLD"
[1] "FWONA"
[1] "FWONK"
[1] "ZNH"
[1] "DRI"
[1] "ACC"
[1] "SSL"
[1] "CE"
[1] "WPC"
[1] "ALUP11.SA"
[1] "SUZ"
[1] "NLOK"
[1] "SJR"
[1] "ROKU"
[1] "XM"
[1] "IEP"
[1] "ICL"
[1] "XYL"
[1] "CCO.TO"
[1] "VEDL"
[1] "CRL"
[1] "CG"
[1] "BMRN"
[1] "PINS"
[1] "AA"
[1] "ELS"
[1] "KRX.IR"
[1] "PLUG"
[1] "SJM"
[1] "KIM"
[1] "CA.PA"
[1] "ALPA4.SA"
[1] "CNP.PA"
[1] "ETSY"
[1] "ZEN"
[1] "IEX"
[1] "CCK"
[1] "LDOS"
[1] "EQT"
[1] "WDC"
[1] "CZR"
[1] "WLK"
[1] "TXT"
[1] "ENTG"
[1] "NVR"
[1] "PKG"
[1] "ASX"
[1] "OTEX.TO"
[1] "AVY"
[1] "JKHY"
[1] "TPX-B.TO"
[1] "HWM"
[1] "APA"
[1] "ALLY"
[1] "SNN"
[1] "EBR"
[1] "EBR-B"
[1] "TCOM"
[1] "WPP"
[1] "DPZ"
[1] "GFL.TO"
[1] "EMN"
[1] "NICE"
[1] "IVN.TO"
[1] "LU"
[1] "CPB"
[1] "UAL"
[1] "GDDY"
[1] "BURL"
[1] "ABMD"
[1] "ADP.PA"
[1] "GFI"
[1] "GBLB.BR"
[1] "PUB.PA"
[1] "AAP"
[1] "LBTYK"
[1] "LBTYA"
[1] "IPG"
[1] "HNP"
[1] "JHX"
[1] "AQN.TO"
[1] "CNA"
[1] "CAR"
[1] "BEN"
[1] "BOL.PA"
[1] "KL.TO"
[1] "ACH"
[1] "AM.PA"
[1] "CHRW"
[1] "LKQ"
[1] "VTRS"
[1] "WOLF"
[1] "NI"
[1] "WTRG"
[1] "OVV"
[1] "NDSN"
[1] "CTXS"
[1] "HST"
[1] "SC"
[1] "SEV.PA"
[1] "KN.PA"
[1] "FFIV"
[1] "SAP.TO"
[1] "CSL"
[1] "WRK"
[1] "FHN"
[1] "DT"
[1] "REXR"
[1] "CGNX"
[1] "NWSA"
[1] "QRVO"
[1] "HSIC"
[1] "AFG"
[1] "DISCB"
[1] "DISCK"
[1] "DISCA"
[1] "CBOE"
[1] "FNF"
[1] "RHI"
[1] "MPW"
[1] "CUBE"
[1] "ELAN"
[1] "SBSW"
[1] "DIDI"
[1] "VIV.PA"
[1] "NMR"
[1] "CTC.TO"
[1] "CTC-A.TO"
[1] "CCJ"
[1] "Z"
[1] "ZG"
[1] "LSI"
[1] "ENIA"
[1] "BSY"
[1] "A17U.SI"
[1] "REG"
[1] "AMUN.PA"
[1] "EMP-A.TO"
[1] "ARX.TO"
[1] "EDEN.PA"
[1] "W"
[1] "DAR"
[1] "AER"
[1] "LOGI"
[1] "NVEI.TO"
[1] "EQH"
[1] "IHG"
[1] "MAS"
[1] "PTC"
[1] "CONE"
[1] "BAP"
[1] "CHK"
[1] "BAH"
[1] "LUMN"
[1] "HAS"
[1] "EN.PA"
[1] "RE"
[1] "VER"
[1] "DVA"
[1] "CMA"
[1] "LYFT"
[1] "EXAS"
[1] "KOF"
[1] "KEP"
[1] "LAMR"
[1] "OTEX"
[1] "TAP"
[1] "MORN"
[1] "GLPI"
[1] "CEA"
[1] "GGG"
[1] "WSO"
[1] "BBWI"
[1] "Y"
[1] "RS"
[1] "CLVT"
[1] "TEVA"
[1] "BVI.PA"
[1] "SNA"
[1] "GME"
[1] "JLL"
[1] "SCI"
[1] "RPM"
[1] "PCTY"
[1] "JNPR"
[1] "LNC"
[1] "SKM"
[1] "AAL"
[1] "UHS"
[1] "GFL"
[1] "AZPN"
[1] "AEG"
[1] "PATH"
[1] "XLRN"
[1] "QGEN"
[1] "BIM.PA"
[1] "WSM"
[1] "UHAL"
[1] "EWBC"
[1] "FICO"
[1] "AIZ"
[1] "TPL"
[1] "BLDR"
[1] "CBAV3.SA"
[1] "AFRM"
[1] "IAM.PA"
[1] "SOF.BR"
[1] "ILD.PA"
[1] "CU.TO"
[1] "CFLT"
[1] "AQN"
[1] "MKTX"
[1] "RNG"
[1] "VST"
[1] "BKI"
[1] "GGB"
[1] "BILI"
[1] "TDOC"
[1] "ACM"
[1] "XRAY"
[1] "ELI.BR"
[1] "SGRE.MC"
[1] "BCH"
[1] "MMP"
[1] "ANA.MC"
[1] "CIB"
[1] "BSAC"
[1] "ARCC"
[1] "BHC.TO"
[1] "CCL-B.TO"
[1] "CAE.TO"
[1] "WHR"
[1] "AR"
[1] "HRC"
[1] "MGP"
[1] "KL"
[1] "IGM.TO"
[1] "AGCO"
[1] "DOX"
[1] "ZNGA"
[1] "GL"
[1] "SW.PA"
[1] "FCNCA"
[1] "PFPT"
[1] "GRFS"
[1] "SEE"
[1] "PHM"
[1] "AAPL"
[1] "MSFT"
[1] "GOOG"
[1] "GOOGL"
[1] "AMZN"
[1] "TSLA"
[1] "BRK-A"
[1] "BRK-B"
[1] "FB"
[1] "NVDA"
[1] "TSM"
[1] "UNH"
[1] "JNJ"
[1] "V"
[1] "WMT"
[1] "JPM"
[1] "PG"
[1] "XOM"
[1] "MA"
[1] "CVX"
[1] "BAC"
[1] "HD"
[1] "MC.PA"
[1] "PFE"
[1] "ABBV"
[1] "LLY"
[1] "BABA"
[1] "KO"
[1] "NVO"
[1] "BHP"
[1] "COST"
[1] "ASML"
[1] "ABEV3.SA"
[1] "PEP"
[1] "DIS"
[1] "AVGO"
[1] "TM"
[1] "TMO"
[1] "VZ"
[1] "CSCO"
[1] "MRK"
[1] "AZN"
[1] "CMCSA"
[1] "ORCL"
[1] "ABT"
[1] "NVS"
[1] "DHR"
[1] "ACN"
[1] "ADBE"
[1] "MRK.PA"
[1] "NKE"
[1] "RDS-B"
[1] "RDS-A"
[1] "RY.TO"
[1] "CRM"
[1] "OR.PA"
[1] "INTC"
[1] "WFC"
[1] "MCD"
[1] "TD.TO"
[1] "RDSA.AS"
[1] "NEE"
[1] "UPS"
[1] "TMUS"
[1] "BMY"
[1] "BBL"
[1] "LIN"
[1] "TXN"
[1] "AMD"
[1] "PM"
[1] "RY"
[1] "SCHW"
[1] "NFLX"
[1] "QCOM"
[1] "UNP"
[1] "RTX"
[1] "MDT"
[1] "MS"
[1] "PTR"
[1] "SNY"
[1] "SPGI"
[1] "T"
[1] "TD"
[1] "CVS"
[1] "BX"
[1] "LOW"
[1] "AXP"
[1] "AMGN"
[1] "INTU"
[1] "RMS.PA"
[1] "TTE"
[1] "RIO"
[1] "HON"
[1] "SAN.PA"
[1] "DE"
[1] "PYPL"
[1] "SAP"
[1] "COP"
[1] "LMT"
[1] "ANTM"
[1] "PLD"
[1] "AMT"
[1] "DEO"
[1] "EQNR"
[1] "TTE.PA"
[1] "BUD"
[1] "UL"
[1] "GSK"
[1] "ENB.TO"
[1] "CAT"
[1] "SONY"
[1] "HDB"
[1] "IBM"
[1] "BLK"
[1] "CNR.TO"
[1] "DGE.PA"
[1] "GS"
[1] "ABI.BR"
[1] "BAM-A.TO"
[1] "CHTR"
[1] "CATR.PA"
[1] "CDI.PA"
[1] "TGT"
Warning message:
package 'tidyr' was built under R version 4.0.5 

Attaching package: 'dplyr'

The following objects are masked from 'package:stats':

    filter, lag

The following objects are masked from 'package:base':

    intersect, setdiff, setequal, union

Warning message:
package 'dplyr' was built under R version 4.0.5 
Loading required package: httr
[1] "KICK-OFF:  2022-04-15 09:12:09"
Your original .Renviron will be backed up and stored in your R HOME directory if needed.
Your API key has been stored in your .Renviron file and can be accessed by `Sys.getenv('FMP_API_KEY')`
To use now, restart R or run `readRenviron('~/.Renviron')`
[1] "ce687b3fe0554890e65d6a5e48f601f9"
[1] "AAPL"
[1] "MSFT"
[1] "GOOG"
[1] "GOOGL"
[1] "AMZN"
[1] "TSLA"
[1] "BRK-A"
[1] "BRK-B"
[1] "FB"
[1] "NVDA"
[1] "TSM"
[1] "UNH"
[1] "JNJ"
[1] "V"
[1] "WMT"
[1] "JPM"
[1] "PG"
[1] "XOM"
[1] "MA"
[1] "CVX"
[1] "BAC"
[1] "HD"
[1] "MC.PA"
[1] "PFE"
[1] "ABBV"
[1] "LLY"
[1] "BABA"
[1] "KO"
[1] "NVO"
[1] "BHP"
[1] "COST"
[1] "ASML"
[1] "ABEV3.SA"
[1] "PEP"
[1] "DIS"
[1] "AVGO"
[1] "TM"
[1] "TMO"
[1] "VZ"
[1] "CSCO"
[1] "MRK"
[1] "AZN"
[1] "CMCSA"
[1] "ORCL"
[1] "ABT"
[1] "NVS"
[1] "DHR"
[1] "ACN"
[1] "ADBE"
[1] "MRK.PA"
[1] "NKE"
[1] "RDS-B"
[1] "RDS-A"
[1] "RY.TO"
[1] "CRM"
[1] "OR.PA"
[1] "INTC"
[1] "WFC"
[1] "MCD"
[1] "TD.TO"
[1] "RDSA.AS"
[1] "NEE"
[1] "UPS"
[1] "TMUS"
[1] "BMY"
[1] "BBL"
[1] "LIN"
[1] "TXN"
[1] "AMD"
[1] "PM"
[1] "RY"
[1] "SCHW"
[1] "NFLX"
[1] "QCOM"
[1] "UNP"
[1] "RTX"
[1] "MDT"
[1] "MS"
[1] "PTR"
[1] "SNY"
[1] "SPGI"
[1] "T"
[1] "TD"
[1] "CVS"
[1] "BX"
[1] "LOW"
[1] "AXP"
[1] "AMGN"
[1] "INTU"
[1] "RMS.PA"
[1] "TTE"
[1] "RIO"
[1] "HON"
[1] "SAN.PA"
[1] "DE"
[1] "PYPL"
[1] "SAP"
[1] "COP"
[1] "LMT"
[1] "ANTM"
[1] "PLD"
[1] "AMT"
[1] "DEO"
[1] "EQNR"
[1] "TTE.PA"
[1] "BUD"
[1] "UL"
[1] "GSK"
[1] "ENB.TO"
[1] "CAT"
[1] "SONY"
[1] "HDB"
[1] "IBM"
[1] "BLK"
[1] "CNR.TO"
[1] "DGE.PA"
[1] "GS"
[1] "ABI.BR"
[1] "BAM-A.TO"
[1] "CHTR"
[1] "CATR.PA"
[1] "CDI.PA"
[1] "TGT"
[1] "BNS.TO"
[1] "ISRG"
[1] "BA"
[1] "ABNB"
[1] "AMAT"
[1] "NOW"
[1] "PBR"
[1] "JD"
[1] "C"
[1] "SYK"
[1] "VALE"
[1] "GE"
[1] "MO"
[1] "LFC"
[1] "SHOP.TO"
[1] "BTI"
[1] "INFY"
[1] "BMO.TO"
[1] "BP"
[1] "ADP"
[1] "EL"
[1] "ENB"
[1] "SBUX"
[1] "CNQ.TO"
[1] "CB"
[1] "ZTS"
[1] "B3SA3.SA"
[1] "GNE.PA"
[1] "BKNG"
[1] "DUK"
[1] "CP.TO"
[1] "MDLZ"
[1] "CNI"
[1] "MMC"
[1] "CME"
[1] "BAM"
[1] "MMM"
[1] "CCI"
[1] "BNS"
[1] "AIR.PA"
[1] "ADI"
[1] "CI"
[1] "PBR-A"
[1] "MU"
[1] "SO"
[1] "REGN"
[1] "SU.PA"
[1] "HCA"
[1] "GILD"
[1] "SHOP"
[1] "BMO"
[1] "PNC"
[1] "SNP"
[1] "EW"
[1] "BDX"
[1] "USB"
[1] "AI.PA"
[1] "MUFG"
[1] "NTR.TO"
[1] "CSX"
[1] "CNQ"
[1] "TJX"
[1] "NOC"
[1] "FMX"
[1] "VRTX"
[1] "ICE"
[1] "SQ"
[1] "AON"
[1] "TFC"
[1] "TRP.TO"
[1] "EOG"
[1] "EL.PA"
[1] "D"
[1] "AMX"
[1] "PSA"
[1] "CP"
[1] "EQIX"
[1] "FCX"
[1] "PGR"
[1] "TEAM"
[1] "IBN"
[1] "WM"
[1] "SHW"
[1] "GD"
[1] "CL"
[1] "NSC"
[1] "BCE.TO"
[1] "LRCX"
[1] "TRI.TO"
[1] "CM.TO"
[1] "SNOW"
[1] "KER.PA"
[1] "FISV"
[1] "MRNA"
[1] "NEM"
[1] "NTES"
[1] "SE"
[1] "UBS"
[1] "BSX"
[1] "CS.PA"
[1] "UBER"
[1] "ITW"
[1] "FIS"
[1] "MCO"
[1] "ATVI"
[1] "RELX"
[1] "PXD"
[1] "F"
[1] "ABB"
[1] "BNP.PA"
[1] "ATD.TO"
[1] "PANW"
[1] "NTR"
[1] "GM"
[1] "SLB"
[1] "MET"
[1] "SAN"
[1] "SU.TO"
[1] "NGG"
[1] "BSBR"
[1] "EPD"
[1] "HUM"
[1] "ABX.TO"
[1] "WDAY"
[1] "SCCO"
[1] "ETN"
[1] "MELI"
[1] "TRP"
[1] "CCZ"
[1] "SNAP"
[1] "APD"
[1] "EMR"
[1] "ILMN"
[1] "DG"
[1] "ITUB"
[1] "SLB.PA"
[1] "OXY"
[1] "SAN.MC"
[1] "MRVL"
[1] "COF"
[1] "DSY.PA"
[1] "KDP"
[1] "CEO"
[1] "ADM"
[1] "MAR"
[1] "SRE"
[1] "E"
[1] "BCE"
[1] "PDD"
[1] "FDX"
[1] "ATD-B.TO"
[1] "FTNT"
[1] "TRI"
[1] "CM"
[1] "ABEV"
[1] "MFC.TO"
[1] "WBK"
[1] "AEP"
[1] "ECL"
[1] "CNC"
[1] "RI.PA"
[1] "DG.PA"
[1] "ROP"
[1] "KHC"
[1] "AIG"
[1] "CRWD"
[1] "KLAC"
[1] "LHX"
[1] "PAYX"
[1] "VOD"
[1] "DXCM"
[1] "XLNX"
[1] "MCK"
[1] "ORLY"
[1] "KKR"
[1] "SPG"
[1] "STLA"
[1] "SNPS"
[1] "MPC"
[1] "EXC"
[1] "BIDU"
[1] "LULU"
[1] "STZ"
[1] "VMW"
[1] "WCN.TO"
[1] "T.TO"
[1] "IQV"
[1] "SU"
[1] "IDXX"
[1] "HSY"
[1] "TAK"
[1] "CTSH"
[1] "DOW"
[1] "CSU.TO"
[1] "GOLD"
[1] "HMC"
[1] "TRV"
[1] "JCI"
[1] "WELL"
[1] "ADSK"
[1] "KR"
[1] "PRU"
[1] "KMI"
[1] "MNST"
[1] "NXPI"
[1] "CTVA"
[1] "SAF.PA"
[1] "INFO"
[1] "CMG"
[1] "SYY"
[1] "APH"
[1] "RSG"
[1] "AZO"
[1] "CDNS"
[1] "CTAS"
[1] "O"
[1] "KMB"
[1] "SMFG"
[1] "GIS"
[1] "DDOG"
[1] "IMO.TO"
[1] "AFL"
[1] "DLR"
[1] "BNTX"
[1] "WMB"
[1] "CVE.TO"
[1] "VLO"
[1] "MFC"
[1] "WIT"
[1] "NUE"
[1] "SLF.TO"
[1] "LYG"
[1] "RACE"
[1] "XEL"
[1] "ALXN"
[1] "COIN"
[1] "HPQ"
[1] "HLT"
[1] "TEL"
[1] "FNV.TO"
[1] "DVN"
[1] "ALL"
[1] "PSX"
[1] "BAX"
[1] "BKR"
[1] "MSCI"
[1] "L.TO"
[1] "ALC"
[1] "A"
[1] "ANET"
[1] "MSI"
[1] "SBAC"
[1] "BK"
[1] "EC"
[1] "ING"
[1] "AJG"
[1] "WBA"
[1] "GPN"
[1] "TWTR"
[1] "RCI-B.TO"
[1] "DLTR"
[1] "WCN"
[1] "TU"
[1] "AEM.TO"
[1] "MCHP"
[1] "DASH"
[1] "CARR"
[1] "PEG"
[1] "HAL"
[1] "LCID"
[1] "DELL"
[1] "NET"
[1] "LNG"
[1] "RMD"
[1] "TDG"
[1] "DD"
[1] "EQR"
[1] "ROST"
[1] "BBVA"
[1] "VRSK"
[1] "RIVN"
[1] "PH"
[1] "EA"
[1] "GWO.TO"
[1] "HES"
[1] "TT"
[1] "AVB"
[1] "STM"
[1] "NU"
[1] "CHT"
[1] "MPLX"
[1] "ED"
[1] "APO"
[1] "YUM"
[1] "ET"
[1] "QSR.TO"
[1] "ABC"
[1] "TSN"
[1] "IMO"
[1] "FAST"
[1] "LYB"
[1] "BN.PA"
[1] "CVE"
[1] "NIO"
[1] "WEC"
[1] "DIM.PA"
[1] "ZM"
[1] "TROW"
[1] "TTD"
[1] "ERIC"
[1] "BBVA.MC"
[1] "SLF"
[1] "OTIS"
[1] "IFC.TO"
[1] "EBAY"
[1] "ALGN"
[1] "CAP.PA"
[1] "AMP"
[1] "ORAN"
[1] "NA.TO"
[1] "BF-B"
[1] "BCS"
[1] "IFF"
[1] "FNV"
[1] "ARE"
[1] "BEP-UN.TO"
[1] "ZS"
[1] "TLK"
[1] "ES"
[1] "TW"
[1] "MFG"
[1] "MTD"
[1] "OKE"
[1] "DFS"
[1] "STM.PA"
[1] "PPG"
[1] "BIIB"
[1] "UDR"
[1] "ROK"
[1] "FTS.TO"
[1] "EDF.PA"
[1] "AWK"
[1] "STT"
[1] "NOK"
[1] "SIVB"
[1] "CRH"
[1] "CPNG"
[1] "VEEV"
[1] "ACA.PA"
[1] "AME"
[1] "NDAQ"
[1] "ODFL"
[1] "RCI"
[1] "EXR"
[1] "WST"
[1] "MTB"
[1] "ORA.PA"
[1] "TEF"
[1] "APTV"
[1] "CPRT"
[1] "WY"
[1] "AEM"
[1] "HRL"
[1] "WLTW"
[1] "PCAR"
[1] "CBRE"
[1] "GLW"
[1] "FRC"
[1] "WPM.TO"
[1] "MT"
[1] "BLL"
[1] "NTGY.MC"
[1] "WTW"
[1] "RPRX"
[1] "FITB"
[1] "MDB"
[1] "MXIM"
[1] "TEF.MC"
[1] "ENGI.PA"
[1] "EXPE"
[1] "NOKIA.PA"
[1] "MTCH"
[1] "FM.TO"
[1] "EFX"
[1] "CMI"
[1] "CQP"
[1] "EIX"
[1] "MKC"
[1] "CERN"
[1] "LI"
[1] "SGO.PA"
[1] "QSR"
[1] "IBKR"
[1] "PPL.TO"
[1] "SPOT"
[1] "KEYS"
[1] "TECK-B.TO"
[1] "LVS"
[1] "FE"
[1] "MOS"
[1] "KSU"
[1] "U"
[1] "POW.TO"
[1] "ZBH"
[1] "SGEN"
[1] "PHG"
[1] "WORK"
[1] "DTE"
[1] "GWW"
[1] "HO.PA"
[1] "TWLO"
[1] "TSCO"
[1] "ENPH"
[1] "KBC.BR"
[1] "RBLX"
[1] "HZNP"
[1] "LH"
[1] "SIRI"
[1] "PLTR"
[1] "ANSS"
[1] "DHI"
[1] "MAA"
[1] "LUV"
[1] "AMER3.SA"
[1] "CHD"
[1] "AMS.MC"
[1] "CSGP"
[1] "INVH"
[1] "CAJ"
[1] "BEP"
[1] "AEE"
[1] "GIB-A.TO"
[1] "ETR"
[1] "DB"
[1] "STE"
[1] "HIG"
[1] "DAL"
[1] "FTS"
[1] "VTR"
[1] "LYV"
[1] "PCG"
[1] "ALB"
[1] "FANG"
[1] "NTRS"
[1] "GMAB"
[1] "XPEV"
[1] "IT"
[1] "CDW"
[1] "WN.TO"
[1] "VRSN"
[1] "VMC"
[1] "LBRDA"
[1] "LBRDK"
[1] "CTRA"
[1] "SQM"
[1] "ESS"
[1] "MLM"
[1] "SWK"
[1] "K"
[1] "ZI"
[1] "ON"
[1] "URI"
[1] "MG.TO"
[1] "OKTA"
[1] "DRE"
[1] "CF"
[1] "ARES"
[1] "WPM"
[1] "TTM"
[1] "RJF"
[1] "AENA.MC"
[1] "CLR"
[1] "LEN-B"
[1] "LEN"
[1] "TDY"
[1] "IX"
[1] "CINF"
[1] "CCL"
[1] "DOV"
[1] "CCEP"
[1] "SUI"
[1] "LR.PA"
[1] "HUBS"
[1] "ZBRA"
[1] "TOTS3.SA"
[1] "DOL.TO"
[1] "ASAI3.SA"
[1] "GRMN"
[1] "VFC"
[1] "UCB.BR"
[1] "PBA"
[1] "SPLK"
[1] "TECK"
[1] "PPL"
[1] "BEKE"
[1] "BBY"
[1] "LB"
[1] "FTV"
[1] "ULTA"
[1] "UMC"
[1] "H.TO"
[1] "VICI"
[1] "ML.PA"
[1] "FOXA"
[1] "FOX"
[1] "CMS"
[1] "BILL"
[1] "PKI"
[1] "ELP"
[1] "RYAAY"
[1] "CNHI"
[1] "HPE"
[1] "BRO"
[1] "ZTO"
[1] "CNP"
[1] "BIP"
[1] "DOCU"
[1] "ICLR"
[1] "BGNE"
[1] "RCL"
[1] "MKL"
[1] "COO"
[1] "CUK"
[1] "TOU.TO"
[1] "CS"
[1] "HBAN"
[1] "FMS"
[1] "RF"
[1] "MOH"
[1] "GIB"
[1] "SJR-B.TO"
[1] "AVTR"
[1] "TEP.PA"
[1] "RKT"
[1] "SWKS"
[1] "FLT"
[1] "BXP"
[1] "VIAC"
[1] "VIACA"
[1] "KEY"
[1] "CTLT"
[1] "REP.MC"
[1] "HOLX"
[1] "VIV"
[1] "WMG"
[1] "PAYC"
[1] "ALNY"
[1] "KB"
[1] "AKAM"
[1] "PWR"
[1] "CHKP"
[1] "IR"
[1] "VIE.PA"
[1] "CVNA"
[1] "PEAK"
[1] "APP"
[1] "AGR"
[1] "GLE.PA"
[1] "WSP.TO"
[1] "GPC"
[1] "TS"
[1] "STX"
[1] "ERF.PA"
[1] "PFG"
[1] "SYF"
[1] "SSNC"
[1] "J"
[1] "MRO"
[1] "MPWR"
[1] "PKX"
[1] "WAT"
[1] "HEI-A"
[1] "HEI"
[1] "CHWY"
[1] "TRU"
[1] "CLX"
[1] "ACGL"
[1] "JBHT"
[1] "MGA"
[1] "BR"
[1] "INCY"
[1] "WRB"
[1] "NUAN"
[1] "PODD"
[1] "BIO"
[1] "TRMB"
[1] "AMCR"
[1] "GNRC"
[1] "MRU.TO"
[1] "CFG"
[1] "ROL"
[1] "IP"
[1] "UI"
[1] "EPAM"
[1] "ACI"
[1] "BPY"
[1] "TER"
[1] "TRGP"
[1] "YUMC"
[1] "MGM"
[1] "FMC"
[1] "CPT"
[1] "NTAP"
[1] "TYL"
[1] "SHG"
[1] "LSXMA"
[1] "LSXMK"
[1] "LSXMB"
[1] "DISH"
[1] "CAH"
[1] "SBNY"
[1] "EMA.TO"
[1] "FFH.TO"
[1] "CAG"
[1] "BG"
[1] "KMX"
[1] "POOL"
[1] "PPD"
[1] "TECH"
[1] "XP"
[1] "SEDG"
[1] "AES"
[1] "DGX"
[1] "WAB"
[1] "EXPD"
[1] "FDS"
[1] "ATO"
[1] "OVV.TO"
[1] "ARGX.BR"
[1] "TTWO"
[1] "AMH"
[1] "EVRG"
[1] "OMC"
[1] "LNT"
[1] "IRM"
[1] "RY4C.IR"
[1] "LPLA"
[1] "ATH"
[1] "CLF"
[1] "L"
[1] "TFX"
[1] "STLD"
[1] "FWONA"
[1] "FWONK"
[1] "ZNH"
[1] "DRI"
[1] "ACC"
[1] "SSL"
[1] "CE"
[1] "WPC"
[1] "ALUP11.SA"
[1] "SUZ"
[1] "NLOK"
[1] "SJR"
[1] "ROKU"
[1] "XM"
[1] "IEP"
[1] "ICL"
[1] "XYL"
[1] "CCO.TO"
[1] "VEDL"
[1] "CRL"
[1] "CG"
[1] "BMRN"
[1] "PINS"
[1] "AA"
[1] "ELS"
[1] "KRX.IR"
[1] "PLUG"
[1] "SJM"
[1] "KIM"
[1] "CA.PA"
[1] "ALPA4.SA"
[1] "CNP.PA"
[1] "ETSY"
[1] "ZEN"
[1] "IEX"
[1] "CCK"
[1] "LDOS"
[1] "EQT"
[1] "WDC"
[1] "CZR"
[1] "WLK"
[1] "TXT"
[1] "ENTG"
[1] "NVR"
[1] "PKG"
[1] "ASX"
[1] "OTEX.TO"
[1] "AVY"
[1] "JKHY"
[1] "TPX-B.TO"
[1] "HWM"
[1] "APA"
[1] "ALLY"
[1] "SNN"
[1] "EBR"
[1] "EBR-B"
[1] "TCOM"
[1] "WPP"
[1] "DPZ"
[1] "GFL.TO"
[1] "EMN"
[1] "NICE"
[1] "IVN.TO"
[1] "LU"
[1] "CPB"
[1] "UAL"
[1] "GDDY"
[1] "BURL"
[1] "ABMD"
[1] "ADP.PA"
[1] "GFI"
[1] "GBLB.BR"
[1] "PUB.PA"
[1] "AAP"
[1] "LBTYK"
[1] "LBTYA"
[1] "IPG"
[1] "HNP"
[1] "JHX"
[1] "AQN.TO"
[1] "CNA"
[1] "CAR"
[1] "BEN"
[1] "BOL.PA"
[1] "KL.TO"
[1] "ACH"
[1] "AM.PA"
[1] "CHRW"
[1] "LKQ"
[1] "VTRS"
[1] "WOLF"
[1] "NI"
[1] "WTRG"
[1] "OVV"
[1] "NDSN"
[1] "CTXS"
[1] "HST"
[1] "SC"
[1] "SEV.PA"
[1] "KN.PA"
[1] "FFIV"
[1] "SAP.TO"
[1] "CSL"
[1] "WRK"
[1] "FHN"
[1] "DT"
[1] "REXR"
[1] "CGNX"
[1] "NWSA"
[1] "QRVO"
[1] "HSIC"
[1] "AFG"
[1] "DISCB"
[1] "DISCK"
[1] "DISCA"
[1] "CBOE"
[1] "FNF"
[1] "RHI"
[1] "MPW"
[1] "CUBE"
[1] "ELAN"
[1] "SBSW"
[1] "DIDI"
[1] "VIV.PA"
[1] "NMR"
[1] "CTC.TO"
[1] "CTC-A.TO"
[1] "CCJ"
[1] "Z"
[1] "ZG"
[1] "LSI"
[1] "ENIA"
[1] "BSY"
[1] "A17U.SI"
[1] "REG"
[1] "AMUN.PA"
[1] "EMP-A.TO"
[1] "ARX.TO"
[1] "EDEN.PA"
[1] "W"
[1] "DAR"
[1] "AER"
[1] "LOGI"
[1] "NVEI.TO"
[1] "EQH"
[1] "IHG"
[1] "MAS"
[1] "PTC"
[1] "CONE"
[1] "BAP"
[1] "CHK"
[1] "BAH"
[1] "LUMN"
[1] "HAS"
[1] "EN.PA"
[1] "RE"
[1] "VER"
[1] "DVA"
[1] "CMA"
[1] "LYFT"
[1] "EXAS"
[1] "KOF"
[1] "KEP"
[1] "LAMR"
[1] "OTEX"
[1] "TAP"
[1] "MORN"
[1] "GLPI"
[1] "CEA"
[1] "GGG"
[1] "WSO"
[1] "BBWI"
[1] "Y"
[1] "RS"
[1] "CLVT"
[1] "TEVA"
[1] "BVI.PA"
[1] "SNA"
[1] "GME"
[1] "JLL"
[1] "SCI"
[1] "RPM"
[1] "PCTY"
[1] "JNPR"
[1] "LNC"
[1] "SKM"
[1] "AAL"
[1] "UHS"
[1] "GFL"
[1] "AZPN"
[1] "AEG"
[1] "PATH"
[1] "XLRN"
[1] "QGEN"
[1] "BIM.PA"
[1] "WSM"
[1] "UHAL"
[1] "EWBC"
[1] "FICO"
[1] "AIZ"
[1] "TPL"
[1] "BLDR"
[1] "CBAV3.SA"
[1] "AFRM"
[1] "IAM.PA"
[1] "SOF.BR"
[1] "ILD.PA"
[1] "CU.TO"
[1] "CFLT"
[1] "AQN"
[1] "MKTX"
[1] "RNG"
[1] "VST"
[1] "BKI"
[1] "GGB"
[1] "BILI"
[1] "TDOC"
[1] "ACM"
[1] "XRAY"
[1] "ELI.BR"
[1] "SGRE.MC"
[1] "BCH"
[1] "MMP"
[1] "ANA.MC"
[1] "CIB"
[1] "BSAC"
[1] "ARCC"
[1] "BHC.TO"
[1] "CCL-B.TO"
[1] "CAE.TO"
[1] "WHR"
[1] "AR"
[1] "HRC"
[1] "MGP"
[1] "KL"
[1] "IGM.TO"
[1] "AGCO"
[1] "DOX"
[1] "ZNGA"
[1] "GL"
[1] "SW.PA"
[1] "FCNCA"
[1] "PFPT"
[1] "GRFS"
[1] "SEE"
[1] "PHM"
[1] "AAPL"
[1] "MSFT"
[1] "GOOG"
[1] "GOOGL"
[1] "AMZN"
[1] "TSLA"
[1] "BRK-A"
[1] "BRK-B"
[1] "FB"
[1] "NVDA"
[1] "TSM"
[1] "UNH"
[1] "JNJ"
[1] "V"
[1] "WMT"
[1] "JPM"
[1] "PG"
[1] "XOM"
[1] "MA"
[1] "CVX"
[1] "BAC"
[1] "HD"
[1] "MC.PA"
[1] "PFE"
[1] "ABBV"
[1] "LLY"
[1] "BABA"
[1] "KO"
[1] "NVO"
[1] "BHP"
[1] "COST"
[1] "ASML"
[1] "ABEV3.SA"
[1] "PEP"
[1] "DIS"
[1] "AVGO"
[1] "TM"
[1] "TMO"
[1] "VZ"
[1] "CSCO"
[1] "MRK"
[1] "AZN"
[1] "CMCSA"
[1] "ORCL"
[1] "ABT"
[1] "NVS"
[1] "DHR"
[1] "ACN"
[1] "ADBE"
[1] "MRK.PA"
[1] "NKE"
[1] "RDS-B"
[1] "RDS-A"
[1] "RY.TO"
[1] "CRM"
[1] "OR.PA"
[1] "INTC"
[1] "WFC"
[1] "MCD"
[1] "TD.TO"
[1] "RDSA.AS"
[1] "NEE"
[1] "UPS"
[1] "TMUS"
[1] "BMY"
[1] "BBL"
[1] "LIN"
[1] "TXN"
[1] "AMD"
[1] "PM"
[1] "RY"
[1] "SCHW"
[1] "NFLX"
[1] "QCOM"
[1] "UNP"
[1] "RTX"
[1] "MDT"
[1] "MS"
[1] "PTR"
[1] "SNY"
[1] "SPGI"
[1] "T"
[1] "TD"
[1] "CVS"
[1] "BX"
[1] "LOW"
[1] "AXP"
[1] "AMGN"
[1] "INTU"
[1] "RMS.PA"
[1] "TTE"
[1] "RIO"
[1] "HON"
[1] "SAN.PA"
[1] "DE"
[1] "PYPL"
[1] "SAP"
[1] "COP"
[1] "LMT"
[1] "ANTM"
[1] "PLD"
[1] "AMT"
[1] "DEO"
[1] "EQNR"
[1] "TTE.PA"
[1] "BUD"
[1] "UL"
[1] "GSK"
[1] "ENB.TO"
[1] "CAT"
[1] "SONY"
[1] "HDB"
[1] "IBM"
[1] "BLK"
[1] "CNR.TO"
[1] "DGE.PA"
[1] "GS"
[1] "ABI.BR"
[1] "BAM-A.TO"
[1] "CHTR"
[1] "CATR.PA"
[1] "CDI.PA"
[1] "TGT"
[1] "BNS.TO"
[1] "ISRG"
[1] "BA"
[1] "ABNB"
[1] "AMAT"
[1] "NOW"
[1] "PBR"
[1] "JD"
[1] "C"
[1] "SYK"
[1] "VALE"
[1] "GE"
[1] "MO"
[1] "LFC"
[1] "SHOP.TO"
[1] "BTI"
[1] "INFY"
[1] "BMO.TO"
[1] "BP"
[1] "ADP"
[1] "EL"
[1] "ENB"
[1] "SBUX"
[1] "CNQ.TO"
[1] "CB"
[1] "ZTS"
[1] "B3SA3.SA"
[1] "GNE.PA"
[1] "BKNG"
[1] "DUK"
[1] "CP.TO"
[1] "MDLZ"
[1] "CNI"
[1] "MMC"
[1] "CME"
[1] "BAM"
[1] "MMM"
[1] "CCI"
[1] "BNS"
[1] "AIR.PA"
[1] "ADI"
[1] "CI"
[1] "PBR-A"
[1] "MU"
[1] "SO"
[1] "REGN"
[1] "SU.PA"
[1] "HCA"
[1] "GILD"
[1] "SHOP"
[1] "BMO"
[1] "PNC"
[1] "SNP"
[1] "EW"
[1] "BDX"
[1] "USB"
[1] "AI.PA"
[1] "MUFG"
[1] "NTR.TO"
[1] "CSX"
[1] "CNQ"
[1] "TJX"
[1] "NOC"
[1] "FMX"
[1] "VRTX"
[1] "ICE"
[1] "SQ"
[1] "AON"
[1] "TFC"
[1] "TRP.TO"
[1] "EOG"
[1] "EL.PA"
[1] "D"
[1] "AMX"
[1] "PSA"
[1] "CP"
[1] "EQIX"
[1] "FCX"
[1] "PGR"
[1] "TEAM"
[1] "IBN"
[1] "WM"
[1] "SHW"
[1] "GD"
[1] "CL"
[1] "NSC"
[1] "BCE.TO"
[1] "LRCX"
[1] "TRI.TO"
[1] "CM.TO"
[1] "SNOW"
[1] "KER.PA"
[1] "FISV"
[1] "MRNA"
[1] "NEM"
[1] "NTES"
[1] "SE"
[1] "UBS"
[1] "BSX"
[1] "CS.PA"
[1] "UBER"
[1] "ITW"
[1] "FIS"
[1] "MCO"
[1] "ATVI"
[1] "RELX"
[1] "PXD"
[1] "F"
[1] "ABB"
[1] "BNP.PA"
[1] "ATD.TO"
[1] "PANW"
[1] "NTR"
[1] "GM"
[1] "SLB"
[1] "MET"
[1] "SAN"
[1] "SU.TO"
[1] "NGG"
[1] "BSBR"
[1] "EPD"
[1] "HUM"
[1] "ABX.TO"
[1] "WDAY"
[1] "SCCO"
[1] "ETN"
[1] "MELI"
[1] "TRP"
[1] "CCZ"
[1] "SNAP"
[1] "APD"
[1] "EMR"
[1] "ILMN"
[1] "DG"
[1] "ITUB"
[1] "SLB.PA"
[1] "OXY"
[1] "SAN.MC"
[1] "MRVL"
[1] "COF"
[1] "DSY.PA"
[1] "KDP"
[1] "CEO"
[1] "ADM"
[1] "MAR"
[1] "SRE"
[1] "E"
[1] "BCE"
[1] "PDD"
[1] "FDX"
[1] "ATD-B.TO"
[1] "FTNT"
[1] "TRI"
[1] "CM"
[1] "ABEV"
[1] "MFC.TO"
[1] "WBK"
[1] "AEP"
[1] "ECL"
[1] "CNC"
[1] "RI.PA"
[1] "DG.PA"
[1] "ROP"
[1] "KHC"
[1] "AIG"
[1] "CRWD"
[1] "KLAC"
[1] "LHX"
[1] "PAYX"
[1] "VOD"
